temp_train_mnf.py --batch-size 64 --epochs 1000 -lr 0.001 --dataset ushcn --n-gaussians 3 --flayers 3 --n-heads 4 --encoder grafiti --enc-layers 4 --n-hidden 128 -ct 36 -ft 0 --fold 0
2025-11-17 14:36:06,944 - INFO - Arguments: Namespace(epochs=1000, batch_size=64, val_batch_size=50, learn_rate=0.001, betas=[0.9, 0.999], weight_decay=0.001, seed=260124799, flayers=3, n_gaussians=3, n_heads=4, encoder='grafiti', enc_layers=4, n_hiddens=128, dataset='ushcn', forc_time=0, cond_time=36, nfolds=5, fold=0, bounds=20, num_bins=16, output_dir='saved_models', patience=30, scheduler_patience=10)
2025-11-17 14:36:06,944 - INFO - Starting training with experiment ID: 6566944
2025-11-17 14:36:06,944 - INFO - Using device: cuda
2025-11-17 14:36:06,973 - INFO - Available Models: {'GRU-ODE-Bayes', 'NODE', 'Latent-ODE', 'ODE-RNN', 'BRITS', 'TFT', 'IP-Net', 'Informer', 'N-BEATS', 'TPA', 'NCDE', 'SET-TS', 'M-RNN', 'mTAN'}
2025-11-17 14:36:06,973 - INFO - Available Datasets: {'MuJoCo', 'Electricity', 'Character Trajectories', 'Traffic', 'M3', 'Physionet 2012', 'Air Quality Multi-Site', 'tourism2', 'USHCN', 'Physionet 2019', 'UWAVE', 'M5', 'Air Quality', 'tourism1', 'Human Activity', 'Household Consumption', 'M4'}
2025-11-17 14:36:07,099 - INFO - Note: detected 80 virtual cores but NumExpr set to maximum of 64, check "NUMEXPR_MAX_THREADS" environment variable.
2025-11-17 14:36:07,099 - INFO - Note: NumExpr detected 80 cores but "NUMEXPR_MAX_THREADS" not set, so enforcing safe limit of 8.
2025-11-17 14:36:07,099 - INFO - NumExpr defaulting to 8 threads.
2025-11-17 14:36:08,474 - WARNING - usetex mode requires TeX.
2025-11-17 14:36:08,602 - INFO - File 'USHCN_DeBrouwer2019.parquet' validated successfully 'filehash='9d6011771a0001d53a8a083b5df7a005ff7808a2c2d1c6396c3fcbf43aa46994''.
2025-11-17 14:36:08,773 - INFO - File 'USHCN_DeBrouwer2019.parquet' validated successfully 'filehash='9d6011771a0001d53a8a083b5df7a005ff7808a2c2d1c6396c3fcbf43aa46994''.
2025-11-17 14:36:10,115 - INFO - Model initialized with 1080127 parameters
=================================================================
Layer (type:depth-idx)                   Param #
=================================================================
Moses                                    --
├─ModuleList: 1-1                        --
│    └─RationalLinearSplineFlow: 2-1     --
│    │    └─Linear: 3-1                  2,064
│    │    └─Linear: 3-2                  2,064
│    │    └─Linear: 3-3                  1,935
│    │    └─Linear: 3-4                  2,064
│    └─RationalLinearSplineFlow: 2-2     --
│    │    └─Linear: 3-5                  2,064
│    │    └─Linear: 3-6                  2,064
│    │    └─Linear: 3-7                  1,935
│    │    └─Linear: 3-8                  2,064
│    └─RationalLinearSplineFlow: 2-3     --
│    │    └─Linear: 3-9                  2,064
│    │    └─Linear: 3-10                 2,064
│    │    └─Linear: 3-11                 1,935
│    │    └─Linear: 3-12                 2,064
├─MultiGaussian: 1-2                     --
│    └─Linear: 2-4                       129
│    └─Linear: 2-5                       16,512
├─MixtureWeights: 1-3                    384
│    └─Linear: 2-6                       129
├─GraFITi: 1-4                           --
│    └─grafiti_: 2-7                     --
│    │    └─Linear: 3-13                 384
│    │    └─Linear: 3-14                 768
│    │    └─Linear: 3-15                 256
│    │    └─ModuleList: 3-16             395,264
│    │    └─ModuleList: 3-17             395,264
│    │    └─ModuleList: 3-18             197,120
│    │    └─Linear: 3-19                 49,536
│    │    └─ReLU: 3-20                   --
=================================================================
Total params: 1,080,127
Trainable params: 1,080,127
Non-trainable params: 0
=================================================================
2025-11-17 14:36:10,121 - INFO - Model summary:
=================================================================
Layer (type:depth-idx)                   Param #
=================================================================
Moses                                    --
├─ModuleList: 1-1                        --
│    └─RationalLinearSplineFlow: 2-1     --
│    │    └─Linear: 3-1                  2,064
│    │    └─Linear: 3-2                  2,064
│    │    └─Linear: 3-3                  1,935
│    │    └─Linear: 3-4                  2,064
│    └─RationalLinearSplineFlow: 2-2     --
│    │    └─Linear: 3-5                  2,064
│    │    └─Linear: 3-6                  2,064
│    │    └─Linear: 3-7                  1,935
│    │    └─Linear: 3-8                  2,064
│    └─RationalLinearSplineFlow: 2-3     --
│    │    └─Linear: 3-9                  2,064
│    │    └─Linear: 3-10                 2,064
│    │    └─Linear: 3-11                 1,935
│    │    └─Linear: 3-12                 2,064
├─MultiGaussian: 1-2                     --
│    └─Linear: 2-4                       129
│    └─Linear: 2-5                       16,512
├─MixtureWeights: 1-3                    384
│    └─Linear: 2-6                       129
├─GraFITi: 1-4                           --
│    └─grafiti_: 2-7                     --
│    │    └─Linear: 3-13                 384
│    │    └─Linear: 3-14                 768
│    │    └─Linear: 3-15                 256
│    │    └─ModuleList: 3-16             395,264
│    │    └─ModuleList: 3-17             395,264
│    │    └─ModuleList: 3-18             197,120
│    │    └─Linear: 3-19                 49,536
│    │    └─ReLU: 3-20                   --
=================================================================
Total params: 1,080,127
Trainable params: 1,080,127
Non-trainable params: 0
=================================================================
2025-11-17 14:36:10,122 - INFO - Starting training loop...
2025-11-17 14:36:13,136 - INFO - Epoch   1/1000 | Train njNLL: 0.945842 | Train mNLL: 0.991743| Val njNLL: 0.932413 | Val mNLL: 1.001023| Time: 3.01s
2025-11-17 14:36:13,335 - INFO - New best model saved with val_loss: 0.932413
2025-11-17 14:36:14,704 - INFO - Epoch   2/1000 | Train njNLL: 0.524712 | Train mNLL: 0.582646| Val njNLL: 0.269612 | Val mNLL: 0.361523| Time: 1.37s
2025-11-17 14:36:14,840 - INFO - New best model saved with val_loss: 0.269612
2025-11-17 14:36:16,205 - INFO - Epoch   3/1000 | Train njNLL: 0.217074 | Train mNLL: 0.327383| Val njNLL: -0.059395 | Val mNLL: 0.017716| Time: 1.36s
2025-11-17 14:36:16,414 - INFO - New best model saved with val_loss: -0.059395
2025-11-17 14:36:17,717 - INFO - Epoch   4/1000 | Train njNLL: 0.360546 | Train mNLL: 0.572359| Val njNLL: 0.791904 | Val mNLL: 0.944509| Time: 1.30s
2025-11-17 14:36:19,006 - INFO - Epoch   5/1000 | Train njNLL: 0.475598 | Train mNLL: 0.554134| Val njNLL: -0.063825 | Val mNLL: -0.039487| Time: 1.29s
2025-11-17 14:36:19,142 - INFO - New best model saved with val_loss: -0.063825
2025-11-17 14:36:20,449 - INFO - Epoch   6/1000 | Train njNLL: -0.037850 | Train mNLL: 0.036194| Val njNLL: 0.232726 | Val mNLL: 0.256309| Time: 1.31s
2025-11-17 14:36:21,769 - INFO - Epoch   7/1000 | Train njNLL: -0.166326 | Train mNLL: -0.115905| Val njNLL: 0.242452 | Val mNLL: 0.334847| Time: 1.32s
2025-11-17 14:36:23,047 - INFO - Epoch   8/1000 | Train njNLL: 0.000060 | Train mNLL: 0.089217| Val njNLL: -0.105394 | Val mNLL: -0.077437| Time: 1.28s
2025-11-17 14:36:23,182 - INFO - New best model saved with val_loss: -0.105394
2025-11-17 14:36:24,604 - INFO - Epoch   9/1000 | Train njNLL: -0.392518 | Train mNLL: -0.324983| Val njNLL: -0.334627 | Val mNLL: -0.253937| Time: 1.42s
2025-11-17 14:36:24,743 - INFO - New best model saved with val_loss: -0.334627
2025-11-17 14:36:26,131 - INFO - Epoch  10/1000 | Train njNLL: -0.402789 | Train mNLL: -0.363806| Val njNLL: -0.549029 | Val mNLL: -0.537548| Time: 1.39s
2025-11-17 14:36:26,263 - INFO - New best model saved with val_loss: -0.549029
2025-11-17 14:36:27,578 - INFO - Epoch  11/1000 | Train njNLL: -0.006346 | Train mNLL: 0.093301| Val njNLL: 0.204424 | Val mNLL: 0.301742| Time: 1.31s
2025-11-17 14:36:28,841 - INFO - Epoch  12/1000 | Train njNLL: 0.030258 | Train mNLL: 0.095434| Val njNLL: -0.134145 | Val mNLL: -0.075349| Time: 1.26s
2025-11-17 14:36:30,161 - INFO - Epoch  13/1000 | Train njNLL: -0.150277 | Train mNLL: -0.078187| Val njNLL: -0.224304 | Val mNLL: -0.089106| Time: 1.32s
2025-11-17 14:36:31,445 - INFO - Epoch  14/1000 | Train njNLL: -0.447298 | Train mNLL: -0.374310| Val njNLL: -0.754329 | Val mNLL: -0.726226| Time: 1.28s
2025-11-17 14:36:31,583 - INFO - New best model saved with val_loss: -0.754329
2025-11-17 14:36:32,954 - INFO - Epoch  15/1000 | Train njNLL: -0.564558 | Train mNLL: -0.463381| Val njNLL: -0.718325 | Val mNLL: -0.695760| Time: 1.37s
2025-11-17 14:36:34,302 - INFO - Epoch  16/1000 | Train njNLL: -0.769538 | Train mNLL: -0.718727| Val njNLL: -0.901789 | Val mNLL: -0.830629| Time: 1.35s
2025-11-17 14:36:34,435 - INFO - New best model saved with val_loss: -0.901789
2025-11-17 14:36:35,697 - INFO - Epoch  17/1000 | Train njNLL: -0.407737 | Train mNLL: -0.331298| Val njNLL: -0.394358 | Val mNLL: -0.362500| Time: 1.26s
2025-11-17 14:36:36,972 - INFO - Epoch  18/1000 | Train njNLL: -0.674495 | Train mNLL: -0.630891| Val njNLL: -0.717875 | Val mNLL: -0.691992| Time: 1.27s
2025-11-17 14:36:38,253 - INFO - Epoch  19/1000 | Train njNLL: -0.477699 | Train mNLL: -0.401892| Val njNLL: -0.525104 | Val mNLL: -0.490691| Time: 1.28s
2025-11-17 14:36:39,489 - INFO - Epoch  20/1000 | Train njNLL: -0.774922 | Train mNLL: -0.726076| Val njNLL: -0.432627 | Val mNLL: -0.367897| Time: 1.24s
2025-11-17 14:36:40,821 - INFO - Epoch  21/1000 | Train njNLL: -0.507770 | Train mNLL: -0.419517| Val njNLL: -0.396419 | Val mNLL: -0.382891| Time: 1.33s
2025-11-17 14:36:42,093 - INFO - Epoch  22/1000 | Train njNLL: -0.770590 | Train mNLL: -0.734661| Val njNLL: -0.721606 | Val mNLL: -0.679198| Time: 1.27s
2025-11-17 14:36:43,356 - INFO - Epoch  23/1000 | Train njNLL: -0.402497 | Train mNLL: -0.275618| Val njNLL: -0.509184 | Val mNLL: -0.460757| Time: 1.26s
2025-11-17 14:36:44,616 - INFO - Epoch  24/1000 | Train njNLL: -0.685994 | Train mNLL: -0.634572| Val njNLL: -0.846311 | Val mNLL: -0.825730| Time: 1.26s
2025-11-17 14:36:45,937 - INFO - Epoch  25/1000 | Train njNLL: -0.628176 | Train mNLL: -0.520402| Val njNLL: 0.754217 | Val mNLL: 0.981828| Time: 1.32s
2025-11-17 14:36:47,266 - INFO - Epoch  26/1000 | Train njNLL: -0.081591 | Train mNLL: -0.001174| Val njNLL: -0.492690 | Val mNLL: -0.463064| Time: 1.33s
2025-11-17 14:36:48,570 - INFO - Epoch  27/1000 | Train njNLL: -0.671818 | Train mNLL: -0.625762| Val njNLL: -0.222553 | Val mNLL: -0.164784| Time: 1.30s
2025-11-17 14:36:49,867 - INFO - Epoch  28/1000 | Train njNLL: -0.756386 | Train mNLL: -0.706633| Val njNLL: -0.717054 | Val mNLL: -0.675016| Time: 1.30s
2025-11-17 14:36:51,241 - INFO - Epoch  29/1000 | Train njNLL: -1.018598 | Train mNLL: -0.962657| Val njNLL: -1.254540 | Val mNLL: -1.211312| Time: 1.37s
2025-11-17 14:36:51,378 - INFO - New best model saved with val_loss: -1.254540
2025-11-17 14:36:52,647 - INFO - Epoch  30/1000 | Train njNLL: -1.005315 | Train mNLL: -0.928328| Val njNLL: -1.124944 | Val mNLL: -1.081394| Time: 1.27s
2025-11-17 14:36:53,939 - INFO - Epoch  31/1000 | Train njNLL: -1.198527 | Train mNLL: -1.154269| Val njNLL: -1.042669 | Val mNLL: -1.018872| Time: 1.29s
2025-11-17 14:36:55,325 - INFO - Epoch  32/1000 | Train njNLL: -0.961391 | Train mNLL: -0.882304| Val njNLL: -0.979969 | Val mNLL: -0.957433| Time: 1.39s
2025-11-17 14:36:56,668 - INFO - Epoch  33/1000 | Train njNLL: -1.021931 | Train mNLL: -0.954545| Val njNLL: -1.161989 | Val mNLL: -1.131546| Time: 1.34s
2025-11-17 14:36:58,009 - INFO - Epoch  34/1000 | Train njNLL: -1.242749 | Train mNLL: -1.192456| Val njNLL: -1.316032 | Val mNLL: -1.299834| Time: 1.34s
2025-11-17 14:36:58,149 - INFO - New best model saved with val_loss: -1.316032
2025-11-17 14:36:59,456 - INFO - Epoch  35/1000 | Train njNLL: -1.111347 | Train mNLL: -1.027918| Val njNLL: -0.963715 | Val mNLL: -0.920846| Time: 1.31s
2025-11-17 14:37:00,811 - INFO - Epoch  36/1000 | Train njNLL: -1.250876 | Train mNLL: -1.199035| Val njNLL: -1.160316 | Val mNLL: -1.104589| Time: 1.35s
2025-11-17 14:37:02,081 - INFO - Epoch  37/1000 | Train njNLL: -1.195911 | Train mNLL: -1.136140| Val njNLL: -1.000291 | Val mNLL: -0.958757| Time: 1.27s
2025-11-17 14:37:03,365 - INFO - Epoch  38/1000 | Train njNLL: -1.398468 | Train mNLL: -1.368174| Val njNLL: -1.176083 | Val mNLL: -1.090952| Time: 1.28s
2025-11-17 14:37:04,693 - INFO - Epoch  39/1000 | Train njNLL: -0.727091 | Train mNLL: -0.642782| Val njNLL: -0.973256 | Val mNLL: -0.963346| Time: 1.33s
2025-11-17 14:37:06,037 - INFO - Epoch  40/1000 | Train njNLL: -1.102504 | Train mNLL: -1.058186| Val njNLL: -0.879255 | Val mNLL: -0.845912| Time: 1.34s
2025-11-17 14:37:07,388 - INFO - Epoch  41/1000 | Train njNLL: -0.989966 | Train mNLL: -0.907023| Val njNLL: -1.053120 | Val mNLL: -1.041940| Time: 1.35s
2025-11-17 14:37:08,789 - INFO - Epoch  42/1000 | Train njNLL: -1.331973 | Train mNLL: -1.283132| Val njNLL: -1.354692 | Val mNLL: -1.336312| Time: 1.40s
2025-11-17 14:37:08,941 - INFO - New best model saved with val_loss: -1.354692
2025-11-17 14:37:10,249 - INFO - Epoch  43/1000 | Train njNLL: -0.827635 | Train mNLL: -0.711705| Val njNLL: -0.964695 | Val mNLL: -0.949448| Time: 1.31s
2025-11-17 14:37:11,603 - INFO - Epoch  44/1000 | Train njNLL: -1.214507 | Train mNLL: -1.171151| Val njNLL: -1.158225 | Val mNLL: -1.140804| Time: 1.35s
2025-11-17 14:37:12,968 - INFO - Epoch  45/1000 | Train njNLL: -1.348497 | Train mNLL: -1.303335| Val njNLL: -0.885566 | Val mNLL: -0.815352| Time: 1.37s
2025-11-17 14:37:14,318 - INFO - Epoch  46/1000 | Train njNLL: -1.106257 | Train mNLL: -1.026550| Val njNLL: -1.062657 | Val mNLL: -1.006550| Time: 1.35s
2025-11-17 14:37:15,638 - INFO - Epoch  47/1000 | Train njNLL: -1.312633 | Train mNLL: -1.281939| Val njNLL: -1.428055 | Val mNLL: -1.394225| Time: 1.32s
2025-11-17 14:37:15,876 - INFO - New best model saved with val_loss: -1.428055
2025-11-17 14:37:17,215 - INFO - Epoch  48/1000 | Train njNLL: -1.367653 | Train mNLL: -1.319582| Val njNLL: -1.212418 | Val mNLL: -1.186722| Time: 1.34s
2025-11-17 14:37:18,508 - INFO - Epoch  49/1000 | Train njNLL: -0.676612 | Train mNLL: -0.577767| Val njNLL: -0.947339 | Val mNLL: -0.916188| Time: 1.29s
2025-11-17 14:37:19,864 - INFO - Epoch  50/1000 | Train njNLL: -1.013332 | Train mNLL: -0.976014| Val njNLL: -0.980442 | Val mNLL: -0.965551| Time: 1.36s
2025-11-17 14:37:21,172 - INFO - Epoch  51/1000 | Train njNLL: -1.314781 | Train mNLL: -1.281564| Val njNLL: -1.327870 | Val mNLL: -1.307056| Time: 1.31s
2025-11-17 14:37:22,489 - INFO - Epoch  52/1000 | Train njNLL: -1.189966 | Train mNLL: -1.117420| Val njNLL: -0.453506 | Val mNLL: -0.288571| Time: 1.32s
2025-11-17 14:37:23,750 - INFO - Epoch  53/1000 | Train njNLL: -1.022054 | Train mNLL: -0.951022| Val njNLL: -1.177177 | Val mNLL: -1.154947| Time: 1.26s
2025-11-17 14:37:25,004 - INFO - Epoch  54/1000 | Train njNLL: -1.286592 | Train mNLL: -1.241063| Val njNLL: -1.351276 | Val mNLL: -1.322046| Time: 1.25s
2025-11-17 14:37:26,339 - INFO - Epoch  55/1000 | Train njNLL: -1.426079 | Train mNLL: -1.374182| Val njNLL: -0.863422 | Val mNLL: -0.755650| Time: 1.34s
2025-11-17 14:37:27,593 - INFO - Epoch  56/1000 | Train njNLL: -0.874864 | Train mNLL: -0.771077| Val njNLL: -1.346668 | Val mNLL: -1.335478| Time: 1.25s
2025-11-17 14:37:28,834 - INFO - Epoch  57/1000 | Train njNLL: -1.270039 | Train mNLL: -1.233125| Val njNLL: -1.329281 | Val mNLL: -1.289538| Time: 1.24s
2025-11-17 14:37:30,106 - INFO - Epoch  58/1000 | Train njNLL: -1.506823 | Train mNLL: -1.471871| Val njNLL: -1.535843 | Val mNLL: -1.497984| Time: 1.27s
2025-11-17 14:37:30,241 - INFO - New best model saved with val_loss: -1.535843
2025-11-17 14:37:31,602 - INFO - Epoch  59/1000 | Train njNLL: -1.553904 | Train mNLL: -1.485694| Val njNLL: -0.909492 | Val mNLL: -0.783516| Time: 1.36s
2025-11-17 14:37:32,953 - INFO - Epoch  60/1000 | Train njNLL: -0.538638 | Train mNLL: -0.371611| Val njNLL: -0.704852 | Val mNLL: -0.640433| Time: 1.35s
2025-11-17 14:37:34,297 - INFO - Epoch  61/1000 | Train njNLL: -0.606969 | Train mNLL: -0.522629| Val njNLL: -0.723323 | Val mNLL: -0.670196| Time: 1.34s
2025-11-17 14:37:35,565 - INFO - Epoch  62/1000 | Train njNLL: -1.072470 | Train mNLL: -1.011618| Val njNLL: -1.252621 | Val mNLL: -1.169656| Time: 1.27s
2025-11-17 14:37:36,905 - INFO - Epoch  63/1000 | Train njNLL: -1.409164 | Train mNLL: -1.353645| Val njNLL: -1.399087 | Val mNLL: -1.305062| Time: 1.34s
2025-11-17 14:37:38,244 - INFO - Epoch  64/1000 | Train njNLL: -1.154903 | Train mNLL: -1.069891| Val njNLL: -1.043174 | Val mNLL: -1.025739| Time: 1.34s
2025-11-17 14:37:39,594 - INFO - Epoch  65/1000 | Train njNLL: -1.312961 | Train mNLL: -1.249033| Val njNLL: -1.287507 | Val mNLL: -1.266699| Time: 1.35s
2025-11-17 14:37:40,896 - INFO - Epoch  66/1000 | Train njNLL: -1.344120 | Train mNLL: -1.296326| Val njNLL: -1.136268 | Val mNLL: -1.116884| Time: 1.30s
2025-11-17 14:37:42,218 - INFO - Epoch  67/1000 | Train njNLL: -1.343672 | Train mNLL: -1.301106| Val njNLL: -1.324561 | Val mNLL: -1.292689| Time: 1.32s
2025-11-17 14:37:43,521 - INFO - Epoch  68/1000 | Train njNLL: -1.415979 | Train mNLL: -1.359006| Val njNLL: -1.330344 | Val mNLL: -1.304274| Time: 1.30s
2025-11-17 14:37:44,929 - INFO - Epoch  69/1000 | Train njNLL: -1.513439 | Train mNLL: -1.460416| Val njNLL: -1.186403 | Val mNLL: -1.124285| Time: 1.41s
2025-11-17 14:37:46,245 - INFO - Epoch  70/1000 | Train njNLL: -1.509967 | Train mNLL: -1.434966| Val njNLL: -1.308799 | Val mNLL: -1.262539| Time: 1.32s
2025-11-17 14:37:47,549 - INFO - Epoch  71/1000 | Train njNLL: -1.618505 | Train mNLL: -1.571020| Val njNLL: -1.612581 | Val mNLL: -1.581840| Time: 1.30s
2025-11-17 14:37:47,683 - INFO - New best model saved with val_loss: -1.612581
2025-11-17 14:37:49,025 - INFO - Epoch  72/1000 | Train njNLL: -1.658597 | Train mNLL: -1.610655| Val njNLL: -1.575259 | Val mNLL: -1.552907| Time: 1.34s
2025-11-17 14:37:50,384 - INFO - Epoch  73/1000 | Train njNLL: -1.843804 | Train mNLL: -1.805546| Val njNLL: -1.753618 | Val mNLL: -1.721095| Time: 1.36s
2025-11-17 14:37:50,523 - INFO - New best model saved with val_loss: -1.753618
2025-11-17 14:37:52,008 - INFO - Epoch  74/1000 | Train njNLL: -1.638716 | Train mNLL: -1.564689| Val njNLL: -1.384203 | Val mNLL: -1.309721| Time: 1.48s
2025-11-17 14:37:53,406 - INFO - Epoch  75/1000 | Train njNLL: -1.671056 | Train mNLL: -1.635082| Val njNLL: -1.636056 | Val mNLL: -1.625271| Time: 1.40s
2025-11-17 14:37:54,695 - INFO - Epoch  76/1000 | Train njNLL: -1.690311 | Train mNLL: -1.628928| Val njNLL: -1.653846 | Val mNLL: -1.630369| Time: 1.29s
2025-11-17 14:37:56,028 - INFO - Epoch  77/1000 | Train njNLL: -1.437446 | Train mNLL: -1.351817| Val njNLL: -1.245190 | Val mNLL: -1.172360| Time: 1.33s
2025-11-17 14:37:57,326 - INFO - Epoch  78/1000 | Train njNLL: -1.556396 | Train mNLL: -1.499899| Val njNLL: -1.600716 | Val mNLL: -1.575138| Time: 1.30s
2025-11-17 14:37:58,647 - INFO - Epoch  79/1000 | Train njNLL: -1.775666 | Train mNLL: -1.740386| Val njNLL: -1.724481 | Val mNLL: -1.697180| Time: 1.32s
2025-11-17 14:38:00,068 - INFO - Epoch  80/1000 | Train njNLL: -1.898807 | Train mNLL: -1.858423| Val njNLL: -1.145965 | Val mNLL: -1.044091| Time: 1.42s
2025-11-17 14:38:01,420 - INFO - Epoch  81/1000 | Train njNLL: -1.459786 | Train mNLL: -1.353217| Val njNLL: -1.091593 | Val mNLL: -1.012328| Time: 1.35s
2025-11-17 14:38:02,786 - INFO - Epoch  82/1000 | Train njNLL: -1.176261 | Train mNLL: -1.073881| Val njNLL: -1.118195 | Val mNLL: -1.082564| Time: 1.37s
2025-11-17 14:38:04,175 - INFO - Epoch  83/1000 | Train njNLL: -1.472432 | Train mNLL: -1.413340| Val njNLL: -1.467036 | Val mNLL: -1.412432| Time: 1.39s
2025-11-17 14:38:05,551 - INFO - Epoch  84/1000 | Train njNLL: -1.669353 | Train mNLL: -1.623875| Val njNLL: -1.692248 | Val mNLL: -1.669391| Time: 1.38s
2025-11-17 14:38:06,914 - INFO - Epoch  85/1000 | Train njNLL: -1.892634 | Train mNLL: -1.845634| Val njNLL: -1.797575 | Val mNLL: -1.764231| Time: 1.36s
2025-11-17 14:38:07,050 - INFO - New best model saved with val_loss: -1.797575
2025-11-17 14:38:08,450 - INFO - Epoch  86/1000 | Train njNLL: -2.001904 | Train mNLL: -1.956031| Val njNLL: -1.904948 | Val mNLL: -1.865452| Time: 1.40s
2025-11-17 14:38:08,590 - INFO - New best model saved with val_loss: -1.904948
2025-11-17 14:38:09,938 - INFO - Epoch  87/1000 | Train njNLL: -2.129380 | Train mNLL: -2.082587| Val njNLL: -1.344276 | Val mNLL: -1.281861| Time: 1.35s
2025-11-17 14:38:11,251 - INFO - Epoch  88/1000 | Train njNLL: -1.619452 | Train mNLL: -1.553174| Val njNLL: -1.581811 | Val mNLL: -1.561323| Time: 1.31s
2025-11-17 14:38:12,567 - INFO - Epoch  89/1000 | Train njNLL: -1.677851 | Train mNLL: -1.603326| Val njNLL: -1.360820 | Val mNLL: -1.312679| Time: 1.32s
2025-11-17 14:38:13,855 - INFO - Epoch  90/1000 | Train njNLL: -1.722829 | Train mNLL: -1.661597| Val njNLL: -1.803180 | Val mNLL: -1.781572| Time: 1.29s
2025-11-17 14:38:15,260 - INFO - Epoch  91/1000 | Train njNLL: -1.739463 | Train mNLL: -1.668547| Val njNLL: -1.588799 | Val mNLL: -1.566786| Time: 1.40s
2025-11-17 14:38:16,540 - INFO - Epoch  92/1000 | Train njNLL: -1.487500 | Train mNLL: -1.396174| Val njNLL: -1.631039 | Val mNLL: -1.569279| Time: 1.28s
2025-11-17 14:38:17,869 - INFO - Epoch  93/1000 | Train njNLL: -1.828317 | Train mNLL: -1.785233| Val njNLL: -1.590726 | Val mNLL: -1.517787| Time: 1.33s
2025-11-17 14:38:19,186 - INFO - Epoch  94/1000 | Train njNLL: -1.904613 | Train mNLL: -1.868525| Val njNLL: -1.778734 | Val mNLL: -1.717975| Time: 1.32s
2025-11-17 14:38:20,469 - INFO - Epoch  95/1000 | Train njNLL: -1.951575 | Train mNLL: -1.907828| Val njNLL: -1.815475 | Val mNLL: -1.794668| Time: 1.28s
2025-11-17 14:38:21,778 - INFO - Epoch  96/1000 | Train njNLL: -1.979930 | Train mNLL: -1.933880| Val njNLL: -1.845986 | Val mNLL: -1.821772| Time: 1.31s
2025-11-17 14:38:23,055 - INFO - Epoch  97/1000 | Train njNLL: -2.118064 | Train mNLL: -2.076366| Val njNLL: -1.894358 | Val mNLL: -1.866755| Time: 1.28s
2025-11-17 14:38:24,303 - INFO - Epoch  98/1000 | Train njNLL: -2.180668 | Train mNLL: -2.145231| Val njNLL: -1.805630 | Val mNLL: -1.740288| Time: 1.25s
2025-11-17 14:38:25,646 - INFO - Epoch  99/1000 | Train njNLL: -2.240329 | Train mNLL: -2.197394| Val njNLL: -2.099730 | Val mNLL: -2.067563| Time: 1.34s
2025-11-17 14:38:25,780 - INFO - New best model saved with val_loss: -2.099730
2025-11-17 14:38:27,103 - INFO - Epoch 100/1000 | Train njNLL: -2.167377 | Train mNLL: -2.118121| Val njNLL: -2.123920 | Val mNLL: -2.093523| Time: 1.32s
2025-11-17 14:38:27,247 - INFO - New best model saved with val_loss: -2.123920
2025-11-17 14:38:28,560 - INFO - Epoch 101/1000 | Train njNLL: -2.181963 | Train mNLL: -2.131017| Val njNLL: -2.160377 | Val mNLL: -2.128218| Time: 1.31s
2025-11-17 14:38:28,697 - INFO - New best model saved with val_loss: -2.160377
2025-11-17 14:38:30,003 - INFO - Epoch 102/1000 | Train njNLL: -2.266788 | Train mNLL: -2.225832| Val njNLL: -2.073699 | Val mNLL: -2.045891| Time: 1.31s
2025-11-17 14:38:31,362 - INFO - Epoch 103/1000 | Train njNLL: -2.238604 | Train mNLL: -2.193261| Val njNLL: -2.116709 | Val mNLL: -2.093896| Time: 1.36s
2025-11-17 14:38:32,690 - INFO - Epoch 104/1000 | Train njNLL: -2.161795 | Train mNLL: -2.113361| Val njNLL: -1.599026 | Val mNLL: -1.527260| Time: 1.33s
2025-11-17 14:38:34,030 - INFO - Epoch 105/1000 | Train njNLL: -1.473491 | Train mNLL: -1.342420| Val njNLL: -0.591175 | Val mNLL: -0.479925| Time: 1.34s
2025-11-17 14:38:35,302 - INFO - Epoch 106/1000 | Train njNLL: -1.340358 | Train mNLL: -1.229902| Val njNLL: -1.162789 | Val mNLL: -1.068442| Time: 1.27s
2025-11-17 14:38:36,630 - INFO - Epoch 107/1000 | Train njNLL: -1.585854 | Train mNLL: -1.495040| Val njNLL: -1.802964 | Val mNLL: -1.780874| Time: 1.33s
2025-11-17 14:38:37,906 - INFO - Epoch 108/1000 | Train njNLL: -2.021000 | Train mNLL: -1.982517| Val njNLL: -1.915263 | Val mNLL: -1.860312| Time: 1.28s
2025-11-17 14:38:39,253 - INFO - Epoch 109/1000 | Train njNLL: -2.168968 | Train mNLL: -2.127198| Val njNLL: -2.077567 | Val mNLL: -2.040355| Time: 1.35s
2025-11-17 14:38:40,517 - INFO - Epoch 110/1000 | Train njNLL: -2.213839 | Train mNLL: -2.169959| Val njNLL: -2.060674 | Val mNLL: -2.036437| Time: 1.26s
2025-11-17 14:38:41,775 - INFO - Epoch 111/1000 | Train njNLL: -2.272549 | Train mNLL: -2.231694| Val njNLL: -2.098311 | Val mNLL: -2.074450| Time: 1.26s
2025-11-17 14:38:43,078 - INFO - Epoch 112/1000 | Train njNLL: -2.294696 | Train mNLL: -2.255748| Val njNLL: -2.151290 | Val mNLL: -2.125737| Time: 1.30s
2025-11-17 14:38:44,375 - INFO - Epoch 113/1000 | Train njNLL: -2.373524 | Train mNLL: -2.338139| Val njNLL: -2.182780 | Val mNLL: -2.147201| Time: 1.30s
2025-11-17 14:38:44,579 - INFO - New best model saved with val_loss: -2.182780
2025-11-17 14:38:45,859 - INFO - Epoch 114/1000 | Train njNLL: -2.365829 | Train mNLL: -2.333945| Val njNLL: -2.212288 | Val mNLL: -2.183134| Time: 1.28s
2025-11-17 14:38:45,992 - INFO - New best model saved with val_loss: -2.212288
2025-11-17 14:38:47,306 - INFO - Epoch 115/1000 | Train njNLL: -2.395173 | Train mNLL: -2.352446| Val njNLL: -2.109954 | Val mNLL: -2.063445| Time: 1.31s
2025-11-17 14:38:48,649 - INFO - Epoch 116/1000 | Train njNLL: -2.385666 | Train mNLL: -2.350255| Val njNLL: -2.179408 | Val mNLL: -2.154259| Time: 1.34s
2025-11-17 14:38:49,977 - INFO - Epoch 117/1000 | Train njNLL: -2.407658 | Train mNLL: -2.371237| Val njNLL: -2.174337 | Val mNLL: -2.130421| Time: 1.33s
2025-11-17 14:38:51,307 - INFO - Epoch 118/1000 | Train njNLL: -2.409058 | Train mNLL: -2.371858| Val njNLL: -2.218755 | Val mNLL: -2.195497| Time: 1.33s
2025-11-17 14:38:51,454 - INFO - New best model saved with val_loss: -2.218755
2025-11-17 14:38:52,729 - INFO - Epoch 119/1000 | Train njNLL: -2.429559 | Train mNLL: -2.390695| Val njNLL: -2.286853 | Val mNLL: -2.259353| Time: 1.27s
2025-11-17 14:38:52,863 - INFO - New best model saved with val_loss: -2.286853
2025-11-17 14:38:54,154 - INFO - Epoch 120/1000 | Train njNLL: -2.474371 | Train mNLL: -2.440371| Val njNLL: -2.276879 | Val mNLL: -2.249229| Time: 1.29s
2025-11-17 14:38:55,451 - INFO - Epoch 121/1000 | Train njNLL: -2.500228 | Train mNLL: -2.463666| Val njNLL: -2.182764 | Val mNLL: -2.154925| Time: 1.30s
2025-11-17 14:38:56,726 - INFO - Epoch 122/1000 | Train njNLL: -2.392382 | Train mNLL: -2.355838| Val njNLL: -2.205279 | Val mNLL: -2.170827| Time: 1.27s
2025-11-17 14:38:58,056 - INFO - Epoch 123/1000 | Train njNLL: -2.385994 | Train mNLL: -2.348569| Val njNLL: -2.319874 | Val mNLL: -2.292640| Time: 1.33s
2025-11-17 14:38:58,189 - INFO - New best model saved with val_loss: -2.319874
2025-11-17 14:38:59,548 - INFO - Epoch 124/1000 | Train njNLL: -2.473078 | Train mNLL: -2.442052| Val njNLL: -2.355744 | Val mNLL: -2.327366| Time: 1.36s
2025-11-17 14:38:59,683 - INFO - New best model saved with val_loss: -2.355744
2025-11-17 14:39:01,060 - INFO - Epoch 125/1000 | Train njNLL: -2.409259 | Train mNLL: -2.366260| Val njNLL: -2.351215 | Val mNLL: -2.324766| Time: 1.38s
2025-11-17 14:39:02,389 - INFO - Epoch 126/1000 | Train njNLL: -2.488876 | Train mNLL: -2.454212| Val njNLL: -2.350795 | Val mNLL: -2.325314| Time: 1.33s
2025-11-17 14:39:03,736 - INFO - Epoch 127/1000 | Train njNLL: -2.335088 | Train mNLL: -2.289759| Val njNLL: -2.148929 | Val mNLL: -2.111428| Time: 1.35s
2025-11-17 14:39:05,058 - INFO - Epoch 128/1000 | Train njNLL: -2.144760 | Train mNLL: -2.078337| Val njNLL: -1.913344 | Val mNLL: -1.863550| Time: 1.32s
2025-11-17 14:39:06,327 - INFO - Epoch 129/1000 | Train njNLL: -2.009435 | Train mNLL: -1.937922| Val njNLL: -2.006975 | Val mNLL: -1.964023| Time: 1.27s
2025-11-17 14:39:07,664 - INFO - Epoch 130/1000 | Train njNLL: -2.243387 | Train mNLL: -2.190479| Val njNLL: -2.271644 | Val mNLL: -2.245541| Time: 1.34s
2025-11-17 14:39:08,936 - INFO - Epoch 131/1000 | Train njNLL: -2.456857 | Train mNLL: -2.423958| Val njNLL: -2.227218 | Val mNLL: -2.202229| Time: 1.27s
2025-11-17 14:39:10,220 - INFO - Epoch 132/1000 | Train njNLL: -2.441927 | Train mNLL: -2.410152| Val njNLL: -2.267619 | Val mNLL: -2.241903| Time: 1.28s
2025-11-17 14:39:11,554 - INFO - Epoch 133/1000 | Train njNLL: -2.546596 | Train mNLL: -2.511259| Val njNLL: -2.243171 | Val mNLL: -2.219257| Time: 1.33s
2025-11-17 14:39:12,866 - INFO - Epoch 134/1000 | Train njNLL: -2.494732 | Train mNLL: -2.464072| Val njNLL: -2.385592 | Val mNLL: -2.359446| Time: 1.31s
2025-11-17 14:39:13,001 - INFO - New best model saved with val_loss: -2.385592
2025-11-17 14:39:14,261 - INFO - Epoch 135/1000 | Train njNLL: -2.551218 | Train mNLL: -2.519434| Val njNLL: -2.356304 | Val mNLL: -2.327675| Time: 1.26s
2025-11-17 14:39:15,548 - INFO - Epoch 136/1000 | Train njNLL: -2.575098 | Train mNLL: -2.540293| Val njNLL: -2.331866 | Val mNLL: -2.307823| Time: 1.29s
2025-11-17 14:39:16,810 - INFO - Epoch 137/1000 | Train njNLL: -2.596274 | Train mNLL: -2.563094| Val njNLL: -2.408118 | Val mNLL: -2.379816| Time: 1.26s
2025-11-17 14:39:16,943 - INFO - New best model saved with val_loss: -2.408118
2025-11-17 14:39:18,215 - INFO - Epoch 138/1000 | Train njNLL: -2.500858 | Train mNLL: -2.465227| Val njNLL: -2.349198 | Val mNLL: -2.322980| Time: 1.27s
2025-11-17 14:39:19,490 - INFO - Epoch 139/1000 | Train njNLL: -2.548444 | Train mNLL: -2.509562| Val njNLL: -2.369245 | Val mNLL: -2.344790| Time: 1.28s
2025-11-17 14:39:20,866 - INFO - Epoch 140/1000 | Train njNLL: -2.575696 | Train mNLL: -2.539492| Val njNLL: -2.389838 | Val mNLL: -2.366576| Time: 1.38s
2025-11-17 14:39:22,204 - INFO - Epoch 141/1000 | Train njNLL: -2.337007 | Train mNLL: -2.289120| Val njNLL: -1.812413 | Val mNLL: -1.765589| Time: 1.34s
2025-11-17 14:39:23,558 - INFO - Epoch 142/1000 | Train njNLL: -2.163709 | Train mNLL: -2.097303| Val njNLL: -2.138011 | Val mNLL: -2.107739| Time: 1.35s
2025-11-17 14:39:24,900 - INFO - Epoch 143/1000 | Train njNLL: -2.470504 | Train mNLL: -2.434196| Val njNLL: -2.321015 | Val mNLL: -2.286190| Time: 1.34s
2025-11-17 14:39:26,176 - INFO - Epoch 144/1000 | Train njNLL: -2.633361 | Train mNLL: -2.603213| Val njNLL: -2.439677 | Val mNLL: -2.410102| Time: 1.28s
2025-11-17 14:39:26,312 - INFO - New best model saved with val_loss: -2.439677
2025-11-17 14:39:27,596 - INFO - Epoch 145/1000 | Train njNLL: -2.634227 | Train mNLL: -2.601347| Val njNLL: -2.103236 | Val mNLL: -2.065876| Time: 1.28s
2025-11-17 14:39:28,911 - INFO - Epoch 146/1000 | Train njNLL: -2.318207 | Train mNLL: -2.265111| Val njNLL: -1.857130 | Val mNLL: -1.810721| Time: 1.32s
2025-11-17 14:39:30,189 - INFO - Epoch 147/1000 | Train njNLL: -2.406381 | Train mNLL: -2.366981| Val njNLL: -2.436006 | Val mNLL: -2.414331| Time: 1.28s
2025-11-17 14:39:31,454 - INFO - Epoch 148/1000 | Train njNLL: -2.615032 | Train mNLL: -2.579663| Val njNLL: -2.404633 | Val mNLL: -2.379587| Time: 1.26s
2025-11-17 14:39:32,769 - INFO - Epoch 149/1000 | Train njNLL: -2.627197 | Train mNLL: -2.603556| Val njNLL: -2.360149 | Val mNLL: -2.332400| Time: 1.31s
2025-11-17 14:39:34,145 - INFO - Epoch 150/1000 | Train njNLL: -2.663721 | Train mNLL: -2.629150| Val njNLL: -2.384925 | Val mNLL: -2.361355| Time: 1.38s
2025-11-17 14:39:35,486 - INFO - Epoch 151/1000 | Train njNLL: -2.609164 | Train mNLL: -2.573880| Val njNLL: -2.411993 | Val mNLL: -2.390000| Time: 1.34s
2025-11-17 14:39:36,843 - INFO - Epoch 152/1000 | Train njNLL: -2.711327 | Train mNLL: -2.680639| Val njNLL: -2.313567 | Val mNLL: -2.282493| Time: 1.36s
2025-11-17 14:39:38,138 - INFO - Epoch 153/1000 | Train njNLL: -2.475146 | Train mNLL: -2.439587| Val njNLL: -2.402191 | Val mNLL: -2.379209| Time: 1.29s
2025-11-17 14:39:39,469 - INFO - Epoch 154/1000 | Train njNLL: -2.490501 | Train mNLL: -2.450233| Val njNLL: -2.050123 | Val mNLL: -2.004515| Time: 1.33s
2025-11-17 14:39:40,809 - INFO - Epoch 155/1000 | Train njNLL: -2.491030 | Train mNLL: -2.445183| Val njNLL: -2.470123 | Val mNLL: -2.450931| Time: 1.34s
2025-11-17 14:39:40,940 - INFO - New best model saved with val_loss: -2.470123
2025-11-17 14:39:42,201 - INFO - Epoch 156/1000 | Train njNLL: -2.676712 | Train mNLL: -2.645468| Val njNLL: -2.365658 | Val mNLL: -2.342294| Time: 1.26s
2025-11-17 14:39:43,531 - INFO - Epoch 157/1000 | Train njNLL: -2.579614 | Train mNLL: -2.547283| Val njNLL: -2.430125 | Val mNLL: -2.407706| Time: 1.33s
2025-11-17 14:39:44,837 - INFO - Epoch 158/1000 | Train njNLL: -2.656642 | Train mNLL: -2.623940| Val njNLL: -2.332370 | Val mNLL: -2.311050| Time: 1.31s
2025-11-17 14:39:46,158 - INFO - Epoch 159/1000 | Train njNLL: -2.514452 | Train mNLL: -2.475990| Val njNLL: -2.364574 | Val mNLL: -2.339833| Time: 1.32s
2025-11-17 14:39:47,432 - INFO - Epoch 160/1000 | Train njNLL: -2.316872 | Train mNLL: -2.260847| Val njNLL: -2.224541 | Val mNLL: -2.197077| Time: 1.27s
2025-11-17 14:39:48,755 - INFO - Epoch 161/1000 | Train njNLL: -2.628966 | Train mNLL: -2.602585| Val njNLL: -2.469834 | Val mNLL: -2.447945| Time: 1.32s
2025-11-17 14:39:50,090 - INFO - Epoch 162/1000 | Train njNLL: -2.707050 | Train mNLL: -2.677330| Val njNLL: -2.452017 | Val mNLL: -2.422306| Time: 1.34s
2025-11-17 14:39:51,383 - INFO - Epoch 163/1000 | Train njNLL: -2.624293 | Train mNLL: -2.589424| Val njNLL: -2.515083 | Val mNLL: -2.487154| Time: 1.29s
2025-11-17 14:39:51,519 - INFO - New best model saved with val_loss: -2.515083
2025-11-17 14:39:52,868 - INFO - Epoch 164/1000 | Train njNLL: -2.659964 | Train mNLL: -2.630584| Val njNLL: -2.313648 | Val mNLL: -2.288168| Time: 1.35s
2025-11-17 14:39:54,198 - INFO - Epoch 165/1000 | Train njNLL: -2.284738 | Train mNLL: -2.231990| Val njNLL: -2.216012 | Val mNLL: -2.187371| Time: 1.33s
2025-11-17 14:39:55,555 - INFO - Epoch 166/1000 | Train njNLL: -2.424401 | Train mNLL: -2.374643| Val njNLL: -1.953807 | Val mNLL: -1.905955| Time: 1.36s
2025-11-17 14:39:56,905 - INFO - Epoch 167/1000 | Train njNLL: -2.356240 | Train mNLL: -2.311179| Val njNLL: -1.752682 | Val mNLL: -1.688842| Time: 1.35s
2025-11-17 14:39:58,212 - INFO - Epoch 168/1000 | Train njNLL: -2.359741 | Train mNLL: -2.304780| Val njNLL: -2.132257 | Val mNLL: -2.091395| Time: 1.31s
2025-11-17 14:39:59,489 - INFO - Epoch 169/1000 | Train njNLL: -2.353656 | Train mNLL: -2.305780| Val njNLL: -2.423296 | Val mNLL: -2.401272| Time: 1.28s
2025-11-17 14:40:00,796 - INFO - Epoch 170/1000 | Train njNLL: -2.590211 | Train mNLL: -2.554462| Val njNLL: -2.356839 | Val mNLL: -2.335711| Time: 1.31s
2025-11-17 14:40:02,059 - INFO - Epoch 171/1000 | Train njNLL: -2.657981 | Train mNLL: -2.622254| Val njNLL: -2.338422 | Val mNLL: -2.310872| Time: 1.26s
2025-11-17 14:40:03,349 - INFO - Epoch 172/1000 | Train njNLL: -2.652575 | Train mNLL: -2.621825| Val njNLL: -2.341012 | Val mNLL: -2.315516| Time: 1.29s
2025-11-17 14:40:04,656 - INFO - Epoch 173/1000 | Train njNLL: -2.615108 | Train mNLL: -2.584789| Val njNLL: -2.262329 | Val mNLL: -2.238637| Time: 1.31s
2025-11-17 14:40:06,006 - INFO - Epoch 174/1000 | Train njNLL: -2.641039 | Train mNLL: -2.608274| Val njNLL: -2.444263 | Val mNLL: -2.416765| Time: 1.35s
2025-11-17 14:40:07,385 - INFO - Epoch 175/1000 | Train njNLL: -2.755744 | Train mNLL: -2.720150| Val njNLL: -2.341230 | Val mNLL: -2.317876| Time: 1.38s
2025-11-17 14:40:08,649 - INFO - Epoch 176/1000 | Train njNLL: -2.721407 | Train mNLL: -2.690330| Val njNLL: -2.467087 | Val mNLL: -2.445851| Time: 1.26s
2025-11-17 14:40:09,934 - INFO - Epoch 177/1000 | Train njNLL: -2.769068 | Train mNLL: -2.743510| Val njNLL: -2.542154 | Val mNLL: -2.517871| Time: 1.28s
2025-11-17 14:40:10,068 - INFO - New best model saved with val_loss: -2.542154
2025-11-17 14:40:11,381 - INFO - Epoch 178/1000 | Train njNLL: -2.799438 | Train mNLL: -2.774735| Val njNLL: -2.552656 | Val mNLL: -2.528195| Time: 1.31s
2025-11-17 14:40:11,517 - INFO - New best model saved with val_loss: -2.552656
2025-11-17 14:40:12,891 - INFO - Epoch 179/1000 | Train njNLL: -2.782621 | Train mNLL: -2.752789| Val njNLL: -2.543341 | Val mNLL: -2.520362| Time: 1.37s
2025-11-17 14:40:14,139 - INFO - Epoch 180/1000 | Train njNLL: -2.791197 | Train mNLL: -2.759529| Val njNLL: -2.558216 | Val mNLL: -2.537422| Time: 1.25s
2025-11-17 14:40:14,274 - INFO - New best model saved with val_loss: -2.558216
2025-11-17 14:40:15,549 - INFO - Epoch 181/1000 | Train njNLL: -2.813303 | Train mNLL: -2.785923| Val njNLL: -2.506344 | Val mNLL: -2.484320| Time: 1.27s
2025-11-17 14:40:16,812 - INFO - Epoch 182/1000 | Train njNLL: -2.774251 | Train mNLL: -2.740897| Val njNLL: -2.530053 | Val mNLL: -2.508091| Time: 1.26s
2025-11-17 14:40:18,083 - INFO - Epoch 183/1000 | Train njNLL: -2.791772 | Train mNLL: -2.762752| Val njNLL: -2.554479 | Val mNLL: -2.533133| Time: 1.27s
2025-11-17 14:40:19,364 - INFO - Epoch 184/1000 | Train njNLL: -2.788125 | Train mNLL: -2.763228| Val njNLL: -2.533849 | Val mNLL: -2.512181| Time: 1.28s
2025-11-17 14:40:20,653 - INFO - Epoch 185/1000 | Train njNLL: -2.679513 | Train mNLL: -2.642304| Val njNLL: -2.568826 | Val mNLL: -2.547640| Time: 1.29s
2025-11-17 14:40:20,791 - INFO - New best model saved with val_loss: -2.568826
2025-11-17 14:40:22,121 - INFO - Epoch 186/1000 | Train njNLL: -2.559099 | Train mNLL: -2.527818| Val njNLL: -2.098138 | Val mNLL: -2.058405| Time: 1.33s
2025-11-17 14:40:23,431 - INFO - Epoch 187/1000 | Train njNLL: -2.519720 | Train mNLL: -2.475095| Val njNLL: -2.570043 | Val mNLL: -2.546501| Time: 1.31s
2025-11-17 14:40:23,779 - INFO - New best model saved with val_loss: -2.570043
2025-11-17 14:40:25,062 - INFO - Epoch 188/1000 | Train njNLL: -2.658262 | Train mNLL: -2.626246| Val njNLL: -2.489275 | Val mNLL: -2.467045| Time: 1.28s
2025-11-17 14:40:26,422 - INFO - Epoch 189/1000 | Train njNLL: -2.803707 | Train mNLL: -2.775390| Val njNLL: -2.573527 | Val mNLL: -2.549093| Time: 1.36s
2025-11-17 14:40:26,556 - INFO - New best model saved with val_loss: -2.573527
2025-11-17 14:40:27,825 - INFO - Epoch 190/1000 | Train njNLL: -2.865557 | Train mNLL: -2.837743| Val njNLL: -2.552576 | Val mNLL: -2.529933| Time: 1.27s
2025-11-17 14:40:29,102 - INFO - Epoch 191/1000 | Train njNLL: -2.836558 | Train mNLL: -2.805673| Val njNLL: -2.597141 | Val mNLL: -2.571974| Time: 1.28s
2025-11-17 14:40:29,238 - INFO - New best model saved with val_loss: -2.597141
2025-11-17 14:40:30,576 - INFO - Epoch 192/1000 | Train njNLL: -2.879401 | Train mNLL: -2.853658| Val njNLL: -2.611909 | Val mNLL: -2.589605| Time: 1.34s
2025-11-17 14:40:30,712 - INFO - New best model saved with val_loss: -2.611909
2025-11-17 14:40:32,034 - INFO - Epoch 193/1000 | Train njNLL: -2.886955 | Train mNLL: -2.857040| Val njNLL: -2.590626 | Val mNLL: -2.569178| Time: 1.32s
2025-11-17 14:40:33,310 - INFO - Epoch 194/1000 | Train njNLL: -2.880624 | Train mNLL: -2.854270| Val njNLL: -2.615482 | Val mNLL: -2.593655| Time: 1.28s
2025-11-17 14:40:33,444 - INFO - New best model saved with val_loss: -2.615482
2025-11-17 14:40:34,728 - INFO - Epoch 195/1000 | Train njNLL: -2.903401 | Train mNLL: -2.875678| Val njNLL: -2.613836 | Val mNLL: -2.590578| Time: 1.28s
2025-11-17 14:40:36,059 - INFO - Epoch 196/1000 | Train njNLL: -2.879667 | Train mNLL: -2.850719| Val njNLL: -2.596348 | Val mNLL: -2.575444| Time: 1.33s
2025-11-17 14:40:37,377 - INFO - Epoch 197/1000 | Train njNLL: -2.855223 | Train mNLL: -2.825745| Val njNLL: -2.602692 | Val mNLL: -2.578955| Time: 1.32s
2025-11-17 14:40:38,777 - INFO - Epoch 198/1000 | Train njNLL: -2.893951 | Train mNLL: -2.863884| Val njNLL: -2.616769 | Val mNLL: -2.592823| Time: 1.40s
2025-11-17 14:40:38,914 - INFO - New best model saved with val_loss: -2.616769
2025-11-17 14:40:40,315 - INFO - Epoch 199/1000 | Train njNLL: -2.714684 | Train mNLL: -2.683217| Val njNLL: -2.540952 | Val mNLL: -2.515648| Time: 1.40s
2025-11-17 14:40:41,708 - INFO - Epoch 200/1000 | Train njNLL: -2.515446 | Train mNLL: -2.473830| Val njNLL: -2.325828 | Val mNLL: -2.300521| Time: 1.39s
2025-11-17 14:40:43,025 - INFO - Epoch 201/1000 | Train njNLL: -2.683585 | Train mNLL: -2.649069| Val njNLL: -2.455609 | Val mNLL: -2.429636| Time: 1.32s
2025-11-17 14:40:44,361 - INFO - Epoch 202/1000 | Train njNLL: -2.622668 | Train mNLL: -2.591969| Val njNLL: -2.613019 | Val mNLL: -2.588497| Time: 1.34s
2025-11-17 14:40:45,707 - INFO - Epoch 203/1000 | Train njNLL: -2.820435 | Train mNLL: -2.793053| Val njNLL: -2.535744 | Val mNLL: -2.511768| Time: 1.35s
2025-11-17 14:40:47,048 - INFO - Epoch 204/1000 | Train njNLL: -2.764916 | Train mNLL: -2.735660| Val njNLL: -2.408263 | Val mNLL: -2.382575| Time: 1.34s
2025-11-17 14:40:48,456 - INFO - Epoch 205/1000 | Train njNLL: -2.779330 | Train mNLL: -2.746990| Val njNLL: -2.553235 | Val mNLL: -2.530770| Time: 1.41s
2025-11-17 14:40:49,799 - INFO - Epoch 206/1000 | Train njNLL: -2.864894 | Train mNLL: -2.842150| Val njNLL: -2.599644 | Val mNLL: -2.575551| Time: 1.34s
2025-11-17 14:40:51,130 - INFO - Epoch 207/1000 | Train njNLL: -2.872909 | Train mNLL: -2.843708| Val njNLL: -2.558710 | Val mNLL: -2.537120| Time: 1.33s
2025-11-17 14:40:52,417 - INFO - Epoch 208/1000 | Train njNLL: -2.856996 | Train mNLL: -2.829878| Val njNLL: -2.646325 | Val mNLL: -2.622866| Time: 1.29s
2025-11-17 14:40:52,733 - INFO - New best model saved with val_loss: -2.646325
2025-11-17 14:40:53,997 - INFO - Epoch 209/1000 | Train njNLL: -2.874758 | Train mNLL: -2.848842| Val njNLL: -2.630409 | Val mNLL: -2.606855| Time: 1.26s
2025-11-17 14:40:55,423 - INFO - Epoch 210/1000 | Train njNLL: -2.920759 | Train mNLL: -2.894101| Val njNLL: -2.644251 | Val mNLL: -2.622891| Time: 1.43s
2025-11-17 14:40:56,859 - INFO - Epoch 211/1000 | Train njNLL: -2.913812 | Train mNLL: -2.884969| Val njNLL: -2.591810 | Val mNLL: -2.564586| Time: 1.44s
2025-11-17 14:40:58,190 - INFO - Epoch 212/1000 | Train njNLL: -2.699381 | Train mNLL: -2.671072| Val njNLL: -2.345804 | Val mNLL: -2.318104| Time: 1.33s
2025-11-17 14:40:59,537 - INFO - Epoch 213/1000 | Train njNLL: -2.550094 | Train mNLL: -2.503990| Val njNLL: -2.037130 | Val mNLL: -2.006106| Time: 1.35s
2025-11-17 14:41:00,874 - INFO - Epoch 214/1000 | Train njNLL: -2.529506 | Train mNLL: -2.484300| Val njNLL: -2.575038 | Val mNLL: -2.554122| Time: 1.34s
2025-11-17 14:41:02,205 - INFO - Epoch 215/1000 | Train njNLL: -2.585274 | Train mNLL: -2.541701| Val njNLL: -2.155433 | Val mNLL: -2.121102| Time: 1.33s
2025-11-17 14:41:03,529 - INFO - Epoch 216/1000 | Train njNLL: -2.739754 | Train mNLL: -2.706607| Val njNLL: -2.633534 | Val mNLL: -2.606802| Time: 1.32s
2025-11-17 14:41:04,809 - INFO - Epoch 217/1000 | Train njNLL: -2.897565 | Train mNLL: -2.871478| Val njNLL: -2.673415 | Val mNLL: -2.650276| Time: 1.28s
2025-11-17 14:41:05,149 - INFO - New best model saved with val_loss: -2.673415
2025-11-17 14:41:06,485 - INFO - Epoch 218/1000 | Train njNLL: -2.882329 | Train mNLL: -2.853552| Val njNLL: -2.597058 | Val mNLL: -2.573637| Time: 1.34s
2025-11-17 14:41:07,761 - INFO - Epoch 219/1000 | Train njNLL: -2.880411 | Train mNLL: -2.850824| Val njNLL: -2.619856 | Val mNLL: -2.595095| Time: 1.28s
2025-11-17 14:41:09,062 - INFO - Epoch 220/1000 | Train njNLL: -2.929105 | Train mNLL: -2.909410| Val njNLL: -2.583291 | Val mNLL: -2.561947| Time: 1.30s
2025-11-17 14:41:10,335 - INFO - Epoch 221/1000 | Train njNLL: -2.792125 | Train mNLL: -2.761969| Val njNLL: -2.627170 | Val mNLL: -2.603798| Time: 1.27s
2025-11-17 14:41:11,649 - INFO - Epoch 222/1000 | Train njNLL: -2.892978 | Train mNLL: -2.859673| Val njNLL: -2.590180 | Val mNLL: -2.563332| Time: 1.31s
2025-11-17 14:41:12,900 - INFO - Epoch 223/1000 | Train njNLL: -2.893540 | Train mNLL: -2.863935| Val njNLL: -2.644178 | Val mNLL: -2.618563| Time: 1.25s
2025-11-17 14:41:14,270 - INFO - Epoch 224/1000 | Train njNLL: -2.821844 | Train mNLL: -2.793220| Val njNLL: -2.579145 | Val mNLL: -2.555193| Time: 1.37s
2025-11-17 14:41:15,538 - INFO - Epoch 225/1000 | Train njNLL: -2.814085 | Train mNLL: -2.784615| Val njNLL: -2.640741 | Val mNLL: -2.619440| Time: 1.27s
2025-11-17 14:41:16,835 - INFO - Epoch 226/1000 | Train njNLL: -2.944096 | Train mNLL: -2.916694| Val njNLL: -2.637955 | Val mNLL: -2.611584| Time: 1.30s
2025-11-17 14:41:18,108 - INFO - Epoch 227/1000 | Train njNLL: -2.890291 | Train mNLL: -2.866683| Val njNLL: -2.689021 | Val mNLL: -2.666581| Time: 1.27s
2025-11-17 14:41:18,343 - INFO - New best model saved with val_loss: -2.689021
2025-11-17 14:41:19,686 - INFO - Epoch 228/1000 | Train njNLL: -2.929124 | Train mNLL: -2.898715| Val njNLL: -2.681770 | Val mNLL: -2.659361| Time: 1.34s
2025-11-17 14:41:21,024 - INFO - Epoch 229/1000 | Train njNLL: -2.982475 | Train mNLL: -2.958725| Val njNLL: -2.572307 | Val mNLL: -2.548442| Time: 1.34s
2025-11-17 14:41:22,402 - INFO - Epoch 230/1000 | Train njNLL: -2.934739 | Train mNLL: -2.909658| Val njNLL: -2.647132 | Val mNLL: -2.624749| Time: 1.38s
2025-11-17 14:41:23,782 - INFO - Epoch 231/1000 | Train njNLL: -2.866753 | Train mNLL: -2.837429| Val njNLL: -2.614116 | Val mNLL: -2.591287| Time: 1.38s
2025-11-17 14:41:25,139 - INFO - Epoch 232/1000 | Train njNLL: -2.867600 | Train mNLL: -2.842158| Val njNLL: -2.458344 | Val mNLL: -2.433287| Time: 1.36s
2025-11-17 14:41:26,490 - INFO - Epoch 233/1000 | Train njNLL: -2.596356 | Train mNLL: -2.564733| Val njNLL: -2.647354 | Val mNLL: -2.625881| Time: 1.35s
2025-11-17 14:41:27,820 - INFO - Epoch 234/1000 | Train njNLL: -2.900332 | Train mNLL: -2.877733| Val njNLL: -2.652208 | Val mNLL: -2.629270| Time: 1.33s
2025-11-17 14:41:29,123 - INFO - Epoch 235/1000 | Train njNLL: -2.959855 | Train mNLL: -2.941616| Val njNLL: -2.707678 | Val mNLL: -2.682997| Time: 1.30s
2025-11-17 14:41:29,265 - INFO - New best model saved with val_loss: -2.707678
2025-11-17 14:41:30,566 - INFO - Epoch 236/1000 | Train njNLL: -2.976294 | Train mNLL: -2.946182| Val njNLL: -2.661976 | Val mNLL: -2.638978| Time: 1.30s
2025-11-17 14:41:31,874 - INFO - Epoch 237/1000 | Train njNLL: -2.923218 | Train mNLL: -2.895475| Val njNLL: -2.516744 | Val mNLL: -2.494246| Time: 1.31s
2025-11-17 14:41:33,163 - INFO - Epoch 238/1000 | Train njNLL: -2.864831 | Train mNLL: -2.834372| Val njNLL: -2.659610 | Val mNLL: -2.638396| Time: 1.29s
2025-11-17 14:41:34,469 - INFO - Epoch 239/1000 | Train njNLL: -2.990322 | Train mNLL: -2.960885| Val njNLL: -2.692180 | Val mNLL: -2.669733| Time: 1.31s
2025-11-17 14:41:35,798 - INFO - Epoch 240/1000 | Train njNLL: -3.006516 | Train mNLL: -2.976304| Val njNLL: -2.537679 | Val mNLL: -2.511873| Time: 1.33s
2025-11-17 14:41:37,136 - INFO - Epoch 241/1000 | Train njNLL: -2.902488 | Train mNLL: -2.874329| Val njNLL: -2.536196 | Val mNLL: -2.510708| Time: 1.34s
2025-11-17 14:41:38,483 - INFO - Epoch 242/1000 | Train njNLL: -2.961478 | Train mNLL: -2.934863| Val njNLL: -2.613419 | Val mNLL: -2.591111| Time: 1.35s
2025-11-17 14:41:39,770 - INFO - Epoch 243/1000 | Train njNLL: -2.903894 | Train mNLL: -2.874946| Val njNLL: -2.659364 | Val mNLL: -2.633994| Time: 1.29s
2025-11-17 14:41:41,070 - INFO - Epoch 244/1000 | Train njNLL: -2.918589 | Train mNLL: -2.892819| Val njNLL: -2.706864 | Val mNLL: -2.684920| Time: 1.30s
2025-11-17 14:41:42,353 - INFO - Epoch 245/1000 | Train njNLL: -2.994273 | Train mNLL: -2.966663| Val njNLL: -2.690841 | Val mNLL: -2.667083| Time: 1.28s
2025-11-17 14:41:43,702 - INFO - Epoch 246/1000 | Train njNLL: -2.803859 | Train mNLL: -2.779276| Val njNLL: -2.547696 | Val mNLL: -2.524693| Time: 1.35s
2025-11-17 14:41:45,041 - INFO - Epoch 247/1000 | Train njNLL: -2.911637 | Train mNLL: -2.882991| Val njNLL: -2.713247 | Val mNLL: -2.689795| Time: 1.34s
2025-11-17 14:41:45,175 - INFO - New best model saved with val_loss: -2.713247
2025-11-17 14:41:46,558 - INFO - Epoch 248/1000 | Train njNLL: -2.979637 | Train mNLL: -2.952104| Val njNLL: -2.700756 | Val mNLL: -2.676517| Time: 1.38s
2025-11-17 14:41:47,868 - INFO - Epoch 249/1000 | Train njNLL: -2.992468 | Train mNLL: -2.962284| Val njNLL: -2.752461 | Val mNLL: -2.726377| Time: 1.31s
2025-11-17 14:41:48,003 - INFO - New best model saved with val_loss: -2.752461
2025-11-17 14:41:49,286 - INFO - Epoch 250/1000 | Train njNLL: -3.027746 | Train mNLL: -2.999337| Val njNLL: -2.722249 | Val mNLL: -2.697950| Time: 1.28s
2025-11-17 14:41:50,611 - INFO - Epoch 251/1000 | Train njNLL: -3.024856 | Train mNLL: -3.001150| Val njNLL: -2.750296 | Val mNLL: -2.724971| Time: 1.32s
2025-11-17 14:41:51,980 - INFO - Epoch 252/1000 | Train njNLL: -3.025171 | Train mNLL: -3.005625| Val njNLL: -2.699408 | Val mNLL: -2.674505| Time: 1.37s
2025-11-17 14:41:53,276 - INFO - Epoch 253/1000 | Train njNLL: -2.989797 | Train mNLL: -2.964957| Val njNLL: -2.674256 | Val mNLL: -2.648914| Time: 1.30s
2025-11-17 14:41:54,574 - INFO - Epoch 254/1000 | Train njNLL: -3.050096 | Train mNLL: -3.022810| Val njNLL: -2.748222 | Val mNLL: -2.722110| Time: 1.30s
2025-11-17 14:41:55,944 - INFO - Epoch 255/1000 | Train njNLL: -2.996266 | Train mNLL: -2.967231| Val njNLL: -2.518860 | Val mNLL: -2.494317| Time: 1.37s
2025-11-17 14:41:57,199 - INFO - Epoch 256/1000 | Train njNLL: -2.821477 | Train mNLL: -2.790441| Val njNLL: -2.371808 | Val mNLL: -2.346776| Time: 1.25s
2025-11-17 14:41:58,478 - INFO - Epoch 257/1000 | Train njNLL: -2.769748 | Train mNLL: -2.738982| Val njNLL: -2.748141 | Val mNLL: -2.723388| Time: 1.28s
2025-11-17 14:41:59,759 - INFO - Epoch 258/1000 | Train njNLL: -2.754615 | Train mNLL: -2.729188| Val njNLL: -2.434312 | Val mNLL: -2.412187| Time: 1.28s
2025-11-17 14:42:01,086 - INFO - Epoch 259/1000 | Train njNLL: -2.874109 | Train mNLL: -2.849540| Val njNLL: -2.682253 | Val mNLL: -2.661468| Time: 1.33s
2025-11-17 14:42:02,396 - INFO - Epoch 260/1000 | Train njNLL: -2.996632 | Train mNLL: -2.969984| Val njNLL: -2.757649 | Val mNLL: -2.734382| Time: 1.31s
2025-11-17 14:42:02,530 - INFO - New best model saved with val_loss: -2.757649
2025-11-17 14:42:03,840 - INFO - Epoch 261/1000 | Train njNLL: -3.011824 | Train mNLL: -2.987493| Val njNLL: -2.621184 | Val mNLL: -2.598269| Time: 1.31s
2025-11-17 14:42:05,087 - INFO - Epoch 262/1000 | Train njNLL: -2.881071 | Train mNLL: -2.851814| Val njNLL: -2.729848 | Val mNLL: -2.705906| Time: 1.25s
2025-11-17 14:42:06,343 - INFO - Epoch 263/1000 | Train njNLL: -2.931838 | Train mNLL: -2.904219| Val njNLL: -2.616464 | Val mNLL: -2.589085| Time: 1.26s
2025-11-17 14:42:07,611 - INFO - Epoch 264/1000 | Train njNLL: -3.039320 | Train mNLL: -3.017964| Val njNLL: -2.773285 | Val mNLL: -2.747582| Time: 1.27s
2025-11-17 14:42:07,747 - INFO - New best model saved with val_loss: -2.773285
2025-11-17 14:42:09,087 - INFO - Epoch 265/1000 | Train njNLL: -3.059498 | Train mNLL: -3.033453| Val njNLL: -2.769622 | Val mNLL: -2.745527| Time: 1.34s
2025-11-17 14:42:10,394 - INFO - Epoch 266/1000 | Train njNLL: -3.074506 | Train mNLL: -3.053237| Val njNLL: -2.770589 | Val mNLL: -2.744757| Time: 1.31s
2025-11-17 14:42:11,715 - INFO - Epoch 267/1000 | Train njNLL: -3.062750 | Train mNLL: -3.044203| Val njNLL: -2.768754 | Val mNLL: -2.745506| Time: 1.32s
2025-11-17 14:42:12,990 - INFO - Epoch 268/1000 | Train njNLL: -3.056049 | Train mNLL: -3.029685| Val njNLL: -2.722161 | Val mNLL: -2.696710| Time: 1.27s
2025-11-17 14:42:14,312 - INFO - Epoch 269/1000 | Train njNLL: -3.038741 | Train mNLL: -3.014970| Val njNLL: -2.722675 | Val mNLL: -2.698037| Time: 1.32s
2025-11-17 14:42:15,610 - INFO - Epoch 270/1000 | Train njNLL: -3.045402 | Train mNLL: -3.020809| Val njNLL: -2.761817 | Val mNLL: -2.738463| Time: 1.30s
2025-11-17 14:42:16,927 - INFO - Epoch 271/1000 | Train njNLL: -3.064194 | Train mNLL: -3.041077| Val njNLL: -2.783935 | Val mNLL: -2.758096| Time: 1.32s
2025-11-17 14:42:17,059 - INFO - New best model saved with val_loss: -2.783935
2025-11-17 14:42:18,361 - INFO - Epoch 272/1000 | Train njNLL: -3.033071 | Train mNLL: -3.008830| Val njNLL: -2.750963 | Val mNLL: -2.727676| Time: 1.30s
2025-11-17 14:42:19,687 - INFO - Epoch 273/1000 | Train njNLL: -3.058194 | Train mNLL: -3.035536| Val njNLL: -2.770303 | Val mNLL: -2.745211| Time: 1.33s
2025-11-17 14:42:20,976 - INFO - Epoch 274/1000 | Train njNLL: -3.078654 | Train mNLL: -3.049918| Val njNLL: -2.783976 | Val mNLL: -2.758804| Time: 1.29s
2025-11-17 14:42:21,111 - INFO - New best model saved with val_loss: -2.783976
2025-11-17 14:42:22,433 - INFO - Epoch 275/1000 | Train njNLL: -3.066967 | Train mNLL: -3.043694| Val njNLL: -2.709733 | Val mNLL: -2.683640| Time: 1.32s
2025-11-17 14:42:23,781 - INFO - Epoch 276/1000 | Train njNLL: -3.048506 | Train mNLL: -3.020936| Val njNLL: -2.648702 | Val mNLL: -2.625563| Time: 1.35s
2025-11-17 14:42:25,155 - INFO - Epoch 277/1000 | Train njNLL: -2.984068 | Train mNLL: -2.957605| Val njNLL: -2.622314 | Val mNLL: -2.600656| Time: 1.37s
2025-11-17 14:42:26,521 - INFO - Epoch 278/1000 | Train njNLL: -2.997664 | Train mNLL: -2.974281| Val njNLL: -2.785220 | Val mNLL: -2.758893| Time: 1.37s
2025-11-17 14:42:26,658 - INFO - New best model saved with val_loss: -2.785220
2025-11-17 14:42:27,934 - INFO - Epoch 279/1000 | Train njNLL: -2.990838 | Train mNLL: -2.966269| Val njNLL: -2.769908 | Val mNLL: -2.743789| Time: 1.28s
2025-11-17 14:42:29,191 - INFO - Epoch 280/1000 | Train njNLL: -3.053973 | Train mNLL: -3.026732| Val njNLL: -2.776716 | Val mNLL: -2.752628| Time: 1.26s
2025-11-17 14:42:30,504 - INFO - Epoch 281/1000 | Train njNLL: -3.040903 | Train mNLL: -3.012268| Val njNLL: -2.754784 | Val mNLL: -2.732299| Time: 1.31s
2025-11-17 14:42:31,784 - INFO - Epoch 282/1000 | Train njNLL: -3.032390 | Train mNLL: -3.007678| Val njNLL: -2.728568 | Val mNLL: -2.705650| Time: 1.28s
2025-11-17 14:42:33,089 - INFO - Epoch 283/1000 | Train njNLL: -2.927792 | Train mNLL: -2.903575| Val njNLL: -2.766295 | Val mNLL: -2.738774| Time: 1.31s
2025-11-17 14:42:34,405 - INFO - Epoch 284/1000 | Train njNLL: -2.956533 | Train mNLL: -2.934130| Val njNLL: -2.662189 | Val mNLL: -2.640241| Time: 1.32s
2025-11-17 14:42:35,775 - INFO - Epoch 285/1000 | Train njNLL: -2.916236 | Train mNLL: -2.890727| Val njNLL: -2.674189 | Val mNLL: -2.651825| Time: 1.37s
2025-11-17 14:42:37,080 - INFO - Epoch 286/1000 | Train njNLL: -3.044376 | Train mNLL: -3.020066| Val njNLL: -2.710913 | Val mNLL: -2.688949| Time: 1.30s
2025-11-17 14:42:38,466 - INFO - Epoch 287/1000 | Train njNLL: -3.027924 | Train mNLL: -3.003640| Val njNLL: -2.709729 | Val mNLL: -2.686829| Time: 1.39s
2025-11-17 14:42:39,733 - INFO - Epoch 288/1000 | Train njNLL: -3.013967 | Train mNLL: -2.990947| Val njNLL: -2.778939 | Val mNLL: -2.753296| Time: 1.27s
2025-11-17 14:42:40,997 - INFO - Epoch 289/1000 | Train njNLL: -3.002716 | Train mNLL: -2.975837| Val njNLL: -2.743560 | Val mNLL: -2.718741| Time: 1.26s
2025-11-17 14:42:42,254 - INFO - Epoch 290/1000 | Train njNLL: -3.046852 | Train mNLL: -3.024945| Val njNLL: -2.776148 | Val mNLL: -2.752022| Time: 1.26s
2025-11-17 14:42:43,639 - INFO - Epoch 291/1000 | Train njNLL: -3.093917 | Train mNLL: -3.069401| Val njNLL: -2.813793 | Val mNLL: -2.786420| Time: 1.38s
2025-11-17 14:42:43,776 - INFO - New best model saved with val_loss: -2.813793
2025-11-17 14:42:45,154 - INFO - Epoch 292/1000 | Train njNLL: -3.127648 | Train mNLL: -3.107167| Val njNLL: -2.742649 | Val mNLL: -2.718205| Time: 1.38s
2025-11-17 14:42:46,491 - INFO - Epoch 293/1000 | Train njNLL: -3.070479 | Train mNLL: -3.041302| Val njNLL: -2.795640 | Val mNLL: -2.769943| Time: 1.34s
2025-11-17 14:42:47,837 - INFO - Epoch 294/1000 | Train njNLL: -2.988977 | Train mNLL: -2.964206| Val njNLL: -2.775562 | Val mNLL: -2.750641| Time: 1.35s
2025-11-17 14:42:49,241 - INFO - Epoch 295/1000 | Train njNLL: -3.062680 | Train mNLL: -3.035459| Val njNLL: -2.812585 | Val mNLL: -2.787380| Time: 1.40s
2025-11-17 14:42:50,608 - INFO - Epoch 296/1000 | Train njNLL: -2.971914 | Train mNLL: -2.942019| Val njNLL: -2.719864 | Val mNLL: -2.695474| Time: 1.37s
2025-11-17 14:42:51,937 - INFO - Epoch 297/1000 | Train njNLL: -2.972679 | Train mNLL: -2.948499| Val njNLL: -2.774912 | Val mNLL: -2.752137| Time: 1.33s
2025-11-17 14:42:53,322 - INFO - Epoch 298/1000 | Train njNLL: -3.099974 | Train mNLL: -3.071142| Val njNLL: -2.705169 | Val mNLL: -2.682218| Time: 1.38s
2025-11-17 14:42:54,631 - INFO - Epoch 299/1000 | Train njNLL: -3.001589 | Train mNLL: -2.975415| Val njNLL: -2.793623 | Val mNLL: -2.768098| Time: 1.31s
2025-11-17 14:42:55,879 - INFO - Epoch 300/1000 | Train njNLL: -3.062714 | Train mNLL: -3.041540| Val njNLL: -2.752023 | Val mNLL: -2.725580| Time: 1.25s
2025-11-17 14:42:57,186 - INFO - Epoch 301/1000 | Train njNLL: -3.021799 | Train mNLL: -2.995153| Val njNLL: -2.629364 | Val mNLL: -2.605098| Time: 1.31s
2025-11-17 14:42:58,476 - INFO - Epoch 302/1000 | Train njNLL: -2.959423 | Train mNLL: -2.935001| Val njNLL: -2.757887 | Val mNLL: -2.734392| Time: 1.29s
2025-11-17 14:42:59,760 - INFO - Epoch 303/1000 | Train njNLL: -3.085187 | Train mNLL: -3.057727| Val njNLL: -2.769092 | Val mNLL: -2.746711| Time: 1.28s
2025-11-17 14:43:01,138 - INFO - Epoch 304/1000 | Train njNLL: -3.122305 | Train mNLL: -3.099284| Val njNLL: -2.820747 | Val mNLL: -2.795059| Time: 1.38s
2025-11-17 14:43:01,276 - INFO - New best model saved with val_loss: -2.820747
2025-11-17 14:43:02,613 - INFO - Epoch 305/1000 | Train njNLL: -3.138893 | Train mNLL: -3.108047| Val njNLL: -2.830512 | Val mNLL: -2.804202| Time: 1.34s
2025-11-17 14:43:02,748 - INFO - New best model saved with val_loss: -2.830512
2025-11-17 14:43:04,025 - INFO - Epoch 306/1000 | Train njNLL: -3.050231 | Train mNLL: -3.020596| Val njNLL: -2.810053 | Val mNLL: -2.782734| Time: 1.28s
2025-11-17 14:43:05,334 - INFO - Epoch 307/1000 | Train njNLL: -2.872280 | Train mNLL: -2.847600| Val njNLL: -2.746307 | Val mNLL: -2.721612| Time: 1.31s
2025-11-17 14:43:06,653 - INFO - Epoch 308/1000 | Train njNLL: -3.026776 | Train mNLL: -3.003665| Val njNLL: -2.795465 | Val mNLL: -2.769113| Time: 1.32s
2025-11-17 14:43:07,932 - INFO - Epoch 309/1000 | Train njNLL: -3.084841 | Train mNLL: -3.059061| Val njNLL: -2.769191 | Val mNLL: -2.746272| Time: 1.28s
2025-11-17 14:43:09,231 - INFO - Epoch 310/1000 | Train njNLL: -3.018359 | Train mNLL: -2.987605| Val njNLL: -2.629327 | Val mNLL: -2.606459| Time: 1.30s
2025-11-17 14:43:10,580 - INFO - Epoch 311/1000 | Train njNLL: -2.930427 | Train mNLL: -2.906108| Val njNLL: -2.703112 | Val mNLL: -2.678669| Time: 1.35s
2025-11-17 14:43:11,860 - INFO - Epoch 312/1000 | Train njNLL: -2.897904 | Train mNLL: -2.871841| Val njNLL: -2.522842 | Val mNLL: -2.497189| Time: 1.28s
2025-11-17 14:43:13,155 - INFO - Epoch 313/1000 | Train njNLL: -2.910960 | Train mNLL: -2.881612| Val njNLL: -2.688351 | Val mNLL: -2.668201| Time: 1.29s
2025-11-17 14:43:14,475 - INFO - Epoch 314/1000 | Train njNLL: -3.026194 | Train mNLL: -3.001883| Val njNLL: -2.516850 | Val mNLL: -2.490713| Time: 1.32s
2025-11-17 14:43:15,761 - INFO - Epoch 315/1000 | Train njNLL: -2.960686 | Train mNLL: -2.934739| Val njNLL: -2.781946 | Val mNLL: -2.759764| Time: 1.29s
2025-11-17 14:43:17,036 - INFO - Epoch 316/1000 | Train njNLL: -3.069536 | Train mNLL: -3.038868| Val njNLL: -2.725299 | Val mNLL: -2.700380| Time: 1.28s
2025-11-17 14:43:18,451 - INFO - Epoch 317/1000 | Train njNLL: -3.053115 | Train mNLL: -3.025619| Val njNLL: -2.821654 | Val mNLL: -2.796153| Time: 1.41s
2025-11-17 14:43:19,791 - INFO - Epoch 318/1000 | Train njNLL: -3.064540 | Train mNLL: -3.038145| Val njNLL: -2.818258 | Val mNLL: -2.794578| Time: 1.34s
2025-11-17 14:43:21,159 - INFO - Epoch 319/1000 | Train njNLL: -3.113663 | Train mNLL: -3.088421| Val njNLL: -2.831337 | Val mNLL: -2.805809| Time: 1.37s
2025-11-17 14:43:21,342 - INFO - New best model saved with val_loss: -2.831337
2025-11-17 14:43:22,728 - INFO - Epoch 320/1000 | Train njNLL: -3.170459 | Train mNLL: -3.145229| Val njNLL: -2.808314 | Val mNLL: -2.783692| Time: 1.39s
2025-11-17 14:43:24,072 - INFO - Epoch 321/1000 | Train njNLL: -3.097914 | Train mNLL: -3.065916| Val njNLL: -2.781231 | Val mNLL: -2.756350| Time: 1.34s
2025-11-17 14:43:25,410 - INFO - Epoch 322/1000 | Train njNLL: -3.056665 | Train mNLL: -3.031663| Val njNLL: -2.806017 | Val mNLL: -2.779155| Time: 1.34s
2025-11-17 14:43:26,734 - INFO - Epoch 323/1000 | Train njNLL: -3.040402 | Train mNLL: -3.017554| Val njNLL: -2.441821 | Val mNLL: -2.423498| Time: 1.32s
2025-11-17 14:43:28,089 - INFO - Epoch 324/1000 | Train njNLL: -2.947484 | Train mNLL: -2.922776| Val njNLL: -2.757395 | Val mNLL: -2.734755| Time: 1.35s
2025-11-17 14:43:29,478 - INFO - Epoch 325/1000 | Train njNLL: -2.933935 | Train mNLL: -2.907367| Val njNLL: -2.737645 | Val mNLL: -2.711783| Time: 1.39s
2025-11-17 14:43:30,849 - INFO - Epoch 326/1000 | Train njNLL: -3.066138 | Train mNLL: -3.040466| Val njNLL: -2.842374 | Val mNLL: -2.817859| Time: 1.37s
2025-11-17 14:43:30,988 - INFO - New best model saved with val_loss: -2.842374
2025-11-17 14:43:32,439 - INFO - Epoch 327/1000 | Train njNLL: -3.121163 | Train mNLL: -3.093358| Val njNLL: -2.819923 | Val mNLL: -2.795746| Time: 1.45s
2025-11-17 14:43:33,779 - INFO - Epoch 328/1000 | Train njNLL: -3.099451 | Train mNLL: -3.073035| Val njNLL: -2.814797 | Val mNLL: -2.791526| Time: 1.34s
2025-11-17 14:43:35,071 - INFO - Epoch 329/1000 | Train njNLL: -3.140774 | Train mNLL: -3.118105| Val njNLL: -2.842727 | Val mNLL: -2.817282| Time: 1.29s
2025-11-17 14:43:35,207 - INFO - New best model saved with val_loss: -2.842727
2025-11-17 14:43:36,491 - INFO - Epoch 330/1000 | Train njNLL: -3.153455 | Train mNLL: -3.129522| Val njNLL: -2.846887 | Val mNLL: -2.821466| Time: 1.28s
2025-11-17 14:43:36,625 - INFO - New best model saved with val_loss: -2.846887
2025-11-17 14:43:37,938 - INFO - Epoch 331/1000 | Train njNLL: -3.166659 | Train mNLL: -3.140243| Val njNLL: -2.842742 | Val mNLL: -2.818251| Time: 1.31s
2025-11-17 14:43:39,311 - INFO - Epoch 332/1000 | Train njNLL: -3.149566 | Train mNLL: -3.123558| Val njNLL: -2.839975 | Val mNLL: -2.814744| Time: 1.37s
2025-11-17 14:43:40,594 - INFO - Epoch 333/1000 | Train njNLL: -3.158357 | Train mNLL: -3.135869| Val njNLL: -2.856067 | Val mNLL: -2.829752| Time: 1.28s
2025-11-17 14:43:40,727 - INFO - New best model saved with val_loss: -2.856067
2025-11-17 14:43:42,006 - INFO - Epoch 334/1000 | Train njNLL: -3.119949 | Train mNLL: -3.094644| Val njNLL: -2.842141 | Val mNLL: -2.816607| Time: 1.28s
2025-11-17 14:43:43,298 - INFO - Epoch 335/1000 | Train njNLL: -3.170746 | Train mNLL: -3.146017| Val njNLL: -2.854956 | Val mNLL: -2.827990| Time: 1.29s
2025-11-17 14:43:44,607 - INFO - Epoch 336/1000 | Train njNLL: -3.165576 | Train mNLL: -3.136083| Val njNLL: -2.856407 | Val mNLL: -2.829619| Time: 1.31s
2025-11-17 14:43:44,748 - INFO - New best model saved with val_loss: -2.856407
2025-11-17 14:43:46,070 - INFO - Epoch 337/1000 | Train njNLL: -3.154318 | Train mNLL: -3.126515| Val njNLL: -2.856508 | Val mNLL: -2.829210| Time: 1.32s
2025-11-17 14:43:46,203 - INFO - New best model saved with val_loss: -2.856508
2025-11-17 14:43:47,498 - INFO - Epoch 338/1000 | Train njNLL: -3.158006 | Train mNLL: -3.137430| Val njNLL: -2.858385 | Val mNLL: -2.833526| Time: 1.30s
2025-11-17 14:43:47,633 - INFO - New best model saved with val_loss: -2.858385
2025-11-17 14:43:48,900 - INFO - Epoch 339/1000 | Train njNLL: -3.112498 | Train mNLL: -3.087859| Val njNLL: -2.877406 | Val mNLL: -2.850000| Time: 1.27s
2025-11-17 14:43:49,036 - INFO - New best model saved with val_loss: -2.877406
2025-11-17 14:43:50,369 - INFO - Epoch 340/1000 | Train njNLL: -3.162790 | Train mNLL: -3.134117| Val njNLL: -2.823523 | Val mNLL: -2.799203| Time: 1.33s
2025-11-17 14:43:51,675 - INFO - Epoch 341/1000 | Train njNLL: -3.166755 | Train mNLL: -3.140405| Val njNLL: -2.855694 | Val mNLL: -2.830860| Time: 1.31s
2025-11-17 14:43:52,955 - INFO - Epoch 342/1000 | Train njNLL: -3.109835 | Train mNLL: -3.086712| Val njNLL: -2.828975 | Val mNLL: -2.803622| Time: 1.28s
2025-11-17 14:43:54,291 - INFO - Epoch 343/1000 | Train njNLL: -3.140417 | Train mNLL: -3.114364| Val njNLL: -2.815437 | Val mNLL: -2.792857| Time: 1.34s
2025-11-17 14:43:55,639 - INFO - Epoch 344/1000 | Train njNLL: -3.073032 | Train mNLL: -3.050629| Val njNLL: -2.771542 | Val mNLL: -2.748491| Time: 1.35s
2025-11-17 14:43:56,939 - INFO - Epoch 345/1000 | Train njNLL: -2.962390 | Train mNLL: -2.939984| Val njNLL: -2.735342 | Val mNLL: -2.713942| Time: 1.30s
2025-11-17 14:43:58,283 - INFO - Epoch 346/1000 | Train njNLL: -3.113374 | Train mNLL: -3.084597| Val njNLL: -2.595919 | Val mNLL: -2.576114| Time: 1.34s
2025-11-17 14:43:59,661 - INFO - Epoch 347/1000 | Train njNLL: -2.851318 | Train mNLL: -2.825783| Val njNLL: -2.756966 | Val mNLL: -2.732976| Time: 1.38s
2025-11-17 14:44:00,928 - INFO - Epoch 348/1000 | Train njNLL: -2.948174 | Train mNLL: -2.919843| Val njNLL: -2.631097 | Val mNLL: -2.611482| Time: 1.27s
2025-11-17 14:44:02,198 - INFO - Epoch 349/1000 | Train njNLL: -3.055002 | Train mNLL: -3.028601| Val njNLL: -2.858992 | Val mNLL: -2.833781| Time: 1.27s
2025-11-17 14:44:03,493 - INFO - Epoch 350/1000 | Train njNLL: -3.136196 | Train mNLL: -3.108915| Val njNLL: -2.851827 | Val mNLL: -2.824018| Time: 1.30s
2025-11-17 14:44:04,779 - INFO - Epoch 351/1000 | Train njNLL: -3.036502 | Train mNLL: -3.006743| Val njNLL: -2.725172 | Val mNLL: -2.702673| Time: 1.29s
2025-11-17 14:44:06,042 - INFO - Epoch 352/1000 | Train njNLL: -3.005130 | Train mNLL: -2.977243| Val njNLL: -2.612161 | Val mNLL: -2.588463| Time: 1.26s
2025-11-17 14:44:07,316 - INFO - Epoch 353/1000 | Train njNLL: -3.000121 | Train mNLL: -2.977956| Val njNLL: -2.730831 | Val mNLL: -2.706027| Time: 1.27s
2025-11-17 14:44:08,744 - INFO - Epoch 354/1000 | Train njNLL: -3.094682 | Train mNLL: -3.065884| Val njNLL: -2.880964 | Val mNLL: -2.854660| Time: 1.43s
2025-11-17 14:44:08,983 - INFO - New best model saved with val_loss: -2.880964
2025-11-17 14:44:10,374 - INFO - Epoch 355/1000 | Train njNLL: -3.189150 | Train mNLL: -3.164484| Val njNLL: -2.879492 | Val mNLL: -2.852486| Time: 1.39s
2025-11-17 14:44:11,752 - INFO - Epoch 356/1000 | Train njNLL: -3.189875 | Train mNLL: -3.168380| Val njNLL: -2.878582 | Val mNLL: -2.851478| Time: 1.38s
2025-11-17 14:44:13,061 - INFO - Epoch 357/1000 | Train njNLL: -3.152043 | Train mNLL: -3.125761| Val njNLL: -2.654634 | Val mNLL: -2.628226| Time: 1.31s
2025-11-17 14:44:14,459 - INFO - Epoch 358/1000 | Train njNLL: -3.141984 | Train mNLL: -3.116264| Val njNLL: -2.872439 | Val mNLL: -2.845489| Time: 1.40s
2025-11-17 14:44:15,938 - INFO - Epoch 359/1000 | Train njNLL: -3.103981 | Train mNLL: -3.080942| Val njNLL: -2.869514 | Val mNLL: -2.845427| Time: 1.48s
2025-11-17 14:44:17,271 - INFO - Epoch 360/1000 | Train njNLL: -3.174103 | Train mNLL: -3.148402| Val njNLL: -2.842564 | Val mNLL: -2.815086| Time: 1.33s
2025-11-17 14:44:18,591 - INFO - Epoch 361/1000 | Train njNLL: -3.196751 | Train mNLL: -3.169802| Val njNLL: -2.897370 | Val mNLL: -2.869839| Time: 1.32s
2025-11-17 14:44:18,829 - INFO - New best model saved with val_loss: -2.897370
2025-11-17 14:44:20,186 - INFO - Epoch 362/1000 | Train njNLL: -3.211818 | Train mNLL: -3.186155| Val njNLL: -2.897590 | Val mNLL: -2.870284| Time: 1.36s
2025-11-17 14:44:20,426 - INFO - New best model saved with val_loss: -2.897590
2025-11-17 14:44:21,744 - INFO - Epoch 363/1000 | Train njNLL: -3.118818 | Train mNLL: -3.091180| Val njNLL: -2.850111 | Val mNLL: -2.824351| Time: 1.32s
2025-11-17 14:44:23,099 - INFO - Epoch 364/1000 | Train njNLL: -3.147440 | Train mNLL: -3.122244| Val njNLL: -2.793052 | Val mNLL: -2.766486| Time: 1.35s
2025-11-17 14:44:24,455 - INFO - Epoch 365/1000 | Train njNLL: -3.148612 | Train mNLL: -3.120867| Val njNLL: -2.792508 | Val mNLL: -2.767690| Time: 1.36s
2025-11-17 14:44:25,837 - INFO - Epoch 366/1000 | Train njNLL: -3.124178 | Train mNLL: -3.102238| Val njNLL: -2.670943 | Val mNLL: -2.646732| Time: 1.38s
2025-11-17 14:44:27,281 - INFO - Epoch 367/1000 | Train njNLL: -2.960154 | Train mNLL: -2.934797| Val njNLL: -2.704058 | Val mNLL: -2.679832| Time: 1.44s
2025-11-17 14:44:28,628 - INFO - Epoch 368/1000 | Train njNLL: -3.020269 | Train mNLL: -2.994460| Val njNLL: -2.653191 | Val mNLL: -2.634270| Time: 1.35s
2025-11-17 14:44:30,026 - INFO - Epoch 369/1000 | Train njNLL: -3.031498 | Train mNLL: -3.005326| Val njNLL: -2.795665 | Val mNLL: -2.768095| Time: 1.40s
2025-11-17 14:44:31,386 - INFO - Epoch 370/1000 | Train njNLL: -3.075547 | Train mNLL: -3.049111| Val njNLL: -2.782336 | Val mNLL: -2.760436| Time: 1.36s
2025-11-17 14:44:32,783 - INFO - Epoch 371/1000 | Train njNLL: -3.107974 | Train mNLL: -3.081420| Val njNLL: -2.788903 | Val mNLL: -2.765798| Time: 1.40s
2025-11-17 14:44:34,176 - INFO - Epoch 372/1000 | Train njNLL: -3.157153 | Train mNLL: -3.128784| Val njNLL: -2.884940 | Val mNLL: -2.858556| Time: 1.39s
2025-11-17 14:44:35,583 - INFO - Epoch 373/1000 | Train njNLL: -3.168572 | Train mNLL: -3.144656| Val njNLL: -2.860077 | Val mNLL: -2.835196| Time: 1.41s
2025-11-17 14:44:36,931 - INFO - Epoch 374/1000 | Train njNLL: -3.118923 | Train mNLL: -3.090977| Val njNLL: -2.696675 | Val mNLL: -2.676852| Time: 1.35s
2025-11-17 14:44:38,246 - INFO - Epoch 375/1000 | Train njNLL: -2.981382 | Train mNLL: -2.953506| Val njNLL: -2.684331 | Val mNLL: -2.665122| Time: 1.31s
2025-11-17 14:44:39,519 - INFO - Epoch 376/1000 | Train njNLL: -2.946685 | Train mNLL: -2.921756| Val njNLL: -2.794838 | Val mNLL: -2.767541| Time: 1.27s
2025-11-17 14:44:40,903 - INFO - Epoch 377/1000 | Train njNLL: -3.095394 | Train mNLL: -3.069325| Val njNLL: -2.840204 | Val mNLL: -2.816135| Time: 1.38s
2025-11-17 14:44:42,181 - INFO - Epoch 378/1000 | Train njNLL: -3.069075 | Train mNLL: -3.046647| Val njNLL: -2.887035 | Val mNLL: -2.861534| Time: 1.28s
2025-11-17 14:44:43,477 - INFO - Epoch 379/1000 | Train njNLL: -3.145862 | Train mNLL: -3.116723| Val njNLL: -2.798384 | Val mNLL: -2.773849| Time: 1.30s
2025-11-17 14:44:44,748 - INFO - Epoch 380/1000 | Train njNLL: -3.185880 | Train mNLL: -3.154886| Val njNLL: -2.891603 | Val mNLL: -2.865743| Time: 1.27s
2025-11-17 14:44:46,041 - INFO - Epoch 381/1000 | Train njNLL: -3.195334 | Train mNLL: -3.171464| Val njNLL: -2.901403 | Val mNLL: -2.874070| Time: 1.29s
2025-11-17 14:44:46,176 - INFO - New best model saved with val_loss: -2.901403
2025-11-17 14:44:47,500 - INFO - Epoch 382/1000 | Train njNLL: -3.209330 | Train mNLL: -3.183443| Val njNLL: -2.860290 | Val mNLL: -2.836562| Time: 1.32s
2025-11-17 14:44:48,753 - INFO - Epoch 383/1000 | Train njNLL: -3.138450 | Train mNLL: -3.120409| Val njNLL: -2.869892 | Val mNLL: -2.845826| Time: 1.25s
2025-11-17 14:44:50,017 - INFO - Epoch 384/1000 | Train njNLL: -3.056443 | Train mNLL: -3.029930| Val njNLL: -2.620929 | Val mNLL: -2.597177| Time: 1.26s
2025-11-17 14:44:51,306 - INFO - Epoch 385/1000 | Train njNLL: -3.093317 | Train mNLL: -3.068187| Val njNLL: -2.905002 | Val mNLL: -2.878783| Time: 1.29s
2025-11-17 14:44:51,683 - INFO - New best model saved with val_loss: -2.905002
2025-11-17 14:44:52,970 - INFO - Epoch 386/1000 | Train njNLL: -3.182657 | Train mNLL: -3.157368| Val njNLL: -2.837606 | Val mNLL: -2.812434| Time: 1.29s
2025-11-17 14:44:54,278 - INFO - Epoch 387/1000 | Train njNLL: -3.200939 | Train mNLL: -3.174556| Val njNLL: -2.901437 | Val mNLL: -2.874928| Time: 1.31s
2025-11-17 14:44:55,596 - INFO - Epoch 388/1000 | Train njNLL: -3.228384 | Train mNLL: -3.200651| Val njNLL: -2.915359 | Val mNLL: -2.888437| Time: 1.32s
2025-11-17 14:44:55,730 - INFO - New best model saved with val_loss: -2.915359
2025-11-17 14:44:57,082 - INFO - Epoch 389/1000 | Train njNLL: -3.118248 | Train mNLL: -3.093406| Val njNLL: -2.736696 | Val mNLL: -2.710304| Time: 1.35s
2025-11-17 14:44:58,414 - INFO - Epoch 390/1000 | Train njNLL: -3.057834 | Train mNLL: -3.032124| Val njNLL: -2.827265 | Val mNLL: -2.802904| Time: 1.33s
2025-11-17 14:44:59,731 - INFO - Epoch 391/1000 | Train njNLL: -3.169847 | Train mNLL: -3.149158| Val njNLL: -2.856691 | Val mNLL: -2.832568| Time: 1.32s
2025-11-17 14:45:01,036 - INFO - Epoch 392/1000 | Train njNLL: -3.197354 | Train mNLL: -3.174509| Val njNLL: -2.895835 | Val mNLL: -2.868252| Time: 1.30s
2025-11-17 14:45:02,414 - INFO - Epoch 393/1000 | Train njNLL: -3.158436 | Train mNLL: -3.135266| Val njNLL: -2.868708 | Val mNLL: -2.843034| Time: 1.38s
2025-11-17 14:45:03,776 - INFO - Epoch 394/1000 | Train njNLL: -3.173951 | Train mNLL: -3.146669| Val njNLL: -2.878680 | Val mNLL: -2.852335| Time: 1.36s
2025-11-17 14:45:05,084 - INFO - Epoch 395/1000 | Train njNLL: -3.160537 | Train mNLL: -3.134443| Val njNLL: -2.871432 | Val mNLL: -2.846281| Time: 1.31s
2025-11-17 14:45:06,364 - INFO - Epoch 396/1000 | Train njNLL: -3.197181 | Train mNLL: -3.171129| Val njNLL: -2.775543 | Val mNLL: -2.752608| Time: 1.28s
2025-11-17 14:45:07,638 - INFO - Epoch 397/1000 | Train njNLL: -3.065849 | Train mNLL: -3.041277| Val njNLL: -2.734568 | Val mNLL: -2.711111| Time: 1.27s
2025-11-17 14:45:08,931 - INFO - Epoch 398/1000 | Train njNLL: -3.056672 | Train mNLL: -3.032282| Val njNLL: -2.845897 | Val mNLL: -2.823705| Time: 1.29s
2025-11-17 14:45:10,217 - INFO - Epoch 399/1000 | Train njNLL: -3.151598 | Train mNLL: -3.127781| Val njNLL: -2.822772 | Val mNLL: -2.796572| Time: 1.29s
2025-11-17 14:45:11,528 - INFO - Epoch 400/1000 | Train njNLL: -3.165032 | Train mNLL: -3.143096| Val njNLL: -2.922471 | Val mNLL: -2.895557| Time: 1.31s
2025-11-17 14:45:11,679 - INFO - New best model saved with val_loss: -2.922471
2025-11-17 14:45:13,065 - INFO - Epoch 401/1000 | Train njNLL: -3.230724 | Train mNLL: -3.203544| Val njNLL: -2.899734 | Val mNLL: -2.875130| Time: 1.39s
2025-11-17 14:45:14,426 - INFO - Epoch 402/1000 | Train njNLL: -3.187369 | Train mNLL: -3.164053| Val njNLL: -2.931711 | Val mNLL: -2.905012| Time: 1.36s
2025-11-17 14:45:14,564 - INFO - New best model saved with val_loss: -2.931711
2025-11-17 14:45:15,933 - INFO - Epoch 403/1000 | Train njNLL: -3.173034 | Train mNLL: -3.146054| Val njNLL: -2.863201 | Val mNLL: -2.835965| Time: 1.37s
2025-11-17 14:45:17,208 - INFO - Epoch 404/1000 | Train njNLL: -3.032113 | Train mNLL: -3.007855| Val njNLL: -2.871324 | Val mNLL: -2.847340| Time: 1.28s
2025-11-17 14:45:18,511 - INFO - Epoch 405/1000 | Train njNLL: -2.989600 | Train mNLL: -2.966127| Val njNLL: -2.581639 | Val mNLL: -2.563903| Time: 1.30s
2025-11-17 14:45:19,813 - INFO - Epoch 406/1000 | Train njNLL: -3.117518 | Train mNLL: -3.092180| Val njNLL: -2.918413 | Val mNLL: -2.892682| Time: 1.30s
2025-11-17 14:45:21,100 - INFO - Epoch 407/1000 | Train njNLL: -3.216497 | Train mNLL: -3.188873| Val njNLL: -2.932794 | Val mNLL: -2.906490| Time: 1.29s
2025-11-17 14:45:21,301 - INFO - New best model saved with val_loss: -2.932794
2025-11-17 14:45:22,671 - INFO - Epoch 408/1000 | Train njNLL: -3.216669 | Train mNLL: -3.194266| Val njNLL: -2.891816 | Val mNLL: -2.867205| Time: 1.37s
2025-11-17 14:45:23,974 - INFO - Epoch 409/1000 | Train njNLL: -3.103901 | Train mNLL: -3.072344| Val njNLL: -2.772145 | Val mNLL: -2.748692| Time: 1.30s
2025-11-17 14:45:25,221 - INFO - Epoch 410/1000 | Train njNLL: -3.074325 | Train mNLL: -3.050071| Val njNLL: -2.781518 | Val mNLL: -2.759404| Time: 1.25s
2025-11-17 14:45:26,582 - INFO - Epoch 411/1000 | Train njNLL: -3.122742 | Train mNLL: -3.096608| Val njNLL: -2.903868 | Val mNLL: -2.877619| Time: 1.36s
2025-11-17 14:45:27,857 - INFO - Epoch 412/1000 | Train njNLL: -3.264911 | Train mNLL: -3.244256| Val njNLL: -2.938483 | Val mNLL: -2.911930| Time: 1.27s
2025-11-17 14:45:27,991 - INFO - New best model saved with val_loss: -2.938483
2025-11-17 14:45:29,389 - INFO - Epoch 413/1000 | Train njNLL: -3.220095 | Train mNLL: -3.192950| Val njNLL: -2.661884 | Val mNLL: -2.643055| Time: 1.40s
2025-11-17 14:45:30,675 - INFO - Epoch 414/1000 | Train njNLL: -2.946536 | Train mNLL: -2.923940| Val njNLL: -2.812811 | Val mNLL: -2.790723| Time: 1.29s
2025-11-17 14:45:31,972 - INFO - Epoch 415/1000 | Train njNLL: -3.203515 | Train mNLL: -3.178321| Val njNLL: -2.939859 | Val mNLL: -2.912266| Time: 1.30s
2025-11-17 14:45:32,143 - INFO - New best model saved with val_loss: -2.939859
2025-11-17 14:45:33,462 - INFO - Epoch 416/1000 | Train njNLL: -3.218003 | Train mNLL: -3.196005| Val njNLL: -2.862747 | Val mNLL: -2.836868| Time: 1.32s
2025-11-17 14:45:34,822 - INFO - Epoch 417/1000 | Train njNLL: -2.904346 | Train mNLL: -2.876545| Val njNLL: -2.579069 | Val mNLL: -2.552785| Time: 1.36s
2025-11-17 14:45:36,108 - INFO - Epoch 418/1000 | Train njNLL: -2.861094 | Train mNLL: -2.838312| Val njNLL: -2.472036 | Val mNLL: -2.447906| Time: 1.29s
2025-11-17 14:45:37,488 - INFO - Epoch 419/1000 | Train njNLL: -3.062932 | Train mNLL: -3.038355| Val njNLL: -2.772571 | Val mNLL: -2.751479| Time: 1.38s
2025-11-17 14:45:38,799 - INFO - Epoch 420/1000 | Train njNLL: -3.008812 | Train mNLL: -2.985331| Val njNLL: -2.888643 | Val mNLL: -2.863088| Time: 1.31s
2025-11-17 14:45:40,141 - INFO - Epoch 421/1000 | Train njNLL: -3.071362 | Train mNLL: -3.048792| Val njNLL: -2.640956 | Val mNLL: -2.615018| Time: 1.34s
2025-11-17 14:45:41,407 - INFO - Epoch 422/1000 | Train njNLL: -3.064828 | Train mNLL: -3.033657| Val njNLL: -2.644191 | Val mNLL: -2.623143| Time: 1.27s
2025-11-17 14:45:42,677 - INFO - Epoch 423/1000 | Train njNLL: -2.937952 | Train mNLL: -2.912360| Val njNLL: -2.789901 | Val mNLL: -2.765126| Time: 1.27s
2025-11-17 14:45:43,937 - INFO - Epoch 424/1000 | Train njNLL: -3.079674 | Train mNLL: -3.050511| Val njNLL: -2.820712 | Val mNLL: -2.797041| Time: 1.26s
2025-11-17 14:45:45,282 - INFO - Epoch 425/1000 | Train njNLL: -3.100250 | Train mNLL: -3.072260| Val njNLL: -2.867623 | Val mNLL: -2.843076| Time: 1.34s
2025-11-17 14:45:46,573 - INFO - Epoch 426/1000 | Train njNLL: -3.220602 | Train mNLL: -3.190340| Val njNLL: -2.770827 | Val mNLL: -2.746294| Time: 1.29s
2025-11-17 14:45:47,846 - INFO - Epoch 427/1000 | Train njNLL: -3.233243 | Train mNLL: -3.208843| Val njNLL: -2.924352 | Val mNLL: -2.899980| Time: 1.27s
2025-11-17 14:45:49,208 - INFO - Epoch 428/1000 | Train njNLL: -3.213774 | Train mNLL: -3.190532| Val njNLL: -2.919806 | Val mNLL: -2.892758| Time: 1.36s
2025-11-17 14:45:50,464 - INFO - Epoch 429/1000 | Train njNLL: -3.223299 | Train mNLL: -3.197908| Val njNLL: -2.874193 | Val mNLL: -2.851507| Time: 1.26s
2025-11-17 14:45:51,718 - INFO - Epoch 430/1000 | Train njNLL: -3.257119 | Train mNLL: -3.228117| Val njNLL: -2.927264 | Val mNLL: -2.902446| Time: 1.25s
2025-11-17 14:45:52,993 - INFO - Epoch 431/1000 | Train njNLL: -3.234562 | Train mNLL: -3.212063| Val njNLL: -2.891124 | Val mNLL: -2.863565| Time: 1.28s
2025-11-17 14:45:54,276 - INFO - Epoch 432/1000 | Train njNLL: -3.234606 | Train mNLL: -3.209471| Val njNLL: -2.955650 | Val mNLL: -2.927861| Time: 1.28s
2025-11-17 14:45:54,407 - INFO - New best model saved with val_loss: -2.955650
2025-11-17 14:45:55,699 - INFO - Epoch 433/1000 | Train njNLL: -3.281278 | Train mNLL: -3.256030| Val njNLL: -2.916839 | Val mNLL: -2.888829| Time: 1.29s
2025-11-17 14:45:57,042 - INFO - Epoch 434/1000 | Train njNLL: -3.161992 | Train mNLL: -3.137084| Val njNLL: -2.736290 | Val mNLL: -2.711140| Time: 1.34s
2025-11-17 14:45:58,388 - INFO - Epoch 435/1000 | Train njNLL: -3.221562 | Train mNLL: -3.195902| Val njNLL: -2.924654 | Val mNLL: -2.899380| Time: 1.35s
2025-11-17 14:45:59,650 - INFO - Epoch 436/1000 | Train njNLL: -3.205187 | Train mNLL: -3.179452| Val njNLL: -2.947989 | Val mNLL: -2.920810| Time: 1.26s
2025-11-17 14:46:00,986 - INFO - Epoch 437/1000 | Train njNLL: -3.240358 | Train mNLL: -3.214932| Val njNLL: -2.954416 | Val mNLL: -2.927877| Time: 1.34s
2025-11-17 14:46:02,258 - INFO - Epoch 438/1000 | Train njNLL: -3.257660 | Train mNLL: -3.230611| Val njNLL: -2.954507 | Val mNLL: -2.928118| Time: 1.27s
2025-11-17 14:46:03,549 - INFO - Epoch 439/1000 | Train njNLL: -3.281706 | Train mNLL: -3.253683| Val njNLL: -2.958396 | Val mNLL: -2.929564| Time: 1.29s
2025-11-17 14:46:03,683 - INFO - New best model saved with val_loss: -2.958396
2025-11-17 14:46:05,033 - INFO - Epoch 440/1000 | Train njNLL: -3.240314 | Train mNLL: -3.220277| Val njNLL: -2.964509 | Val mNLL: -2.936454| Time: 1.35s
2025-11-17 14:46:05,171 - INFO - New best model saved with val_loss: -2.964509
2025-11-17 14:46:06,515 - INFO - Epoch 441/1000 | Train njNLL: -3.227347 | Train mNLL: -3.200023| Val njNLL: -2.908859 | Val mNLL: -2.883913| Time: 1.34s
2025-11-17 14:46:07,803 - INFO - Epoch 442/1000 | Train njNLL: -3.274447 | Train mNLL: -3.247384| Val njNLL: -2.968365 | Val mNLL: -2.940332| Time: 1.29s
2025-11-17 14:46:07,937 - INFO - New best model saved with val_loss: -2.968365
2025-11-17 14:46:09,258 - INFO - Epoch 443/1000 | Train njNLL: -3.246571 | Train mNLL: -3.224638| Val njNLL: -2.778712 | Val mNLL: -2.752438| Time: 1.32s
2025-11-17 14:46:10,622 - INFO - Epoch 444/1000 | Train njNLL: -3.155259 | Train mNLL: -3.130756| Val njNLL: -2.892060 | Val mNLL: -2.868036| Time: 1.36s
2025-11-17 14:46:11,993 - INFO - Epoch 445/1000 | Train njNLL: -3.073544 | Train mNLL: -3.046514| Val njNLL: -2.957815 | Val mNLL: -2.929710| Time: 1.37s
2025-11-17 14:46:13,263 - INFO - Epoch 446/1000 | Train njNLL: -3.282390 | Train mNLL: -3.254495| Val njNLL: -2.955825 | Val mNLL: -2.929507| Time: 1.27s
2025-11-17 14:46:14,513 - INFO - Epoch 447/1000 | Train njNLL: -3.266084 | Train mNLL: -3.234904| Val njNLL: -2.908727 | Val mNLL: -2.880326| Time: 1.25s
2025-11-17 14:46:15,767 - INFO - Epoch 448/1000 | Train njNLL: -3.144489 | Train mNLL: -3.117644| Val njNLL: -2.691624 | Val mNLL: -2.669085| Time: 1.25s
2025-11-17 14:46:17,086 - INFO - Epoch 449/1000 | Train njNLL: -3.078442 | Train mNLL: -3.051881| Val njNLL: -2.818612 | Val mNLL: -2.796837| Time: 1.32s
2025-11-17 14:46:18,433 - INFO - Epoch 450/1000 | Train njNLL: -3.188701 | Train mNLL: -3.168647| Val njNLL: -2.735775 | Val mNLL: -2.715329| Time: 1.35s
2025-11-17 14:46:19,723 - INFO - Epoch 451/1000 | Train njNLL: -3.061245 | Train mNLL: -3.035370| Val njNLL: -2.894110 | Val mNLL: -2.870281| Time: 1.29s
2025-11-17 14:46:21,049 - INFO - Epoch 452/1000 | Train njNLL: -2.954083 | Train mNLL: -2.928520| Val njNLL: -2.957453 | Val mNLL: -2.930348| Time: 1.33s
2025-11-17 14:46:22,360 - INFO - Epoch 453/1000 | Train njNLL: -2.927415 | Train mNLL: -2.898552| Val njNLL: -2.771253 | Val mNLL: -2.750994| Time: 1.31s
2025-11-17 14:46:23,738 - INFO - Epoch 454/1000 | Train njNLL: -3.126162 | Train mNLL: -3.101952| Val njNLL: -2.946392 | Val mNLL: -2.920687| Time: 1.38s
2025-11-17 14:46:25,040 - INFO - Epoch 455/1000 | Train njNLL: -3.196990 | Train mNLL: -3.172489| Val njNLL: -2.781211 | Val mNLL: -2.759047| Time: 1.30s
2025-11-17 14:46:26,405 - INFO - Epoch 456/1000 | Train njNLL: -2.956846 | Train mNLL: -2.926325| Val njNLL: -2.583844 | Val mNLL: -2.561431| Time: 1.36s
2025-11-17 14:46:27,805 - INFO - Epoch 457/1000 | Train njNLL: -3.103820 | Train mNLL: -3.081165| Val njNLL: -2.831590 | Val mNLL: -2.805284| Time: 1.40s
2025-11-17 14:46:29,131 - INFO - Epoch 458/1000 | Train njNLL: -3.247158 | Train mNLL: -3.220295| Val njNLL: -2.892485 | Val mNLL: -2.863443| Time: 1.32s
2025-11-17 14:46:30,448 - INFO - Epoch 459/1000 | Train njNLL: -3.277337 | Train mNLL: -3.251903| Val njNLL: -2.908583 | Val mNLL: -2.880806| Time: 1.32s
2025-11-17 14:46:31,710 - INFO - Epoch 460/1000 | Train njNLL: -3.250629 | Train mNLL: -3.223379| Val njNLL: -2.911892 | Val mNLL: -2.887392| Time: 1.26s
2025-11-17 14:46:33,012 - INFO - Epoch 461/1000 | Train njNLL: -3.268458 | Train mNLL: -3.245969| Val njNLL: -2.959753 | Val mNLL: -2.933260| Time: 1.30s
2025-11-17 14:46:34,312 - INFO - Epoch 462/1000 | Train njNLL: -3.249824 | Train mNLL: -3.226159| Val njNLL: -2.972944 | Val mNLL: -2.946327| Time: 1.30s
2025-11-17 14:46:34,447 - INFO - New best model saved with val_loss: -2.972944
2025-11-17 14:46:35,716 - INFO - Epoch 463/1000 | Train njNLL: -3.229743 | Train mNLL: -3.208308| Val njNLL: -2.956844 | Val mNLL: -2.928352| Time: 1.27s
2025-11-17 14:46:37,083 - INFO - Epoch 464/1000 | Train njNLL: -3.262864 | Train mNLL: -3.235340| Val njNLL: -2.974382 | Val mNLL: -2.946756| Time: 1.37s
2025-11-17 14:46:37,219 - INFO - New best model saved with val_loss: -2.974382
2025-11-17 14:46:38,652 - INFO - Epoch 465/1000 | Train njNLL: -3.181801 | Train mNLL: -3.158899| Val njNLL: -2.734496 | Val mNLL: -2.714217| Time: 1.43s
2025-11-17 14:46:39,939 - INFO - Epoch 466/1000 | Train njNLL: -3.235256 | Train mNLL: -3.210010| Val njNLL: -2.930849 | Val mNLL: -2.903844| Time: 1.29s
2025-11-17 14:46:41,318 - INFO - Epoch 467/1000 | Train njNLL: -3.252649 | Train mNLL: -3.227411| Val njNLL: -2.874015 | Val mNLL: -2.851631| Time: 1.38s
2025-11-17 14:46:42,612 - INFO - Epoch 468/1000 | Train njNLL: -3.212386 | Train mNLL: -3.185143| Val njNLL: -2.979441 | Val mNLL: -2.951277| Time: 1.29s
2025-11-17 14:46:42,748 - INFO - New best model saved with val_loss: -2.979441
2025-11-17 14:46:44,048 - INFO - Epoch 469/1000 | Train njNLL: -3.221911 | Train mNLL: -3.191557| Val njNLL: -2.880430 | Val mNLL: -2.855656| Time: 1.30s
2025-11-17 14:46:45,395 - INFO - Epoch 470/1000 | Train njNLL: -3.203532 | Train mNLL: -3.177069| Val njNLL: -2.849505 | Val mNLL: -2.825191| Time: 1.35s
2025-11-17 14:46:46,674 - INFO - Epoch 471/1000 | Train njNLL: -3.082119 | Train mNLL: -3.055330| Val njNLL: -2.396257 | Val mNLL: -2.382642| Time: 1.28s
2025-11-17 14:46:48,015 - INFO - Epoch 472/1000 | Train njNLL: -3.072077 | Train mNLL: -3.047550| Val njNLL: -2.785361 | Val mNLL: -2.757261| Time: 1.34s
2025-11-17 14:46:49,329 - INFO - Epoch 473/1000 | Train njNLL: -3.214680 | Train mNLL: -3.190942| Val njNLL: -2.878466 | Val mNLL: -2.851319| Time: 1.31s
2025-11-17 14:46:50,651 - INFO - Epoch 474/1000 | Train njNLL: -3.170994 | Train mNLL: -3.144287| Val njNLL: -2.854332 | Val mNLL: -2.831244| Time: 1.32s
2025-11-17 14:46:51,940 - INFO - Epoch 475/1000 | Train njNLL: -3.168904 | Train mNLL: -3.147098| Val njNLL: -2.959810 | Val mNLL: -2.931655| Time: 1.29s
2025-11-17 14:46:53,272 - INFO - Epoch 476/1000 | Train njNLL: -3.280651 | Train mNLL: -3.254260| Val njNLL: -2.943560 | Val mNLL: -2.917126| Time: 1.33s
2025-11-17 14:46:54,630 - INFO - Epoch 477/1000 | Train njNLL: -3.170991 | Train mNLL: -3.146320| Val njNLL: -2.545357 | Val mNLL: -2.522756| Time: 1.36s
2025-11-17 14:46:55,918 - INFO - Epoch 478/1000 | Train njNLL: -3.127345 | Train mNLL: -3.102027| Val njNLL: -2.853848 | Val mNLL: -2.830832| Time: 1.29s
2025-11-17 14:46:57,397 - INFO - Epoch 479/1000 | Train njNLL: -3.230693 | Train mNLL: -3.205192| Val njNLL: -2.918395 | Val mNLL: -2.893419| Time: 1.48s
2025-11-17 14:46:58,757 - INFO - Epoch 480/1000 | Train njNLL: -3.225864 | Train mNLL: -3.202364| Val njNLL: -2.920019 | Val mNLL: -2.893003| Time: 1.36s
2025-11-17 14:47:00,120 - INFO - Epoch 481/1000 | Train njNLL: -3.185812 | Train mNLL: -3.162134| Val njNLL: -2.977945 | Val mNLL: -2.951970| Time: 1.36s
2025-11-17 14:47:01,511 - INFO - Epoch 482/1000 | Train njNLL: -3.189340 | Train mNLL: -3.165863| Val njNLL: -2.935954 | Val mNLL: -2.908965| Time: 1.39s
2025-11-17 14:47:02,910 - INFO - Epoch 483/1000 | Train njNLL: -3.303392 | Train mNLL: -3.277125| Val njNLL: -2.976271 | Val mNLL: -2.948869| Time: 1.40s
2025-11-17 14:47:04,258 - INFO - Epoch 484/1000 | Train njNLL: -3.285875 | Train mNLL: -3.259471| Val njNLL: -2.972097 | Val mNLL: -2.945225| Time: 1.35s
2025-11-17 14:47:05,608 - INFO - Epoch 485/1000 | Train njNLL: -3.297330 | Train mNLL: -3.267474| Val njNLL: -2.972269 | Val mNLL: -2.943362| Time: 1.35s
2025-11-17 14:47:06,875 - INFO - Epoch 486/1000 | Train njNLL: -3.304974 | Train mNLL: -3.278453| Val njNLL: -2.922786 | Val mNLL: -2.898722| Time: 1.27s
2025-11-17 14:47:08,173 - INFO - Epoch 487/1000 | Train njNLL: -3.250098 | Train mNLL: -3.224686| Val njNLL: -2.667283 | Val mNLL: -2.649270| Time: 1.30s
2025-11-17 14:47:09,500 - INFO - Epoch 488/1000 | Train njNLL: -3.097219 | Train mNLL: -3.071369| Val njNLL: -2.551744 | Val mNLL: -2.529463| Time: 1.33s
2025-11-17 14:47:10,810 - INFO - Epoch 489/1000 | Train njNLL: -3.125414 | Train mNLL: -3.103141| Val njNLL: -2.959254 | Val mNLL: -2.934211| Time: 1.31s
2025-11-17 14:47:12,135 - INFO - Epoch 490/1000 | Train njNLL: -3.192148 | Train mNLL: -3.168488| Val njNLL: -2.903471 | Val mNLL: -2.875491| Time: 1.33s
2025-11-17 14:47:13,470 - INFO - Epoch 491/1000 | Train njNLL: -3.224540 | Train mNLL: -3.201579| Val njNLL: -2.971654 | Val mNLL: -2.944648| Time: 1.33s
2025-11-17 14:47:14,814 - INFO - Epoch 492/1000 | Train njNLL: -3.260187 | Train mNLL: -3.235187| Val njNLL: -2.840731 | Val mNLL: -2.813753| Time: 1.34s
2025-11-17 14:47:16,194 - INFO - Epoch 493/1000 | Train njNLL: -3.267710 | Train mNLL: -3.241066| Val njNLL: -2.841063 | Val mNLL: -2.819177| Time: 1.38s
2025-11-17 14:47:17,574 - INFO - Epoch 494/1000 | Train njNLL: -3.035483 | Train mNLL: -3.014064| Val njNLL: -2.928902 | Val mNLL: -2.904442| Time: 1.38s
2025-11-17 14:47:18,869 - INFO - Epoch 495/1000 | Train njNLL: -2.982500 | Train mNLL: -2.961689| Val njNLL: -2.787385 | Val mNLL: -2.761497| Time: 1.29s
2025-11-17 14:47:20,255 - INFO - Epoch 496/1000 | Train njNLL: -3.093128 | Train mNLL: -3.065903| Val njNLL: -2.928611 | Val mNLL: -2.904079| Time: 1.39s
2025-11-17 14:47:21,533 - INFO - Epoch 497/1000 | Train njNLL: -3.224183 | Train mNLL: -3.195875| Val njNLL: -2.897099 | Val mNLL: -2.871330| Time: 1.28s
2025-11-17 14:47:22,876 - INFO - Epoch 498/1000 | Train njNLL: -3.264383 | Train mNLL: -3.240473| Val njNLL: -2.975009 | Val mNLL: -2.946438| Time: 1.34s
2025-11-17 14:47:22,876 - INFO - Early stopping after 30 epochs without improvement
2025-11-17 14:47:22,876 - INFO - Loading best model for final evaluation...
2025-11-17 14:47:23,375 - INFO - Final Results:
2025-11-17 14:47:23,376 - INFO - Best Val nJNLL: -2.979441
2025-11-17 14:47:23,376 - INFO - Test njNLL: -3.426649
2025-11-17 14:47:23,376 - INFO - Test mNLL: -3.416405
2025-11-17 14:47:23,376 - INFO - Test mse: 0.240708
2025-11-17 14:47:23,376 - INFO - Test robust mse: 0.242409
2025-11-17 14:47:23,376 - INFO - Test crps: 0.154077
2025-11-17 14:47:23,376 - INFO - Test energy score: 0.404365
2025-11-17 14:47:23,376 - INFO - Evaluation Time: 0.45s
2025-11-17 14:47:35,326 - INFO - Final Results:
2025-11-17 14:47:35,326 - INFO - Test mNLL individual: -3.337746
2025-11-17 14:47:35,327 - INFO - Test mse individual: 0.305233
2025-11-17 14:47:35,327 - INFO - Test robust mse individual: 0.305276
2025-11-17 14:47:35,327 - INFO - Test crps individual: 0.168215
2025-11-17 14:47:35,327 - INFO - Evaluation Time: 12.40s
