/home/yalavarthi/miniconda3/envs/linodenet/lib/python3.10/site-packages/tsdm/viz/_config.py:54: UserWarning: matplotlib: no LaTeX rendering
  warnings.warn("matplotlib: no LaTeX rendering")
/home/yalavarthi/miniconda3/envs/linodenet/lib/python3.10/site-packages/tsdm/datasets/base.py:285: UserWarning: File 'USHCN_DeBrouwer2019.parquet' failed to validate!File hash '9d6011771a0001d53a8a083b5df7a005ff7808a2c2d1c6396c3fcbf43aa46994' does not match reference 'bbd12ab38b4b7f9c69a07409c26967fe16af3b608daae9816312859199b5ce86'.ğ—œğ—´ğ—»ğ—¼ğ—¿ğ—² ğ˜ğ—µğ—¶ğ˜€ ğ˜„ğ—®ğ—¿ğ—»ğ—¶ğ—»ğ—´ ğ—¶ğ—³ ğ˜ğ—µğ—² ğ—³ğ—¶ğ—¹ğ—² ğ—³ğ—¼ğ—¿ğ—ºğ—®ğ˜ ğ—¶ğ˜€ ğ—½ğ—®ğ—¿ğ—¾ğ˜‚ğ—²ğ˜.
  warnings.warn(
/home/yalavarthi/miniconda3/envs/linodenet/lib/python3.10/site-packages/tsdm/datasets/base.py:285: UserWarning: File 'USHCN_DeBrouwer2019.parquet' failed to validate!File hash '9d6011771a0001d53a8a083b5df7a005ff7808a2c2d1c6396c3fcbf43aa46994' does not match reference 'bbd12ab38b4b7f9c69a07409c26967fe16af3b608daae9816312859199b5ce86'.ğ—œğ—´ğ—»ğ—¼ğ—¿ğ—² ğ˜ğ—µğ—¶ğ˜€ ğ˜„ğ—®ğ—¿ğ—»ğ—¶ğ—»ğ—´ ğ—¶ğ—³ ğ˜ğ—µğ—² ğ—³ğ—¶ğ—¹ğ—² ğ—³ğ—¼ğ—¿ğ—ºğ—®ğ˜ ğ—¶ğ˜€ ğ—½ğ—®ğ—¿ğ—¾ğ˜‚ğ—²ğ˜.
  warnings.warn(
Fatal error condition occurred in /opt/vcpkg/buildtrees/aws-c-io/src/9e6648842a-364b708815.clean/source/event_loop.c:72: aws_thread_launch(&cleanup_thread, s_event_loop_destroy_async_thread_fn, el_group, &thread_options) == AWS_OP_SUCCESS
Exiting Application
################################################################################
Stack trace:
################################################################################
/home/yalavarthi/miniconda3/envs/linodenet/lib/python3.10/site-packages/pyarrow/libarrow.so.900(+0x200af06) [0x7fa8240c2f06]
/home/yalavarthi/miniconda3/envs/linodenet/lib/python3.10/site-packages/pyarrow/libarrow.so.900(+0x20028e5) [0x7fa8240ba8e5]
/home/yalavarthi/miniconda3/envs/linodenet/lib/python3.10/site-packages/pyarrow/libarrow.so.900(+0x1f27e09) [0x7fa823fdfe09]
/home/yalavarthi/miniconda3/envs/linodenet/lib/python3.10/site-packages/pyarrow/libarrow.so.900(+0x200ba3d) [0x7fa8240c3a3d]
/home/yalavarthi/miniconda3/envs/linodenet/lib/python3.10/site-packages/pyarrow/libarrow.so.900(+0x1f25948) [0x7fa823fdd948]
/home/yalavarthi/miniconda3/envs/linodenet/lib/python3.10/site-packages/pyarrow/libarrow.so.900(+0x200ba3d) [0x7fa8240c3a3d]
/home/yalavarthi/miniconda3/envs/linodenet/lib/python3.10/site-packages/pyarrow/libarrow.so.900(+0x1ee0b46) [0x7fa823f98b46]
/home/yalavarthi/miniconda3/envs/linodenet/lib/python3.10/site-packages/pyarrow/libarrow.so.900(+0x194546a) [0x7fa8239fd46a]
/lib/x86_64-linux-gnu/libc.so.6(+0x468d7) [0x7fa9000aa8d7]
/lib/x86_64-linux-gnu/libc.so.6(on_exit+0) [0x7fa9000aaa90]
/home/yalavarthi/miniconda3/envs/linodenet/bin/python(+0x28db18) [0x564a20d14b18]
/home/yalavarthi/miniconda3/envs/linodenet/bin/python(+0x28db4b) [0x564a20d14b4b]
/home/yalavarthi/miniconda3/envs/linodenet/bin/python(+0x28db90) [0x564a20d14b90]
/home/yalavarthi/miniconda3/envs/linodenet/bin/python(_PyRun_SimpleFileObject+0x1e6) [0x564a20d183e6]
/home/yalavarthi/miniconda3/envs/linodenet/bin/python(_PyRun_AnyFileObject+0x44) [0x564a20d184c4]
/home/yalavarthi/miniconda3/envs/linodenet/bin/python(Py_RunMain+0x35d) [0x564a20d195bd]
/home/yalavarthi/miniconda3/envs/linodenet/bin/python(Py_BytesMain+0x39) [0x564a20d197d9]
/lib/x86_64-linux-gnu/libc.so.6(__libc_start_main+0xf3) [0x7fa9000880b3]
/home/yalavarthi/miniconda3/envs/linodenet/bin/python(+0x2125d4) [0x564a20c995d4]
srun: error: gpu-103: task 0: Aborted
