train_mnf.py --batch-size 64 --epochs 1000 -lr 0.001 --dataset ushcn --n-gaussians 5 --flayers 3 --n-heads 2 --encoder grafiti --enc-layers 4 --n-hidden 128 -ct 36 -ft 0 --fold 0
2025-11-17 11:57:52,309 - INFO - Arguments: Namespace(epochs=1000, batch_size=64, val_batch_size=50, learn_rate=0.001, betas=[0.9, 0.999], weight_decay=0.001, seed=818921702, flayers=3, n_gaussians=5, n_heads=2, encoder='grafiti', enc_layers=4, n_hiddens=128, dataset='ushcn', forc_time=0, cond_time=36, nfolds=5, fold=0, bounds=20, num_bins=16, output_dir='saved_models', patience=30, scheduler_patience=10)
2025-11-17 11:57:52,309 - INFO - Starting training with experiment ID: 7072309
2025-11-17 11:57:52,310 - INFO - Using device: cuda
2025-11-17 11:57:52,332 - INFO - Available Models: {'NODE', 'GRU-ODE-Bayes', 'SET-TS', 'ODE-RNN', 'TFT', 'N-BEATS', 'Informer', 'TPA', 'Latent-ODE', 'IP-Net', 'NCDE', 'M-RNN', 'BRITS', 'mTAN'}
2025-11-17 11:57:52,332 - INFO - Available Datasets: {'M3', 'M4', 'Traffic', 'Physionet 2019', 'Physionet 2012', 'Human Activity', 'tourism1', 'MuJoCo', 'Household Consumption', 'UWAVE', 'tourism2', 'USHCN', 'Electricity', 'M5', 'Character Trajectories', 'Air Quality', 'Air Quality Multi-Site'}
2025-11-17 11:57:52,457 - INFO - Note: NumExpr detected 64 cores but "NUMEXPR_MAX_THREADS" not set, so enforcing safe limit of 8.
2025-11-17 11:57:52,457 - INFO - NumExpr defaulting to 8 threads.
2025-11-17 11:57:53,859 - WARNING - usetex mode requires TeX.
2025-11-17 11:57:53,974 - INFO - File 'USHCN_DeBrouwer2019.parquet' validated successfully 'filehash='9d6011771a0001d53a8a083b5df7a005ff7808a2c2d1c6396c3fcbf43aa46994''.
2025-11-17 11:57:54,095 - INFO - File 'USHCN_DeBrouwer2019.parquet' validated successfully 'filehash='9d6011771a0001d53a8a083b5df7a005ff7808a2c2d1c6396c3fcbf43aa46994''.
2025-11-17 11:57:55,057 - INFO - Model initialized with 1113407 parameters
=================================================================
Layer (type:depth-idx)                   Param #
=================================================================
Moses                                    --
├─ModuleList: 1-1                        --
│    └─RationalLinearSplineFlow: 2-1     --
│    │    └─Linear: 3-1                  2,064
│    │    └─Linear: 3-2                  2,064
│    │    └─Linear: 3-3                  1,935
│    │    └─Linear: 3-4                  2,064
│    └─RationalLinearSplineFlow: 2-2     --
│    │    └─Linear: 3-5                  2,064
│    │    └─Linear: 3-6                  2,064
│    │    └─Linear: 3-7                  1,935
│    │    └─Linear: 3-8                  2,064
│    └─RationalLinearSplineFlow: 2-3     --
│    │    └─Linear: 3-9                  2,064
│    │    └─Linear: 3-10                 2,064
│    │    └─Linear: 3-11                 1,935
│    │    └─Linear: 3-12                 2,064
├─MultiGaussian: 1-2                     --
│    └─Linear: 2-4                       129
│    └─Linear: 2-5                       16,512
├─MixtureWeights: 1-3                    640
│    └─Linear: 2-6                       129
├─GraFITi: 1-4                           --
│    └─grafiti_: 2-7                     --
│    │    └─Linear: 3-13                 384
│    │    └─Linear: 3-14                 768
│    │    └─Linear: 3-15                 256
│    │    └─ModuleList: 3-16             395,264
│    │    └─ModuleList: 3-17             395,264
│    │    └─ModuleList: 3-18             197,120
│    │    └─Linear: 3-19                 82,560
│    │    └─ReLU: 3-20                   --
=================================================================
Total params: 1,113,407
Trainable params: 1,113,407
Non-trainable params: 0
=================================================================
2025-11-17 11:57:55,062 - INFO - Model summary:
=================================================================
Layer (type:depth-idx)                   Param #
=================================================================
Moses                                    --
├─ModuleList: 1-1                        --
│    └─RationalLinearSplineFlow: 2-1     --
│    │    └─Linear: 3-1                  2,064
│    │    └─Linear: 3-2                  2,064
│    │    └─Linear: 3-3                  1,935
│    │    └─Linear: 3-4                  2,064
│    └─RationalLinearSplineFlow: 2-2     --
│    │    └─Linear: 3-5                  2,064
│    │    └─Linear: 3-6                  2,064
│    │    └─Linear: 3-7                  1,935
│    │    └─Linear: 3-8                  2,064
│    └─RationalLinearSplineFlow: 2-3     --
│    │    └─Linear: 3-9                  2,064
│    │    └─Linear: 3-10                 2,064
│    │    └─Linear: 3-11                 1,935
│    │    └─Linear: 3-12                 2,064
├─MultiGaussian: 1-2                     --
│    └─Linear: 2-4                       129
│    └─Linear: 2-5                       16,512
├─MixtureWeights: 1-3                    640
│    └─Linear: 2-6                       129
├─GraFITi: 1-4                           --
│    └─grafiti_: 2-7                     --
│    │    └─Linear: 3-13                 384
│    │    └─Linear: 3-14                 768
│    │    └─Linear: 3-15                 256
│    │    └─ModuleList: 3-16             395,264
│    │    └─ModuleList: 3-17             395,264
│    │    └─ModuleList: 3-18             197,120
│    │    └─Linear: 3-19                 82,560
│    │    └─ReLU: 3-20                   --
=================================================================
Total params: 1,113,407
Trainable params: 1,113,407
Non-trainable params: 0
=================================================================
2025-11-17 11:57:55,063 - INFO - Starting training loop...
2025-11-17 11:57:56,752 - INFO - Epoch   1/1000 | Train njNLL: 0.798638 | Train mNLL: 0.844734| Val njNLL: 0.523078 | Val mNLL: 0.787891| Time: 1.69s
2025-11-17 11:57:56,901 - INFO - New best model saved with val_loss: 0.523078
2025-11-17 11:57:57,489 - INFO - Epoch   2/1000 | Train njNLL: 0.506597 | Train mNLL: 0.604295| Val njNLL: 0.162122 | Val mNLL: 0.434732| Time: 0.59s
2025-11-17 11:57:57,626 - INFO - New best model saved with val_loss: 0.162122
2025-11-17 11:57:58,242 - INFO - Epoch   3/1000 | Train njNLL: 0.264652 | Train mNLL: 0.470139| Val njNLL: 0.038396 | Val mNLL: 0.604940| Time: 0.62s
2025-11-17 11:57:58,370 - INFO - New best model saved with val_loss: 0.038396
2025-11-17 11:57:58,983 - INFO - Epoch   4/1000 | Train njNLL: 0.340823 | Train mNLL: 0.681965| Val njNLL: 0.577493 | Val mNLL: 0.757119| Time: 0.61s
2025-11-17 11:57:59,602 - INFO - Epoch   5/1000 | Train njNLL: 0.339263 | Train mNLL: 0.424763| Val njNLL: -0.430095 | Val mNLL: -0.072070| Time: 0.62s
2025-11-17 11:57:59,731 - INFO - New best model saved with val_loss: -0.430095
2025-11-17 11:58:00,288 - INFO - Epoch   6/1000 | Train njNLL: 0.030438 | Train mNLL: 0.125140| Val njNLL: -0.480597 | Val mNLL: -0.176644| Time: 0.56s
2025-11-17 11:58:00,416 - INFO - New best model saved with val_loss: -0.480597
2025-11-17 11:58:01,036 - INFO - Epoch   7/1000 | Train njNLL: -0.135238 | Train mNLL: -0.002014| Val njNLL: -0.696379 | Val mNLL: -0.296299| Time: 0.62s
2025-11-17 11:58:01,164 - INFO - New best model saved with val_loss: -0.696379
2025-11-17 11:58:01,791 - INFO - Epoch   8/1000 | Train njNLL: -0.034827 | Train mNLL: 0.059030| Val njNLL: -0.395529 | Val mNLL: -0.119132| Time: 0.63s
2025-11-17 11:58:02,402 - INFO - Epoch   9/1000 | Train njNLL: -0.294960 | Train mNLL: -0.234073| Val njNLL: -0.196274 | Val mNLL: 0.100866| Time: 0.61s
2025-11-17 11:58:02,966 - INFO - Epoch  10/1000 | Train njNLL: -0.532153 | Train mNLL: -0.481517| Val njNLL: -1.001958 | Val mNLL: -0.655771| Time: 0.56s
2025-11-17 11:58:03,094 - INFO - New best model saved with val_loss: -1.001958
2025-11-17 11:58:03,715 - INFO - Epoch  11/1000 | Train njNLL: -0.240296 | Train mNLL: -0.036537| Val njNLL: 0.046878 | Val mNLL: 0.476364| Time: 0.62s
2025-11-17 11:58:04,315 - INFO - Epoch  12/1000 | Train njNLL: -0.189574 | Train mNLL: 0.031819| Val njNLL: -0.666141 | Val mNLL: -0.151259| Time: 0.60s
2025-11-17 11:58:04,945 - INFO - Epoch  13/1000 | Train njNLL: -0.329991 | Train mNLL: -0.147904| Val njNLL: -0.693958 | Val mNLL: -0.270610| Time: 0.63s
2025-11-17 11:58:05,521 - INFO - Epoch  14/1000 | Train njNLL: -0.543029 | Train mNLL: -0.432615| Val njNLL: -0.772141 | Val mNLL: -0.324251| Time: 0.58s
2025-11-17 11:58:06,089 - INFO - Epoch  15/1000 | Train njNLL: -0.194236 | Train mNLL: 0.030667| Val njNLL: -0.687984 | Val mNLL: -0.300609| Time: 0.57s
2025-11-17 11:58:06,666 - INFO - Epoch  16/1000 | Train njNLL: -0.627417 | Train mNLL: -0.500557| Val njNLL: -1.136036 | Val mNLL: -0.770995| Time: 0.58s
2025-11-17 11:58:06,795 - INFO - New best model saved with val_loss: -1.136036
2025-11-17 11:58:07,379 - INFO - Epoch  17/1000 | Train njNLL: -0.549020 | Train mNLL: -0.332248| Val njNLL: -0.463794 | Val mNLL: 0.126711| Time: 0.58s
2025-11-17 11:58:07,990 - INFO - Epoch  18/1000 | Train njNLL: -0.364143 | Train mNLL: -0.107600| Val njNLL: 0.283083 | Val mNLL: 0.930353| Time: 0.61s
2025-11-17 11:58:08,594 - INFO - Epoch  19/1000 | Train njNLL: -0.002139 | Train mNLL: 0.472979| Val njNLL: -0.506678 | Val mNLL: 0.093748| Time: 0.60s
2025-11-17 11:58:09,198 - INFO - Epoch  20/1000 | Train njNLL: -0.283298 | Train mNLL: 0.017103| Val njNLL: -0.907839 | Val mNLL: -0.374750| Time: 0.60s
2025-11-17 11:58:09,767 - INFO - Epoch  21/1000 | Train njNLL: -0.661024 | Train mNLL: -0.485448| Val njNLL: -1.201765 | Val mNLL: -0.764908| Time: 0.57s
2025-11-17 11:58:10,118 - INFO - New best model saved with val_loss: -1.201765
2025-11-17 11:58:10,731 - INFO - Epoch  22/1000 | Train njNLL: -0.256125 | Train mNLL: -0.099801| Val njNLL: -0.662566 | Val mNLL: -0.341362| Time: 0.61s
2025-11-17 11:58:11,356 - INFO - Epoch  23/1000 | Train njNLL: -0.698876 | Train mNLL: -0.605846| Val njNLL: -0.643228 | Val mNLL: -0.319018| Time: 0.62s
2025-11-17 11:58:11,989 - INFO - Epoch  24/1000 | Train njNLL: -0.487203 | Train mNLL: -0.488589| Val njNLL: -0.981307 | Val mNLL: -0.683901| Time: 0.63s
2025-11-17 11:58:12,595 - INFO - Epoch  25/1000 | Train njNLL: -0.405119 | Train mNLL: -0.295307| Val njNLL: -0.117640 | Val mNLL: 0.200723| Time: 0.61s
2025-11-17 11:58:13,224 - INFO - Epoch  26/1000 | Train njNLL: -0.193713 | Train mNLL: -0.137730| Val njNLL: -0.596573 | Val mNLL: -0.285678| Time: 0.63s
2025-11-17 11:58:13,782 - INFO - Epoch  27/1000 | Train njNLL: -0.723982 | Train mNLL: -0.657136| Val njNLL: 0.144256 | Val mNLL: 0.582052| Time: 0.56s
2025-11-17 11:58:14,342 - INFO - Epoch  28/1000 | Train njNLL: -0.301016 | Train mNLL: -0.211322| Val njNLL: -0.561559 | Val mNLL: -0.241033| Time: 0.56s
2025-11-17 11:58:14,925 - INFO - Epoch  29/1000 | Train njNLL: -0.614014 | Train mNLL: -0.565483| Val njNLL: -1.184632 | Val mNLL: -0.861112| Time: 0.58s
2025-11-17 11:58:15,524 - INFO - Epoch  30/1000 | Train njNLL: -0.633882 | Train mNLL: -0.528004| Val njNLL: -0.673833 | Val mNLL: -0.301281| Time: 0.60s
2025-11-17 11:58:16,125 - INFO - Epoch  31/1000 | Train njNLL: -0.732947 | Train mNLL: -0.685474| Val njNLL: -1.194530 | Val mNLL: -0.829684| Time: 0.60s
2025-11-17 11:58:16,726 - INFO - Epoch  32/1000 | Train njNLL: -0.989112 | Train mNLL: -0.930650| Val njNLL: -0.881888 | Val mNLL: -0.462363| Time: 0.60s
2025-11-17 11:58:17,333 - INFO - Epoch  33/1000 | Train njNLL: -0.925665 | Train mNLL: -0.836488| Val njNLL: -1.386774 | Val mNLL: -0.994908| Time: 0.61s
2025-11-17 11:58:17,462 - INFO - New best model saved with val_loss: -1.386774
2025-11-17 11:58:18,067 - INFO - Epoch  34/1000 | Train njNLL: -1.202392 | Train mNLL: -1.164153| Val njNLL: -1.560259 | Val mNLL: -1.135917| Time: 0.60s
2025-11-17 11:58:18,195 - INFO - New best model saved with val_loss: -1.560259
2025-11-17 11:58:18,810 - INFO - Epoch  35/1000 | Train njNLL: -1.158781 | Train mNLL: -1.085209| Val njNLL: -0.637930 | Val mNLL: -0.221822| Time: 0.62s
2025-11-17 11:58:19,410 - INFO - Epoch  36/1000 | Train njNLL: -0.896321 | Train mNLL: -0.793755| Val njNLL: -1.341381 | Val mNLL: -0.983416| Time: 0.60s
2025-11-17 11:58:20,017 - INFO - Epoch  37/1000 | Train njNLL: -1.201247 | Train mNLL: -1.154594| Val njNLL: -1.565995 | Val mNLL: -1.174994| Time: 0.61s
2025-11-17 11:58:20,146 - INFO - New best model saved with val_loss: -1.565995
2025-11-17 11:58:20,772 - INFO - Epoch  38/1000 | Train njNLL: -1.374593 | Train mNLL: -1.330202| Val njNLL: -1.384374 | Val mNLL: -0.976585| Time: 0.63s
2025-11-17 11:58:21,339 - INFO - Epoch  39/1000 | Train njNLL: -0.858982 | Train mNLL: -0.733681| Val njNLL: -1.463339 | Val mNLL: -1.058310| Time: 0.57s
2025-11-17 11:58:21,955 - INFO - Epoch  40/1000 | Train njNLL: -0.933702 | Train mNLL: -0.848063| Val njNLL: -1.284301 | Val mNLL: -0.921757| Time: 0.62s
2025-11-17 11:58:22,529 - INFO - Epoch  41/1000 | Train njNLL: -1.097084 | Train mNLL: -1.056838| Val njNLL: -1.406657 | Val mNLL: -1.055905| Time: 0.57s
2025-11-17 11:58:23,151 - INFO - Epoch  42/1000 | Train njNLL: -1.357001 | Train mNLL: -1.307753| Val njNLL: -1.751597 | Val mNLL: -1.341389| Time: 0.62s
2025-11-17 11:58:23,280 - INFO - New best model saved with val_loss: -1.751597
2025-11-17 11:58:23,892 - INFO - Epoch  43/1000 | Train njNLL: -1.349179 | Train mNLL: -1.291589| Val njNLL: -1.189974 | Val mNLL: -0.633132| Time: 0.61s
2025-11-17 11:58:24,441 - INFO - Epoch  44/1000 | Train njNLL: -1.336722 | Train mNLL: -1.262433| Val njNLL: -1.183545 | Val mNLL: -0.793421| Time: 0.55s
2025-11-17 11:58:25,038 - INFO - Epoch  45/1000 | Train njNLL: -1.097784 | Train mNLL: -0.994545| Val njNLL: -1.540082 | Val mNLL: -1.197235| Time: 0.60s
2025-11-17 11:58:25,632 - INFO - Epoch  46/1000 | Train njNLL: -1.112397 | Train mNLL: -1.049484| Val njNLL: -1.388176 | Val mNLL: -1.031419| Time: 0.59s
2025-11-17 11:58:26,239 - INFO - Epoch  47/1000 | Train njNLL: -1.316631 | Train mNLL: -1.274485| Val njNLL: -1.659777 | Val mNLL: -1.275602| Time: 0.61s
2025-11-17 11:58:26,834 - INFO - Epoch  48/1000 | Train njNLL: -1.463120 | Train mNLL: -1.411039| Val njNLL: -1.663737 | Val mNLL: -1.240591| Time: 0.59s
2025-11-17 11:58:27,436 - INFO - Epoch  49/1000 | Train njNLL: -1.254482 | Train mNLL: -1.194876| Val njNLL: -1.761632 | Val mNLL: -1.340593| Time: 0.60s
2025-11-17 11:58:27,565 - INFO - New best model saved with val_loss: -1.761632
2025-11-17 11:58:28,172 - INFO - Epoch  50/1000 | Train njNLL: -1.603376 | Train mNLL: -1.554597| Val njNLL: -1.987650 | Val mNLL: -1.552999| Time: 0.61s
2025-11-17 11:58:28,300 - INFO - New best model saved with val_loss: -1.987650
2025-11-17 11:58:28,905 - INFO - Epoch  51/1000 | Train njNLL: -1.096125 | Train mNLL: -1.021872| Val njNLL: -1.425414 | Val mNLL: -0.983565| Time: 0.60s
2025-11-17 11:58:29,499 - INFO - Epoch  52/1000 | Train njNLL: -1.113029 | Train mNLL: -1.053628| Val njNLL: -1.204073 | Val mNLL: -0.920711| Time: 0.59s
2025-11-17 11:58:30,063 - INFO - Epoch  53/1000 | Train njNLL: -1.310804 | Train mNLL: -1.277952| Val njNLL: -1.646543 | Val mNLL: -1.267608| Time: 0.56s
2025-11-17 11:58:30,667 - INFO - Epoch  54/1000 | Train njNLL: -1.463285 | Train mNLL: -1.417314| Val njNLL: -1.548249 | Val mNLL: -1.192714| Time: 0.60s
2025-11-17 11:58:31,276 - INFO - Epoch  55/1000 | Train njNLL: -1.379286 | Train mNLL: -1.318385| Val njNLL: -1.781953 | Val mNLL: -1.375492| Time: 0.61s
2025-11-17 11:58:31,838 - INFO - Epoch  56/1000 | Train njNLL: -1.550535 | Train mNLL: -1.506980| Val njNLL: -1.776314 | Val mNLL: -1.354919| Time: 0.56s
2025-11-17 11:58:32,401 - INFO - Epoch  57/1000 | Train njNLL: -1.437896 | Train mNLL: -1.363699| Val njNLL: -0.691701 | Val mNLL: -0.292929| Time: 0.56s
2025-11-17 11:58:32,965 - INFO - Epoch  58/1000 | Train njNLL: -0.974724 | Train mNLL: -0.878906| Val njNLL: -1.666335 | Val mNLL: -1.234767| Time: 0.56s
2025-11-17 11:58:33,574 - INFO - Epoch  59/1000 | Train njNLL: -1.264028 | Train mNLL: -1.195420| Val njNLL: -1.593412 | Val mNLL: -1.201041| Time: 0.61s
2025-11-17 11:58:34,194 - INFO - Epoch  60/1000 | Train njNLL: -1.411205 | Train mNLL: -1.349099| Val njNLL: -1.849575 | Val mNLL: -1.438641| Time: 0.62s
2025-11-17 11:58:34,818 - INFO - Epoch  61/1000 | Train njNLL: -1.581158 | Train mNLL: -1.522143| Val njNLL: -2.063027 | Val mNLL: -1.627325| Time: 0.62s
2025-11-17 11:58:34,946 - INFO - New best model saved with val_loss: -2.063027
2025-11-17 11:58:35,574 - INFO - Epoch  62/1000 | Train njNLL: -1.514555 | Train mNLL: -1.467524| Val njNLL: -1.991459 | Val mNLL: -1.572429| Time: 0.63s
2025-11-17 11:58:36,205 - INFO - Epoch  63/1000 | Train njNLL: -1.340563 | Train mNLL: -1.250015| Val njNLL: 0.089732 | Val mNLL: 0.411196| Time: 0.63s
2025-11-17 11:58:36,797 - INFO - Epoch  64/1000 | Train njNLL: -0.862992 | Train mNLL: -0.735079| Val njNLL: -1.330679 | Val mNLL: -0.959987| Time: 0.59s
2025-11-17 11:58:37,394 - INFO - Epoch  65/1000 | Train njNLL: -1.288084 | Train mNLL: -1.221667| Val njNLL: -1.491954 | Val mNLL: -1.115355| Time: 0.60s
2025-11-17 11:58:38,019 - INFO - Epoch  66/1000 | Train njNLL: -1.420033 | Train mNLL: -1.361715| Val njNLL: -1.834391 | Val mNLL: -1.431909| Time: 0.62s
2025-11-17 11:58:38,618 - INFO - Epoch  67/1000 | Train njNLL: -1.592252 | Train mNLL: -1.532411| Val njNLL: -2.029829 | Val mNLL: -1.590612| Time: 0.60s
2025-11-17 11:58:39,234 - INFO - Epoch  68/1000 | Train njNLL: -1.376694 | Train mNLL: -1.283970| Val njNLL: -1.983849 | Val mNLL: -1.562815| Time: 0.62s
2025-11-17 11:58:39,853 - INFO - Epoch  69/1000 | Train njNLL: -1.542054 | Train mNLL: -1.474391| Val njNLL: -1.767229 | Val mNLL: -1.376122| Time: 0.62s
2025-11-17 11:58:40,436 - INFO - Epoch  70/1000 | Train njNLL: -1.589605 | Train mNLL: -1.534796| Val njNLL: -1.659771 | Val mNLL: -1.250948| Time: 0.58s
2025-11-17 11:58:41,048 - INFO - Epoch  71/1000 | Train njNLL: -1.610951 | Train mNLL: -1.554395| Val njNLL: -1.938076 | Val mNLL: -1.502168| Time: 0.61s
2025-11-17 11:58:41,608 - INFO - Epoch  72/1000 | Train njNLL: -1.296046 | Train mNLL: -1.215797| Val njNLL: -0.619682 | Val mNLL: -0.107755| Time: 0.56s
2025-11-17 11:58:42,170 - INFO - Epoch  73/1000 | Train njNLL: -1.305001 | Train mNLL: -1.231292| Val njNLL: -1.881204 | Val mNLL: -1.414742| Time: 0.56s
2025-11-17 11:58:42,751 - INFO - Epoch  74/1000 | Train njNLL: -1.602934 | Train mNLL: -1.568413| Val njNLL: -1.954238 | Val mNLL: -1.488854| Time: 0.58s
2025-11-17 11:58:43,313 - INFO - Epoch  75/1000 | Train njNLL: -1.811209 | Train mNLL: -1.771092| Val njNLL: -2.176161 | Val mNLL: -1.708203| Time: 0.56s
2025-11-17 11:58:43,442 - INFO - New best model saved with val_loss: -2.176161
2025-11-17 11:58:44,040 - INFO - Epoch  76/1000 | Train njNLL: -1.727317 | Train mNLL: -1.650903| Val njNLL: -1.528031 | Val mNLL: -1.012575| Time: 0.60s
2025-11-17 11:58:44,635 - INFO - Epoch  77/1000 | Train njNLL: -1.498957 | Train mNLL: -1.420519| Val njNLL: -2.050232 | Val mNLL: -1.573153| Time: 0.60s
2025-11-17 11:58:45,231 - INFO - Epoch  78/1000 | Train njNLL: -1.711642 | Train mNLL: -1.664851| Val njNLL: -1.929494 | Val mNLL: -1.476779| Time: 0.60s
2025-11-17 11:58:45,850 - INFO - Epoch  79/1000 | Train njNLL: -1.742201 | Train mNLL: -1.711191| Val njNLL: -2.186504 | Val mNLL: -1.734096| Time: 0.62s
2025-11-17 11:58:45,979 - INFO - New best model saved with val_loss: -2.186504
2025-11-17 11:58:46,597 - INFO - Epoch  80/1000 | Train njNLL: -1.884024 | Train mNLL: -1.834784| Val njNLL: -1.989917 | Val mNLL: -1.513724| Time: 0.62s
2025-11-17 11:58:47,183 - INFO - Epoch  81/1000 | Train njNLL: -1.201347 | Train mNLL: -1.060553| Val njNLL: -1.468122 | Val mNLL: -0.922747| Time: 0.59s
2025-11-17 11:58:47,789 - INFO - Epoch  82/1000 | Train njNLL: -1.662318 | Train mNLL: -1.606402| Val njNLL: -2.056673 | Val mNLL: -1.626092| Time: 0.61s
2025-11-17 11:58:48,412 - INFO - Epoch  83/1000 | Train njNLL: -1.842811 | Train mNLL: -1.803435| Val njNLL: -1.968514 | Val mNLL: -1.531233| Time: 0.62s
2025-11-17 11:58:49,031 - INFO - Epoch  84/1000 | Train njNLL: -1.838098 | Train mNLL: -1.786941| Val njNLL: -1.764862 | Val mNLL: -1.355688| Time: 0.62s
2025-11-17 11:58:49,632 - INFO - Epoch  85/1000 | Train njNLL: -1.595240 | Train mNLL: -1.557138| Val njNLL: -1.285025 | Val mNLL: -0.992372| Time: 0.60s
2025-11-17 11:58:50,249 - INFO - Epoch  86/1000 | Train njNLL: -1.579580 | Train mNLL: -1.553387| Val njNLL: -1.738927 | Val mNLL: -1.316300| Time: 0.62s
2025-11-17 11:58:50,850 - INFO - Epoch  87/1000 | Train njNLL: -1.684531 | Train mNLL: -1.621034| Val njNLL: -1.269307 | Val mNLL: -0.770978| Time: 0.60s
2025-11-17 11:58:51,416 - INFO - Epoch  88/1000 | Train njNLL: -1.598508 | Train mNLL: -1.521640| Val njNLL: -1.467668 | Val mNLL: -1.062309| Time: 0.57s
2025-11-17 11:58:52,026 - INFO - Epoch  89/1000 | Train njNLL: -1.712886 | Train mNLL: -1.655914| Val njNLL: -2.193725 | Val mNLL: -1.743477| Time: 0.61s
2025-11-17 11:58:52,156 - INFO - New best model saved with val_loss: -2.193725
2025-11-17 11:58:52,763 - INFO - Epoch  90/1000 | Train njNLL: -1.909833 | Train mNLL: -1.869840| Val njNLL: -2.062520 | Val mNLL: -1.607028| Time: 0.61s
2025-11-17 11:58:53,329 - INFO - Epoch  91/1000 | Train njNLL: -1.821833 | Train mNLL: -1.760505| Val njNLL: -1.931435 | Val mNLL: -1.436341| Time: 0.57s
2025-11-17 11:58:53,903 - INFO - Epoch  92/1000 | Train njNLL: -1.762465 | Train mNLL: -1.692825| Val njNLL: -1.974693 | Val mNLL: -1.566196| Time: 0.57s
2025-11-17 11:58:54,517 - INFO - Epoch  93/1000 | Train njNLL: -1.615386 | Train mNLL: -1.525480| Val njNLL: -1.595685 | Val mNLL: -1.123985| Time: 0.61s
2025-11-17 11:58:55,136 - INFO - Epoch  94/1000 | Train njNLL: -1.770954 | Train mNLL: -1.735226| Val njNLL: -2.159230 | Val mNLL: -1.712399| Time: 0.62s
2025-11-17 11:58:55,747 - INFO - Epoch  95/1000 | Train njNLL: -1.954913 | Train mNLL: -1.910639| Val njNLL: -2.253652 | Val mNLL: -1.784173| Time: 0.61s
2025-11-17 11:58:56,180 - INFO - New best model saved with val_loss: -2.253652
2025-11-17 11:58:56,791 - INFO - Epoch  96/1000 | Train njNLL: -1.921372 | Train mNLL: -1.875380| Val njNLL: -2.333093 | Val mNLL: -1.866858| Time: 0.61s
2025-11-17 11:58:56,925 - INFO - New best model saved with val_loss: -2.333093
2025-11-17 11:58:57,535 - INFO - Epoch  97/1000 | Train njNLL: -1.961348 | Train mNLL: -1.913002| Val njNLL: -2.188689 | Val mNLL: -1.698289| Time: 0.61s
2025-11-17 11:58:58,143 - INFO - Epoch  98/1000 | Train njNLL: -1.843466 | Train mNLL: -1.780369| Val njNLL: -1.661743 | Val mNLL: -1.201510| Time: 0.61s
2025-11-17 11:58:58,710 - INFO - Epoch  99/1000 | Train njNLL: -1.466046 | Train mNLL: -1.361244| Val njNLL: -1.374932 | Val mNLL: -0.881768| Time: 0.57s
2025-11-17 11:58:59,322 - INFO - Epoch 100/1000 | Train njNLL: -1.747247 | Train mNLL: -1.676684| Val njNLL: -2.210471 | Val mNLL: -1.739371| Time: 0.61s
2025-11-17 11:58:59,917 - INFO - Epoch 101/1000 | Train njNLL: -1.801508 | Train mNLL: -1.742235| Val njNLL: -1.827748 | Val mNLL: -1.357264| Time: 0.60s
2025-11-17 11:59:00,524 - INFO - Epoch 102/1000 | Train njNLL: -1.630697 | Train mNLL: -1.555356| Val njNLL: -1.600107 | Val mNLL: -1.119944| Time: 0.61s
2025-11-17 11:59:01,135 - INFO - Epoch 103/1000 | Train njNLL: -1.832093 | Train mNLL: -1.769993| Val njNLL: -2.097970 | Val mNLL: -1.651527| Time: 0.61s
2025-11-17 11:59:01,735 - INFO - Epoch 104/1000 | Train njNLL: -1.927823 | Train mNLL: -1.884671| Val njNLL: -2.266716 | Val mNLL: -1.819381| Time: 0.60s
2025-11-17 11:59:02,318 - INFO - Epoch 105/1000 | Train njNLL: -1.840459 | Train mNLL: -1.772113| Val njNLL: -2.085497 | Val mNLL: -1.625878| Time: 0.58s
2025-11-17 11:59:02,920 - INFO - Epoch 106/1000 | Train njNLL: -1.819336 | Train mNLL: -1.752229| Val njNLL: -1.890219 | Val mNLL: -1.424100| Time: 0.60s
2025-11-17 11:59:03,521 - INFO - Epoch 107/1000 | Train njNLL: -1.578615 | Train mNLL: -1.504225| Val njNLL: -2.195276 | Val mNLL: -1.763598| Time: 0.60s
2025-11-17 11:59:04,127 - INFO - Epoch 108/1000 | Train njNLL: -1.934791 | Train mNLL: -1.894164| Val njNLL: -1.996707 | Val mNLL: -1.556442| Time: 0.61s
2025-11-17 11:59:04,744 - INFO - Epoch 109/1000 | Train njNLL: -2.017721 | Train mNLL: -1.977813| Val njNLL: -2.288136 | Val mNLL: -1.840648| Time: 0.62s
2025-11-17 11:59:05,359 - INFO - Epoch 110/1000 | Train njNLL: -2.087402 | Train mNLL: -2.044669| Val njNLL: -2.356227 | Val mNLL: -1.900958| Time: 0.61s
2025-11-17 11:59:05,488 - INFO - New best model saved with val_loss: -2.356227
2025-11-17 11:59:06,121 - INFO - Epoch 111/1000 | Train njNLL: -2.154461 | Train mNLL: -2.112381| Val njNLL: -2.017588 | Val mNLL: -1.495497| Time: 0.63s
2025-11-17 11:59:06,765 - INFO - Epoch 112/1000 | Train njNLL: -1.846450 | Train mNLL: -1.767078| Val njNLL: -2.165207 | Val mNLL: -1.678370| Time: 0.64s
2025-11-17 11:59:07,357 - INFO - Epoch 113/1000 | Train njNLL: -1.994289 | Train mNLL: -1.930420| Val njNLL: -2.397616 | Val mNLL: -1.950593| Time: 0.59s
2025-11-17 11:59:07,486 - INFO - New best model saved with val_loss: -2.397616
2025-11-17 11:59:08,082 - INFO - Epoch 114/1000 | Train njNLL: -2.225047 | Train mNLL: -2.186535| Val njNLL: -2.500560 | Val mNLL: -2.025765| Time: 0.60s
2025-11-17 11:59:08,210 - INFO - New best model saved with val_loss: -2.500560
2025-11-17 11:59:08,810 - INFO - Epoch 115/1000 | Train njNLL: -2.112574 | Train mNLL: -2.060051| Val njNLL: -2.431946 | Val mNLL: -1.946429| Time: 0.60s
2025-11-17 11:59:09,413 - INFO - Epoch 116/1000 | Train njNLL: -2.004272 | Train mNLL: -1.937588| Val njNLL: -2.151021 | Val mNLL: -1.723973| Time: 0.60s
2025-11-17 11:59:10,032 - INFO - Epoch 117/1000 | Train njNLL: -1.837996 | Train mNLL: -1.788432| Val njNLL: -2.046117 | Val mNLL: -1.635986| Time: 0.62s
2025-11-17 11:59:10,630 - INFO - Epoch 118/1000 | Train njNLL: -1.518789 | Train mNLL: -1.414096| Val njNLL: -1.867941 | Val mNLL: -1.457035| Time: 0.60s
2025-11-17 11:59:11,234 - INFO - Epoch 119/1000 | Train njNLL: -1.698892 | Train mNLL: -1.637710| Val njNLL: -2.359666 | Val mNLL: -1.863972| Time: 0.60s
2025-11-17 11:59:11,836 - INFO - Epoch 120/1000 | Train njNLL: -1.904154 | Train mNLL: -1.844851| Val njNLL: -2.076826 | Val mNLL: -1.646108| Time: 0.60s
2025-11-17 11:59:12,429 - INFO - Epoch 121/1000 | Train njNLL: -2.070431 | Train mNLL: -2.029163| Val njNLL: -2.332923 | Val mNLL: -1.872761| Time: 0.59s
2025-11-17 11:59:13,020 - INFO - Epoch 122/1000 | Train njNLL: -2.125615 | Train mNLL: -2.088694| Val njNLL: -2.412129 | Val mNLL: -1.934840| Time: 0.59s
2025-11-17 11:59:13,617 - INFO - Epoch 123/1000 | Train njNLL: -2.186592 | Train mNLL: -2.151596| Val njNLL: -2.389433 | Val mNLL: -1.911924| Time: 0.60s
2025-11-17 11:59:14,250 - INFO - Epoch 124/1000 | Train njNLL: -2.073943 | Train mNLL: -2.023539| Val njNLL: -1.977179 | Val mNLL: -1.493480| Time: 0.63s
2025-11-17 11:59:14,853 - INFO - Epoch 125/1000 | Train njNLL: -2.091932 | Train mNLL: -2.048081| Val njNLL: -2.439941 | Val mNLL: -1.974779| Time: 0.60s
2025-11-17 11:59:15,437 - INFO - Epoch 126/1000 | Train njNLL: -2.315840 | Train mNLL: -2.283226| Val njNLL: -2.460815 | Val mNLL: -1.969211| Time: 0.58s
2025-11-17 11:59:16,039 - INFO - Epoch 127/1000 | Train njNLL: -2.281217 | Train mNLL: -2.234369| Val njNLL: -2.312939 | Val mNLL: -1.830256| Time: 0.60s
2025-11-17 11:59:16,634 - INFO - Epoch 128/1000 | Train njNLL: -2.102392 | Train mNLL: -2.042607| Val njNLL: -2.322529 | Val mNLL: -1.811724| Time: 0.60s
2025-11-17 11:59:17,233 - INFO - Epoch 129/1000 | Train njNLL: -2.285298 | Train mNLL: -2.238588| Val njNLL: -2.586582 | Val mNLL: -2.100133| Time: 0.60s
2025-11-17 11:59:17,361 - INFO - New best model saved with val_loss: -2.586582
2025-11-17 11:59:17,960 - INFO - Epoch 130/1000 | Train njNLL: -2.275396 | Train mNLL: -2.226324| Val njNLL: -2.661039 | Val mNLL: -2.153036| Time: 0.60s
2025-11-17 11:59:18,090 - INFO - New best model saved with val_loss: -2.661039
2025-11-17 11:59:18,695 - INFO - Epoch 131/1000 | Train njNLL: -2.325311 | Train mNLL: -2.294135| Val njNLL: -2.640010 | Val mNLL: -2.148522| Time: 0.60s
2025-11-17 11:59:19,296 - INFO - Epoch 132/1000 | Train njNLL: -2.329651 | Train mNLL: -2.294541| Val njNLL: -2.427581 | Val mNLL: -1.915244| Time: 0.60s
2025-11-17 11:59:19,908 - INFO - Epoch 133/1000 | Train njNLL: -2.317627 | Train mNLL: -2.270535| Val njNLL: -2.495022 | Val mNLL: -2.003459| Time: 0.61s
2025-11-17 11:59:20,510 - INFO - Epoch 134/1000 | Train njNLL: -2.274135 | Train mNLL: -2.233050| Val njNLL: -2.632009 | Val mNLL: -2.137587| Time: 0.60s
2025-11-17 11:59:21,140 - INFO - Epoch 135/1000 | Train njNLL: -2.061812 | Train mNLL: -1.996563| Val njNLL: -2.362757 | Val mNLL: -1.880333| Time: 0.63s
2025-11-17 11:59:21,738 - INFO - Epoch 136/1000 | Train njNLL: -2.132251 | Train mNLL: -2.073294| Val njNLL: -2.326528 | Val mNLL: -1.796371| Time: 0.60s
2025-11-17 11:59:22,344 - INFO - Epoch 137/1000 | Train njNLL: -2.124230 | Train mNLL: -2.053139| Val njNLL: -2.221020 | Val mNLL: -1.720784| Time: 0.61s
2025-11-17 11:59:22,957 - INFO - Epoch 138/1000 | Train njNLL: -2.261461 | Train mNLL: -2.216778| Val njNLL: -2.637698 | Val mNLL: -2.143516| Time: 0.61s
2025-11-17 11:59:23,546 - INFO - Epoch 139/1000 | Train njNLL: -2.410824 | Train mNLL: -2.374438| Val njNLL: -2.538556 | Val mNLL: -2.039477| Time: 0.59s
2025-11-17 11:59:24,153 - INFO - Epoch 140/1000 | Train njNLL: -2.279643 | Train mNLL: -2.239012| Val njNLL: -2.708709 | Val mNLL: -2.199664| Time: 0.61s
2025-11-17 11:59:24,283 - INFO - New best model saved with val_loss: -2.708709
2025-11-17 11:59:24,888 - INFO - Epoch 141/1000 | Train njNLL: -2.259080 | Train mNLL: -2.205529| Val njNLL: -2.568742 | Val mNLL: -2.060581| Time: 0.60s
2025-11-17 11:59:25,485 - INFO - Epoch 142/1000 | Train njNLL: -2.225104 | Train mNLL: -2.172160| Val njNLL: -2.540322 | Val mNLL: -2.034577| Time: 0.60s
2025-11-17 11:59:26,110 - INFO - Epoch 143/1000 | Train njNLL: -2.352953 | Train mNLL: -2.307498| Val njNLL: -2.712291 | Val mNLL: -2.202701| Time: 0.62s
2025-11-17 11:59:26,238 - INFO - New best model saved with val_loss: -2.712291
2025-11-17 11:59:26,851 - INFO - Epoch 144/1000 | Train njNLL: -2.353445 | Train mNLL: -2.311248| Val njNLL: -2.366255 | Val mNLL: -1.889502| Time: 0.61s
2025-11-17 11:59:27,452 - INFO - Epoch 145/1000 | Train njNLL: -2.304394 | Train mNLL: -2.259030| Val njNLL: -2.277898 | Val mNLL: -1.751715| Time: 0.60s
2025-11-17 11:59:28,057 - INFO - Epoch 146/1000 | Train njNLL: -2.252138 | Train mNLL: -2.192698| Val njNLL: -2.650511 | Val mNLL: -2.150695| Time: 0.61s
2025-11-17 11:59:28,670 - INFO - Epoch 147/1000 | Train njNLL: -2.324707 | Train mNLL: -2.276993| Val njNLL: -2.207777 | Val mNLL: -1.667361| Time: 0.61s
2025-11-17 11:59:29,279 - INFO - Epoch 148/1000 | Train njNLL: -2.207306 | Train mNLL: -2.156586| Val njNLL: -2.577558 | Val mNLL: -2.089522| Time: 0.61s
2025-11-17 11:59:29,886 - INFO - Epoch 149/1000 | Train njNLL: -2.379297 | Train mNLL: -2.341272| Val njNLL: -2.631600 | Val mNLL: -2.142276| Time: 0.61s
2025-11-17 11:59:30,511 - INFO - Epoch 150/1000 | Train njNLL: -2.487211 | Train mNLL: -2.451499| Val njNLL: -2.701311 | Val mNLL: -2.183606| Time: 0.63s
2025-11-17 11:59:31,130 - INFO - Epoch 151/1000 | Train njNLL: -2.462653 | Train mNLL: -2.426160| Val njNLL: -2.706337 | Val mNLL: -2.187028| Time: 0.62s
2025-11-17 11:59:31,732 - INFO - Epoch 152/1000 | Train njNLL: -2.527845 | Train mNLL: -2.494402| Val njNLL: -2.348374 | Val mNLL: -1.883315| Time: 0.60s
2025-11-17 11:59:32,350 - INFO - Epoch 153/1000 | Train njNLL: -2.401226 | Train mNLL: -2.351207| Val njNLL: -2.342726 | Val mNLL: -1.818676| Time: 0.62s
2025-11-17 11:59:32,979 - INFO - Epoch 154/1000 | Train njNLL: -2.012205 | Train mNLL: -1.926026| Val njNLL: -1.646067 | Val mNLL: -1.235391| Time: 0.63s
2025-11-17 11:59:33,613 - INFO - Epoch 155/1000 | Train njNLL: -2.122556 | Train mNLL: -2.056337| Val njNLL: -2.404715 | Val mNLL: -1.883768| Time: 0.63s
2025-11-17 11:59:34,215 - INFO - Epoch 156/1000 | Train njNLL: -2.403391 | Train mNLL: -2.363093| Val njNLL: -2.798085 | Val mNLL: -2.280125| Time: 0.60s
2025-11-17 11:59:34,344 - INFO - New best model saved with val_loss: -2.798085
2025-11-17 11:59:34,957 - INFO - Epoch 157/1000 | Train njNLL: -2.499680 | Train mNLL: -2.461235| Val njNLL: -2.790258 | Val mNLL: -2.257259| Time: 0.61s
2025-11-17 11:59:35,518 - INFO - Epoch 158/1000 | Train njNLL: -2.554542 | Train mNLL: -2.522513| Val njNLL: -2.808620 | Val mNLL: -2.295384| Time: 0.56s
2025-11-17 11:59:35,646 - INFO - New best model saved with val_loss: -2.808620
2025-11-17 11:59:36,217 - INFO - Epoch 159/1000 | Train njNLL: -2.612385 | Train mNLL: -2.574599| Val njNLL: -2.838808 | Val mNLL: -2.324580| Time: 0.57s
2025-11-17 11:59:36,345 - INFO - New best model saved with val_loss: -2.838808
2025-11-17 11:59:36,945 - INFO - Epoch 160/1000 | Train njNLL: -2.606588 | Train mNLL: -2.567951| Val njNLL: -2.830880 | Val mNLL: -2.297634| Time: 0.60s
2025-11-17 11:59:37,548 - INFO - Epoch 161/1000 | Train njNLL: -2.650391 | Train mNLL: -2.616549| Val njNLL: -2.908061 | Val mNLL: -2.369007| Time: 0.60s
2025-11-17 11:59:37,678 - INFO - New best model saved with val_loss: -2.908061
2025-11-17 11:59:38,279 - INFO - Epoch 162/1000 | Train njNLL: -2.655509 | Train mNLL: -2.622664| Val njNLL: -2.927178 | Val mNLL: -2.387925| Time: 0.60s
2025-11-17 11:59:38,408 - INFO - New best model saved with val_loss: -2.927178
2025-11-17 11:59:39,007 - INFO - Epoch 163/1000 | Train njNLL: -2.689765 | Train mNLL: -2.660671| Val njNLL: -2.714254 | Val mNLL: -2.207001| Time: 0.60s
2025-11-17 11:59:39,556 - INFO - Epoch 164/1000 | Train njNLL: -2.683093 | Train mNLL: -2.657137| Val njNLL: -2.963240 | Val mNLL: -2.425196| Time: 0.55s
2025-11-17 11:59:39,686 - INFO - New best model saved with val_loss: -2.963240
2025-11-17 11:59:40,283 - INFO - Epoch 165/1000 | Train njNLL: -2.641310 | Train mNLL: -2.610263| Val njNLL: -2.805814 | Val mNLL: -2.265830| Time: 0.60s
2025-11-17 11:59:40,886 - INFO - Epoch 166/1000 | Train njNLL: -2.566698 | Train mNLL: -2.520517| Val njNLL: -2.872422 | Val mNLL: -2.339043| Time: 0.60s
2025-11-17 11:59:41,513 - INFO - Epoch 167/1000 | Train njNLL: -2.442994 | Train mNLL: -2.401356| Val njNLL: -2.627447 | Val mNLL: -2.081519| Time: 0.63s
2025-11-17 11:59:42,122 - INFO - Epoch 168/1000 | Train njNLL: -2.487812 | Train mNLL: -2.436767| Val njNLL: -2.266719 | Val mNLL: -1.799652| Time: 0.61s
2025-11-17 11:59:42,758 - INFO - Epoch 169/1000 | Train njNLL: -2.485037 | Train mNLL: -2.432374| Val njNLL: -2.953772 | Val mNLL: -2.426486| Time: 0.64s
2025-11-17 11:59:43,372 - INFO - Epoch 170/1000 | Train njNLL: -2.657412 | Train mNLL: -2.626760| Val njNLL: -2.840412 | Val mNLL: -2.333462| Time: 0.61s
2025-11-17 11:59:43,985 - INFO - Epoch 171/1000 | Train njNLL: -2.658896 | Train mNLL: -2.623862| Val njNLL: -2.812006 | Val mNLL: -2.278127| Time: 0.61s
2025-11-17 11:59:44,565 - INFO - Epoch 172/1000 | Train njNLL: -2.667712 | Train mNLL: -2.631096| Val njNLL: -2.935472 | Val mNLL: -2.378085| Time: 0.58s
2025-11-17 11:59:45,135 - INFO - Epoch 173/1000 | Train njNLL: -2.620076 | Train mNLL: -2.587908| Val njNLL: -2.970484 | Val mNLL: -2.425426| Time: 0.57s
2025-11-17 11:59:45,264 - INFO - New best model saved with val_loss: -2.970484
2025-11-17 11:59:45,878 - INFO - Epoch 174/1000 | Train njNLL: -2.668214 | Train mNLL: -2.634038| Val njNLL: -2.983573 | Val mNLL: -2.431714| Time: 0.61s
2025-11-17 11:59:46,006 - INFO - New best model saved with val_loss: -2.983573
2025-11-17 11:59:46,599 - INFO - Epoch 175/1000 | Train njNLL: -2.686885 | Train mNLL: -2.658210| Val njNLL: -2.969790 | Val mNLL: -2.417989| Time: 0.59s
2025-11-17 11:59:47,204 - INFO - Epoch 176/1000 | Train njNLL: -2.728371 | Train mNLL: -2.693378| Val njNLL: -3.022116 | Val mNLL: -2.466932| Time: 0.60s
2025-11-17 11:59:47,334 - INFO - New best model saved with val_loss: -3.022116
2025-11-17 11:59:47,927 - INFO - Epoch 177/1000 | Train njNLL: -2.501468 | Train mNLL: -2.446620| Val njNLL: -2.628146 | Val mNLL: -2.145052| Time: 0.59s
2025-11-17 11:59:48,528 - INFO - Epoch 178/1000 | Train njNLL: -2.527680 | Train mNLL: -2.490245| Val njNLL: -2.925666 | Val mNLL: -2.374826| Time: 0.60s
2025-11-17 11:59:49,110 - INFO - Epoch 179/1000 | Train njNLL: -2.605990 | Train mNLL: -2.567114| Val njNLL: -2.579869 | Val mNLL: -2.122173| Time: 0.58s
2025-11-17 11:59:49,676 - INFO - Epoch 180/1000 | Train njNLL: -2.596430 | Train mNLL: -2.558312| Val njNLL: -2.851335 | Val mNLL: -2.280975| Time: 0.57s
2025-11-17 11:59:50,298 - INFO - Epoch 181/1000 | Train njNLL: -2.731182 | Train mNLL: -2.701560| Val njNLL: -3.045856 | Val mNLL: -2.486919| Time: 0.62s
2025-11-17 11:59:50,427 - INFO - New best model saved with val_loss: -3.045856
2025-11-17 11:59:51,003 - INFO - Epoch 182/1000 | Train njNLL: -2.656817 | Train mNLL: -2.616486| Val njNLL: -3.065583 | Val mNLL: -2.496800| Time: 0.58s
2025-11-17 11:59:51,192 - INFO - New best model saved with val_loss: -3.065583
2025-11-17 11:59:51,801 - INFO - Epoch 183/1000 | Train njNLL: -2.482986 | Train mNLL: -2.437064| Val njNLL: -2.881866 | Val mNLL: -2.317741| Time: 0.61s
2025-11-17 11:59:52,418 - INFO - Epoch 184/1000 | Train njNLL: -2.682780 | Train mNLL: -2.642460| Val njNLL: -2.976963 | Val mNLL: -2.420032| Time: 0.62s
2025-11-17 11:59:53,000 - INFO - Epoch 185/1000 | Train njNLL: -2.737087 | Train mNLL: -2.701937| Val njNLL: -2.948576 | Val mNLL: -2.421174| Time: 0.58s
2025-11-17 11:59:53,611 - INFO - Epoch 186/1000 | Train njNLL: -2.795402 | Train mNLL: -2.762996| Val njNLL: -3.098403 | Val mNLL: -2.535031| Time: 0.61s
2025-11-17 11:59:53,740 - INFO - New best model saved with val_loss: -3.098403
2025-11-17 11:59:54,344 - INFO - Epoch 187/1000 | Train njNLL: -2.725182 | Train mNLL: -2.686123| Val njNLL: -3.060766 | Val mNLL: -2.500151| Time: 0.60s
2025-11-17 11:59:54,935 - INFO - Epoch 188/1000 | Train njNLL: -2.745385 | Train mNLL: -2.710820| Val njNLL: -3.013336 | Val mNLL: -2.465351| Time: 0.59s
2025-11-17 11:59:55,528 - INFO - Epoch 189/1000 | Train njNLL: -2.472201 | Train mNLL: -2.422554| Val njNLL: -2.620693 | Val mNLL: -2.031214| Time: 0.59s
2025-11-17 11:59:56,141 - INFO - Epoch 190/1000 | Train njNLL: -2.340470 | Train mNLL: -2.286103| Val njNLL: -2.775482 | Val mNLL: -2.198990| Time: 0.61s
2025-11-17 11:59:56,735 - INFO - Epoch 191/1000 | Train njNLL: -2.524118 | Train mNLL: -2.476110| Val njNLL: -2.960332 | Val mNLL: -2.410391| Time: 0.59s
2025-11-17 11:59:57,348 - INFO - Epoch 192/1000 | Train njNLL: -2.503054 | Train mNLL: -2.450305| Val njNLL: -2.571115 | Val mNLL: -2.078609| Time: 0.61s
2025-11-17 11:59:57,955 - INFO - Epoch 193/1000 | Train njNLL: -2.541003 | Train mNLL: -2.488699| Val njNLL: -2.932838 | Val mNLL: -2.375947| Time: 0.61s
2025-11-17 11:59:58,578 - INFO - Epoch 194/1000 | Train njNLL: -2.734724 | Train mNLL: -2.699662| Val njNLL: -2.995949 | Val mNLL: -2.436909| Time: 0.62s
2025-11-17 11:59:59,199 - INFO - Epoch 195/1000 | Train njNLL: -2.681960 | Train mNLL: -2.643177| Val njNLL: -2.564657 | Val mNLL: -2.005108| Time: 0.62s
2025-11-17 11:59:59,757 - INFO - Epoch 196/1000 | Train njNLL: -2.516885 | Train mNLL: -2.469685| Val njNLL: -3.025313 | Val mNLL: -2.463831| Time: 0.56s
2025-11-17 12:00:00,341 - INFO - Epoch 197/1000 | Train njNLL: -2.759043 | Train mNLL: -2.726295| Val njNLL: -3.084619 | Val mNLL: -2.515260| Time: 0.58s
2025-11-17 12:00:00,938 - INFO - Epoch 198/1000 | Train njNLL: -2.825932 | Train mNLL: -2.793144| Val njNLL: -3.062932 | Val mNLL: -2.497514| Time: 0.60s
2025-11-17 12:00:01,539 - INFO - Epoch 199/1000 | Train njNLL: -2.832128 | Train mNLL: -2.797799| Val njNLL: -3.062766 | Val mNLL: -2.498306| Time: 0.60s
2025-11-17 12:00:02,148 - INFO - Epoch 200/1000 | Train njNLL: -2.818424 | Train mNLL: -2.785321| Val njNLL: -3.107562 | Val mNLL: -2.541848| Time: 0.61s
2025-11-17 12:00:02,278 - INFO - New best model saved with val_loss: -3.107562
2025-11-17 12:00:02,834 - INFO - Epoch 201/1000 | Train njNLL: -2.846474 | Train mNLL: -2.811799| Val njNLL: -3.008211 | Val mNLL: -2.462900| Time: 0.56s
2025-11-17 12:00:03,436 - INFO - Epoch 202/1000 | Train njNLL: -2.876042 | Train mNLL: -2.846008| Val njNLL: -3.119615 | Val mNLL: -2.547845| Time: 0.60s
2025-11-17 12:00:03,565 - INFO - New best model saved with val_loss: -3.119615
2025-11-17 12:00:04,165 - INFO - Epoch 203/1000 | Train njNLL: -2.861233 | Train mNLL: -2.825395| Val njNLL: -3.026894 | Val mNLL: -2.472386| Time: 0.60s
2025-11-17 12:00:04,763 - INFO - Epoch 204/1000 | Train njNLL: -2.875896 | Train mNLL: -2.840060| Val njNLL: -3.140173 | Val mNLL: -2.580922| Time: 0.60s
2025-11-17 12:00:04,892 - INFO - New best model saved with val_loss: -3.140173
2025-11-17 12:00:05,496 - INFO - Epoch 205/1000 | Train njNLL: -2.889873 | Train mNLL: -2.862413| Val njNLL: -3.161432 | Val mNLL: -2.590385| Time: 0.60s
2025-11-17 12:00:05,626 - INFO - New best model saved with val_loss: -3.161432
2025-11-17 12:00:06,238 - INFO - Epoch 206/1000 | Train njNLL: -2.874930 | Train mNLL: -2.846856| Val njNLL: -3.094835 | Val mNLL: -2.522930| Time: 0.61s
2025-11-17 12:00:06,845 - INFO - Epoch 207/1000 | Train njNLL: -2.884415 | Train mNLL: -2.849097| Val njNLL: -3.144010 | Val mNLL: -2.568307| Time: 0.61s
2025-11-17 12:00:07,440 - INFO - Epoch 208/1000 | Train njNLL: -2.879452 | Train mNLL: -2.846521| Val njNLL: -3.179476 | Val mNLL: -2.606592| Time: 0.59s
2025-11-17 12:00:07,569 - INFO - New best model saved with val_loss: -3.179476
2025-11-17 12:00:08,131 - INFO - Epoch 209/1000 | Train njNLL: -2.832069 | Train mNLL: -2.802892| Val njNLL: -3.124811 | Val mNLL: -2.543950| Time: 0.56s
2025-11-17 12:00:08,723 - INFO - Epoch 210/1000 | Train njNLL: -2.702741 | Train mNLL: -2.663075| Val njNLL: -2.921826 | Val mNLL: -2.359415| Time: 0.59s
2025-11-17 12:00:09,319 - INFO - Epoch 211/1000 | Train njNLL: -2.821947 | Train mNLL: -2.789096| Val njNLL: -3.089589 | Val mNLL: -2.507608| Time: 0.60s
2025-11-17 12:00:09,875 - INFO - Epoch 212/1000 | Train njNLL: -2.883687 | Train mNLL: -2.855999| Val njNLL: -3.014980 | Val mNLL: -2.482375| Time: 0.56s
2025-11-17 12:00:10,496 - INFO - Epoch 213/1000 | Train njNLL: -2.922860 | Train mNLL: -2.889470| Val njNLL: -3.204086 | Val mNLL: -2.622224| Time: 0.62s
2025-11-17 12:00:10,625 - INFO - New best model saved with val_loss: -3.204086
2025-11-17 12:00:11,228 - INFO - Epoch 214/1000 | Train njNLL: -2.838550 | Train mNLL: -2.807514| Val njNLL: -3.170348 | Val mNLL: -2.602258| Time: 0.60s
2025-11-17 12:00:11,838 - INFO - Epoch 215/1000 | Train njNLL: -2.876228 | Train mNLL: -2.844964| Val njNLL: -3.160956 | Val mNLL: -2.585672| Time: 0.61s
2025-11-17 12:00:12,404 - INFO - Epoch 216/1000 | Train njNLL: -2.839809 | Train mNLL: -2.807162| Val njNLL: -2.926876 | Val mNLL: -2.350706| Time: 0.57s
2025-11-17 12:00:13,012 - INFO - Epoch 217/1000 | Train njNLL: -2.742378 | Train mNLL: -2.696238| Val njNLL: -3.119287 | Val mNLL: -2.535330| Time: 0.61s
2025-11-17 12:00:13,600 - INFO - Epoch 218/1000 | Train njNLL: -2.915011 | Train mNLL: -2.884316| Val njNLL: -3.174267 | Val mNLL: -2.587965| Time: 0.59s
2025-11-17 12:00:14,211 - INFO - Epoch 219/1000 | Train njNLL: -2.920600 | Train mNLL: -2.890233| Val njNLL: -3.217156 | Val mNLL: -2.628675| Time: 0.61s
2025-11-17 12:00:14,341 - INFO - New best model saved with val_loss: -3.217156
2025-11-17 12:00:14,918 - INFO - Epoch 220/1000 | Train njNLL: -2.842560 | Train mNLL: -2.800338| Val njNLL: -2.901644 | Val mNLL: -2.347360| Time: 0.58s
2025-11-17 12:00:15,531 - INFO - Epoch 221/1000 | Train njNLL: -2.795363 | Train mNLL: -2.756223| Val njNLL: -3.111768 | Val mNLL: -2.521865| Time: 0.61s
2025-11-17 12:00:16,123 - INFO - Epoch 222/1000 | Train njNLL: -2.802400 | Train mNLL: -2.770209| Val njNLL: -3.014192 | Val mNLL: -2.463091| Time: 0.59s
2025-11-17 12:00:16,712 - INFO - Epoch 223/1000 | Train njNLL: -2.778121 | Train mNLL: -2.737374| Val njNLL: -2.995749 | Val mNLL: -2.403224| Time: 0.59s
2025-11-17 12:00:17,316 - INFO - Epoch 224/1000 | Train njNLL: -2.806205 | Train mNLL: -2.769778| Val njNLL: -2.907437 | Val mNLL: -2.348455| Time: 0.60s
2025-11-17 12:00:17,872 - INFO - Epoch 225/1000 | Train njNLL: -2.743897 | Train mNLL: -2.707480| Val njNLL: -3.097125 | Val mNLL: -2.558936| Time: 0.56s
2025-11-17 12:00:18,471 - INFO - Epoch 226/1000 | Train njNLL: -2.747251 | Train mNLL: -2.702727| Val njNLL: -3.152074 | Val mNLL: -2.568564| Time: 0.60s
2025-11-17 12:00:19,035 - INFO - Epoch 227/1000 | Train njNLL: -2.947577 | Train mNLL: -2.915584| Val njNLL: -3.223641 | Val mNLL: -2.645448| Time: 0.56s
2025-11-17 12:00:19,165 - INFO - New best model saved with val_loss: -3.223641
2025-11-17 12:00:19,781 - INFO - Epoch 228/1000 | Train njNLL: -2.922175 | Train mNLL: -2.889986| Val njNLL: -2.880538 | Val mNLL: -2.332359| Time: 0.62s
2025-11-17 12:00:20,376 - INFO - Epoch 229/1000 | Train njNLL: -2.703597 | Train mNLL: -2.664307| Val njNLL: -2.857741 | Val mNLL: -2.324030| Time: 0.60s
2025-11-17 12:00:20,947 - INFO - Epoch 230/1000 | Train njNLL: -2.802810 | Train mNLL: -2.767780| Val njNLL: -3.192579 | Val mNLL: -2.622372| Time: 0.57s
2025-11-17 12:00:21,531 - INFO - Epoch 231/1000 | Train njNLL: -2.880788 | Train mNLL: -2.850436| Val njNLL: -3.117214 | Val mNLL: -2.519819| Time: 0.58s
2025-11-17 12:00:22,142 - INFO - Epoch 232/1000 | Train njNLL: -2.900774 | Train mNLL: -2.864318| Val njNLL: -3.241798 | Val mNLL: -2.649791| Time: 0.61s
2025-11-17 12:00:22,271 - INFO - New best model saved with val_loss: -3.241798
2025-11-17 12:00:22,881 - INFO - Epoch 233/1000 | Train njNLL: -2.928455 | Train mNLL: -2.894479| Val njNLL: -3.207041 | Val mNLL: -2.625259| Time: 0.61s
2025-11-17 12:00:23,483 - INFO - Epoch 234/1000 | Train njNLL: -2.907152 | Train mNLL: -2.876682| Val njNLL: -3.230443 | Val mNLL: -2.644298| Time: 0.60s
2025-11-17 12:00:24,082 - INFO - Epoch 235/1000 | Train njNLL: -2.855432 | Train mNLL: -2.820108| Val njNLL: -3.065585 | Val mNLL: -2.519468| Time: 0.60s
2025-11-17 12:00:24,697 - INFO - Epoch 236/1000 | Train njNLL: -2.893830 | Train mNLL: -2.861400| Val njNLL: -3.247861 | Val mNLL: -2.653017| Time: 0.62s
2025-11-17 12:00:24,828 - INFO - New best model saved with val_loss: -3.247861
2025-11-17 12:00:25,411 - INFO - Epoch 237/1000 | Train njNLL: -2.891664 | Train mNLL: -2.856054| Val njNLL: -3.197733 | Val mNLL: -2.593972| Time: 0.58s
2025-11-17 12:00:25,978 - INFO - Epoch 238/1000 | Train njNLL: -2.972729 | Train mNLL: -2.942681| Val njNLL: -3.224214 | Val mNLL: -2.631538| Time: 0.57s
2025-11-17 12:00:26,576 - INFO - Epoch 239/1000 | Train njNLL: -2.975333 | Train mNLL: -2.945019| Val njNLL: -3.222691 | Val mNLL: -2.655887| Time: 0.60s
2025-11-17 12:00:27,151 - INFO - Epoch 240/1000 | Train njNLL: -2.933559 | Train mNLL: -2.902142| Val njNLL: -3.250056 | Val mNLL: -2.649031| Time: 0.58s
2025-11-17 12:00:27,287 - INFO - New best model saved with val_loss: -3.250056
2025-11-17 12:00:27,926 - INFO - Epoch 241/1000 | Train njNLL: -2.860465 | Train mNLL: -2.824935| Val njNLL: -3.256586 | Val mNLL: -2.672265| Time: 0.64s
2025-11-17 12:00:28,056 - INFO - New best model saved with val_loss: -3.256586
2025-11-17 12:00:28,670 - INFO - Epoch 242/1000 | Train njNLL: -3.016277 | Train mNLL: -2.982837| Val njNLL: -3.267302 | Val mNLL: -2.666680| Time: 0.61s
2025-11-17 12:00:28,801 - INFO - New best model saved with val_loss: -3.267302
2025-11-17 12:00:29,404 - INFO - Epoch 243/1000 | Train njNLL: -2.983446 | Train mNLL: -2.955498| Val njNLL: -3.262884 | Val mNLL: -2.658304| Time: 0.60s
2025-11-17 12:00:29,966 - INFO - Epoch 244/1000 | Train njNLL: -3.019652 | Train mNLL: -2.989155| Val njNLL: -3.282857 | Val mNLL: -2.688975| Time: 0.56s
2025-11-17 12:00:30,101 - INFO - New best model saved with val_loss: -3.282857
2025-11-17 12:00:30,663 - INFO - Epoch 245/1000 | Train njNLL: -3.035812 | Train mNLL: -3.005699| Val njNLL: -3.265936 | Val mNLL: -2.689310| Time: 0.56s
2025-11-17 12:00:31,219 - INFO - Epoch 246/1000 | Train njNLL: -3.005632 | Train mNLL: -2.972941| Val njNLL: -3.274518 | Val mNLL: -2.681728| Time: 0.56s
2025-11-17 12:00:31,816 - INFO - Epoch 247/1000 | Train njNLL: -3.037424 | Train mNLL: -3.005448| Val njNLL: -3.301866 | Val mNLL: -2.697106| Time: 0.60s
2025-11-17 12:00:31,944 - INFO - New best model saved with val_loss: -3.301866
2025-11-17 12:00:32,538 - INFO - Epoch 248/1000 | Train njNLL: -3.035792 | Train mNLL: -3.004573| Val njNLL: -3.164582 | Val mNLL: -2.584685| Time: 0.59s
2025-11-17 12:00:33,142 - INFO - Epoch 249/1000 | Train njNLL: -2.920966 | Train mNLL: -2.884760| Val njNLL: -3.259276 | Val mNLL: -2.649836| Time: 0.60s
2025-11-17 12:00:33,742 - INFO - Epoch 250/1000 | Train njNLL: -2.984682 | Train mNLL: -2.954036| Val njNLL: -3.277068 | Val mNLL: -2.676529| Time: 0.60s
2025-11-17 12:00:34,344 - INFO - Epoch 251/1000 | Train njNLL: -3.013819 | Train mNLL: -2.981723| Val njNLL: -3.288527 | Val mNLL: -2.702725| Time: 0.60s
2025-11-17 12:00:34,891 - INFO - Epoch 252/1000 | Train njNLL: -3.017731 | Train mNLL: -2.991373| Val njNLL: -3.254744 | Val mNLL: -2.650633| Time: 0.55s
2025-11-17 12:00:35,479 - INFO - Epoch 253/1000 | Train njNLL: -3.018184 | Train mNLL: -2.984558| Val njNLL: -3.262679 | Val mNLL: -2.660974| Time: 0.59s
2025-11-17 12:00:36,046 - INFO - Epoch 254/1000 | Train njNLL: -3.007334 | Train mNLL: -2.973125| Val njNLL: -3.315965 | Val mNLL: -2.712450| Time: 0.57s
2025-11-17 12:00:36,176 - INFO - New best model saved with val_loss: -3.315965
2025-11-17 12:00:36,735 - INFO - Epoch 255/1000 | Train njNLL: -2.970896 | Train mNLL: -2.940752| Val njNLL: -3.324377 | Val mNLL: -2.718359| Time: 0.56s
2025-11-17 12:00:36,864 - INFO - New best model saved with val_loss: -3.324377
2025-11-17 12:00:37,425 - INFO - Epoch 256/1000 | Train njNLL: -3.000250 | Train mNLL: -2.972498| Val njNLL: -3.297647 | Val mNLL: -2.688286| Time: 0.56s
2025-11-17 12:00:38,022 - INFO - Epoch 257/1000 | Train njNLL: -2.906075 | Train mNLL: -2.873406| Val njNLL: -2.827642 | Val mNLL: -2.322401| Time: 0.60s
2025-11-17 12:00:38,595 - INFO - Epoch 258/1000 | Train njNLL: -2.769564 | Train mNLL: -2.735819| Val njNLL: -3.098898 | Val mNLL: -2.552201| Time: 0.57s
2025-11-17 12:00:39,156 - INFO - Epoch 259/1000 | Train njNLL: -2.905249 | Train mNLL: -2.874691| Val njNLL: -3.126693 | Val mNLL: -2.527399| Time: 0.56s
2025-11-17 12:00:39,758 - INFO - Epoch 260/1000 | Train njNLL: -2.977862 | Train mNLL: -2.946235| Val njNLL: -3.309517 | Val mNLL: -2.709599| Time: 0.60s
2025-11-17 12:00:40,342 - INFO - Epoch 261/1000 | Train njNLL: -3.041449 | Train mNLL: -3.017159| Val njNLL: -3.176025 | Val mNLL: -2.584533| Time: 0.58s
2025-11-17 12:00:40,911 - INFO - Epoch 262/1000 | Train njNLL: -2.922721 | Train mNLL: -2.888516| Val njNLL: -2.882300 | Val mNLL: -2.334865| Time: 0.57s
2025-11-17 12:00:41,530 - INFO - Epoch 263/1000 | Train njNLL: -2.902226 | Train mNLL: -2.868295| Val njNLL: -3.245812 | Val mNLL: -2.641276| Time: 0.62s
2025-11-17 12:00:42,132 - INFO - Epoch 264/1000 | Train njNLL: -3.024994 | Train mNLL: -3.000633| Val njNLL: -3.331835 | Val mNLL: -2.744901| Time: 0.60s
2025-11-17 12:00:42,261 - INFO - New best model saved with val_loss: -3.331835
2025-11-17 12:00:42,847 - INFO - Epoch 265/1000 | Train njNLL: -3.037877 | Train mNLL: -3.007920| Val njNLL: -3.320112 | Val mNLL: -2.733332| Time: 0.59s
2025-11-17 12:00:43,431 - INFO - Epoch 266/1000 | Train njNLL: -3.046044 | Train mNLL: -3.018187| Val njNLL: -3.235983 | Val mNLL: -2.647104| Time: 0.58s
2025-11-17 12:00:43,996 - INFO - Epoch 267/1000 | Train njNLL: -3.109703 | Train mNLL: -3.082366| Val njNLL: -3.322615 | Val mNLL: -2.737453| Time: 0.56s
2025-11-17 12:00:44,622 - INFO - Epoch 268/1000 | Train njNLL: -3.060426 | Train mNLL: -3.034486| Val njNLL: -3.189806 | Val mNLL: -2.613773| Time: 0.63s
2025-11-17 12:00:45,226 - INFO - Epoch 269/1000 | Train njNLL: -3.019583 | Train mNLL: -2.988495| Val njNLL: -3.316449 | Val mNLL: -2.731196| Time: 0.60s
2025-11-17 12:00:45,850 - INFO - Epoch 270/1000 | Train njNLL: -3.084976 | Train mNLL: -3.053446| Val njNLL: -3.336393 | Val mNLL: -2.729420| Time: 0.62s
2025-11-17 12:00:45,980 - INFO - New best model saved with val_loss: -3.336393
2025-11-17 12:00:46,593 - INFO - Epoch 271/1000 | Train njNLL: -3.093994 | Train mNLL: -3.060973| Val njNLL: -3.077653 | Val mNLL: -2.518984| Time: 0.61s
2025-11-17 12:00:47,228 - INFO - Epoch 272/1000 | Train njNLL: -2.950718 | Train mNLL: -2.922488| Val njNLL: -3.130977 | Val mNLL: -2.537266| Time: 0.63s
2025-11-17 12:00:47,845 - INFO - Epoch 273/1000 | Train njNLL: -2.785941 | Train mNLL: -2.746658| Val njNLL: -3.054561 | Val mNLL: -2.459119| Time: 0.62s
2025-11-17 12:00:48,425 - INFO - Epoch 274/1000 | Train njNLL: -2.800105 | Train mNLL: -2.762012| Val njNLL: -3.208755 | Val mNLL: -2.611195| Time: 0.58s
2025-11-17 12:00:49,030 - INFO - Epoch 275/1000 | Train njNLL: -3.007382 | Train mNLL: -2.975662| Val njNLL: -3.336608 | Val mNLL: -2.733405| Time: 0.61s
2025-11-17 12:00:49,160 - INFO - New best model saved with val_loss: -3.336608
2025-11-17 12:00:49,721 - INFO - Epoch 276/1000 | Train njNLL: -3.047696 | Train mNLL: -3.017757| Val njNLL: -3.246822 | Val mNLL: -2.645804| Time: 0.56s
2025-11-17 12:00:50,333 - INFO - Epoch 277/1000 | Train njNLL: -3.057109 | Train mNLL: -3.026587| Val njNLL: -3.368493 | Val mNLL: -2.771027| Time: 0.61s
2025-11-17 12:00:50,462 - INFO - New best model saved with val_loss: -3.368493
2025-11-17 12:00:51,083 - INFO - Epoch 278/1000 | Train njNLL: -3.088963 | Train mNLL: -3.053673| Val njNLL: -3.380497 | Val mNLL: -2.771116| Time: 0.62s
2025-11-17 12:00:51,213 - INFO - New best model saved with val_loss: -3.380497
2025-11-17 12:00:51,825 - INFO - Epoch 279/1000 | Train njNLL: -3.137633 | Train mNLL: -3.107392| Val njNLL: -3.377431 | Val mNLL: -2.767171| Time: 0.61s
2025-11-17 12:00:52,437 - INFO - Epoch 280/1000 | Train njNLL: -3.107615 | Train mNLL: -3.079753| Val njNLL: -3.204698 | Val mNLL: -2.634947| Time: 0.61s
2025-11-17 12:00:52,998 - INFO - Epoch 281/1000 | Train njNLL: -3.082203 | Train mNLL: -3.051554| Val njNLL: -3.369665 | Val mNLL: -2.777197| Time: 0.56s
2025-11-17 12:00:53,615 - INFO - Epoch 282/1000 | Train njNLL: -3.096993 | Train mNLL: -3.060986| Val njNLL: -3.376741 | Val mNLL: -2.779998| Time: 0.62s
2025-11-17 12:00:54,224 - INFO - Epoch 283/1000 | Train njNLL: -3.066796 | Train mNLL: -3.034867| Val njNLL: -3.378077 | Val mNLL: -2.761619| Time: 0.61s
2025-11-17 12:00:54,823 - INFO - Epoch 284/1000 | Train njNLL: -3.095058 | Train mNLL: -3.061160| Val njNLL: -3.390074 | Val mNLL: -2.770769| Time: 0.60s
2025-11-17 12:00:54,952 - INFO - New best model saved with val_loss: -3.390074
2025-11-17 12:00:55,526 - INFO - Epoch 285/1000 | Train njNLL: -3.113432 | Train mNLL: -3.085826| Val njNLL: -3.343633 | Val mNLL: -2.719953| Time: 0.57s
2025-11-17 12:00:56,119 - INFO - Epoch 286/1000 | Train njNLL: -3.102019 | Train mNLL: -3.076005| Val njNLL: -3.364529 | Val mNLL: -2.757239| Time: 0.59s
2025-11-17 12:00:56,719 - INFO - Epoch 287/1000 | Train njNLL: -3.098712 | Train mNLL: -3.070210| Val njNLL: -3.419377 | Val mNLL: -2.798334| Time: 0.60s
2025-11-17 12:00:56,849 - INFO - New best model saved with val_loss: -3.419377
2025-11-17 12:00:57,481 - INFO - Epoch 288/1000 | Train njNLL: -3.138237 | Train mNLL: -3.109167| Val njNLL: -3.352600 | Val mNLL: -2.742685| Time: 0.63s
2025-11-17 12:00:58,093 - INFO - Epoch 289/1000 | Train njNLL: -3.096297 | Train mNLL: -3.062984| Val njNLL: -3.369662 | Val mNLL: -2.767602| Time: 0.61s
2025-11-17 12:00:58,711 - INFO - Epoch 290/1000 | Train njNLL: -3.118626 | Train mNLL: -3.090640| Val njNLL: -3.316512 | Val mNLL: -2.744966| Time: 0.62s
2025-11-17 12:00:59,313 - INFO - Epoch 291/1000 | Train njNLL: -3.112665 | Train mNLL: -3.087455| Val njNLL: -3.339299 | Val mNLL: -2.736276| Time: 0.60s
2025-11-17 12:00:59,938 - INFO - Epoch 292/1000 | Train njNLL: -2.856688 | Train mNLL: -2.822351| Val njNLL: -3.282859 | Val mNLL: -2.674893| Time: 0.62s
2025-11-17 12:01:00,556 - INFO - Epoch 293/1000 | Train njNLL: -3.110409 | Train mNLL: -3.080110| Val njNLL: -3.302639 | Val mNLL: -2.732285| Time: 0.62s
2025-11-17 12:01:01,147 - INFO - Epoch 294/1000 | Train njNLL: -3.103532 | Train mNLL: -3.074525| Val njNLL: -3.214469 | Val mNLL: -2.651300| Time: 0.59s
2025-11-17 12:01:01,732 - INFO - Epoch 295/1000 | Train njNLL: -3.040417 | Train mNLL: -3.008755| Val njNLL: -3.046672 | Val mNLL: -2.467848| Time: 0.59s
2025-11-17 12:01:02,345 - INFO - Epoch 296/1000 | Train njNLL: -3.072340 | Train mNLL: -3.039076| Val njNLL: -3.408738 | Val mNLL: -2.795288| Time: 0.61s
2025-11-17 12:01:02,939 - INFO - Epoch 297/1000 | Train njNLL: -3.130011 | Train mNLL: -3.101520| Val njNLL: -3.415928 | Val mNLL: -2.797033| Time: 0.59s
2025-11-17 12:01:03,546 - INFO - Epoch 298/1000 | Train njNLL: -3.107643 | Train mNLL: -3.078524| Val njNLL: -3.214415 | Val mNLL: -2.633372| Time: 0.61s
2025-11-17 12:01:04,163 - INFO - Epoch 299/1000 | Train njNLL: -3.086807 | Train mNLL: -3.057865| Val njNLL: -3.371302 | Val mNLL: -2.758080| Time: 0.62s
2025-11-17 12:01:04,760 - INFO - Epoch 300/1000 | Train njNLL: -3.181085 | Train mNLL: -3.152682| Val njNLL: -3.438526 | Val mNLL: -2.817167| Time: 0.60s
2025-11-17 12:01:04,889 - INFO - New best model saved with val_loss: -3.438526
2025-11-17 12:01:05,486 - INFO - Epoch 301/1000 | Train njNLL: -3.229340 | Train mNLL: -3.198194| Val njNLL: -3.376974 | Val mNLL: -2.753120| Time: 0.60s
2025-11-17 12:01:06,049 - INFO - Epoch 302/1000 | Train njNLL: -3.178168 | Train mNLL: -3.148273| Val njNLL: -3.398458 | Val mNLL: -2.799648| Time: 0.56s
2025-11-17 12:01:06,605 - INFO - Epoch 303/1000 | Train njNLL: -3.181716 | Train mNLL: -3.149724| Val njNLL: -3.437993 | Val mNLL: -2.823776| Time: 0.56s
2025-11-17 12:01:07,204 - INFO - Epoch 304/1000 | Train njNLL: -3.234162 | Train mNLL: -3.204222| Val njNLL: -3.402441 | Val mNLL: -2.801312| Time: 0.60s
2025-11-17 12:01:07,809 - INFO - Epoch 305/1000 | Train njNLL: -3.197725 | Train mNLL: -3.166895| Val njNLL: -3.461986 | Val mNLL: -2.844953| Time: 0.60s
2025-11-17 12:01:07,939 - INFO - New best model saved with val_loss: -3.461986
2025-11-17 12:01:08,529 - INFO - Epoch 306/1000 | Train njNLL: -3.197310 | Train mNLL: -3.166234| Val njNLL: -3.449302 | Val mNLL: -2.832147| Time: 0.59s
2025-11-17 12:01:09,110 - INFO - Epoch 307/1000 | Train njNLL: -3.173800 | Train mNLL: -3.142726| Val njNLL: -3.456199 | Val mNLL: -2.842177| Time: 0.58s
2025-11-17 12:01:09,674 - INFO - Epoch 308/1000 | Train njNLL: -3.161213 | Train mNLL: -3.132703| Val njNLL: -3.399168 | Val mNLL: -2.783213| Time: 0.56s
2025-11-17 12:01:10,248 - INFO - Epoch 309/1000 | Train njNLL: -3.231343 | Train mNLL: -3.195149| Val njNLL: -3.488511 | Val mNLL: -2.862493| Time: 0.57s
2025-11-17 12:01:10,405 - INFO - New best model saved with val_loss: -3.488511
2025-11-17 12:01:10,971 - INFO - Epoch 310/1000 | Train njNLL: -3.229048 | Train mNLL: -3.202997| Val njNLL: -3.462150 | Val mNLL: -2.848999| Time: 0.57s
2025-11-17 12:01:11,530 - INFO - Epoch 311/1000 | Train njNLL: -3.248506 | Train mNLL: -3.217388| Val njNLL: -3.450694 | Val mNLL: -2.835586| Time: 0.56s
2025-11-17 12:01:12,093 - INFO - Epoch 312/1000 | Train njNLL: -3.186177 | Train mNLL: -3.160398| Val njNLL: -3.451594 | Val mNLL: -2.824546| Time: 0.56s
2025-11-17 12:01:12,653 - INFO - Epoch 313/1000 | Train njNLL: -3.077962 | Train mNLL: -3.046062| Val njNLL: -3.370227 | Val mNLL: -2.744793| Time: 0.56s
2025-11-17 12:01:13,259 - INFO - Epoch 314/1000 | Train njNLL: -3.139430 | Train mNLL: -3.103073| Val njNLL: -3.440659 | Val mNLL: -2.800440| Time: 0.61s
2025-11-17 12:01:13,877 - INFO - Epoch 315/1000 | Train njNLL: -3.115731 | Train mNLL: -3.085597| Val njNLL: -3.347773 | Val mNLL: -2.723838| Time: 0.62s
2025-11-17 12:01:14,440 - INFO - Epoch 316/1000 | Train njNLL: -3.059821 | Train mNLL: -3.028407| Val njNLL: -3.409361 | Val mNLL: -2.795865| Time: 0.56s
2025-11-17 12:01:15,001 - INFO - Epoch 317/1000 | Train njNLL: -3.150143 | Train mNLL: -3.116468| Val njNLL: -3.390966 | Val mNLL: -2.777467| Time: 0.56s
2025-11-17 12:01:15,562 - INFO - Epoch 318/1000 | Train njNLL: -3.173585 | Train mNLL: -3.144422| Val njNLL: -3.482374 | Val mNLL: -2.861089| Time: 0.56s
2025-11-17 12:01:16,168 - INFO - Epoch 319/1000 | Train njNLL: -3.214921 | Train mNLL: -3.185139| Val njNLL: -3.480903 | Val mNLL: -2.848015| Time: 0.61s
2025-11-17 12:01:16,756 - INFO - Epoch 320/1000 | Train njNLL: -3.210925 | Train mNLL: -3.180460| Val njNLL: -3.383181 | Val mNLL: -2.768678| Time: 0.59s
2025-11-17 12:01:17,337 - INFO - Epoch 321/1000 | Train njNLL: -3.170555 | Train mNLL: -3.141389| Val njNLL: -3.490963 | Val mNLL: -2.869555| Time: 0.58s
2025-11-17 12:01:17,466 - INFO - New best model saved with val_loss: -3.490963
2025-11-17 12:01:18,093 - INFO - Epoch 322/1000 | Train njNLL: -3.244273 | Train mNLL: -3.216013| Val njNLL: -3.497982 | Val mNLL: -2.878724| Time: 0.63s
2025-11-17 12:01:18,222 - INFO - New best model saved with val_loss: -3.497982
2025-11-17 12:01:18,826 - INFO - Epoch 323/1000 | Train njNLL: -3.202821 | Train mNLL: -3.169722| Val njNLL: -3.427941 | Val mNLL: -2.812232| Time: 0.60s
2025-11-17 12:01:19,450 - INFO - Epoch 324/1000 | Train njNLL: -3.206741 | Train mNLL: -3.174917| Val njNLL: -3.089027 | Val mNLL: -2.505320| Time: 0.62s
2025-11-17 12:01:20,074 - INFO - Epoch 325/1000 | Train njNLL: -3.042512 | Train mNLL: -3.012746| Val njNLL: -3.455320 | Val mNLL: -2.831654| Time: 0.62s
2025-11-17 12:01:20,671 - INFO - Epoch 326/1000 | Train njNLL: -3.049619 | Train mNLL: -3.020324| Val njNLL: -3.340729 | Val mNLL: -2.738013| Time: 0.60s
2025-11-17 12:01:21,273 - INFO - Epoch 327/1000 | Train njNLL: -3.196063 | Train mNLL: -3.168111| Val njNLL: -3.427118 | Val mNLL: -2.823148| Time: 0.60s
2025-11-17 12:01:21,872 - INFO - Epoch 328/1000 | Train njNLL: -3.213421 | Train mNLL: -3.183408| Val njNLL: -3.470720 | Val mNLL: -2.848229| Time: 0.60s
2025-11-17 12:01:22,479 - INFO - Epoch 329/1000 | Train njNLL: -3.230175 | Train mNLL: -3.199882| Val njNLL: -3.455447 | Val mNLL: -2.844645| Time: 0.61s
2025-11-17 12:01:23,076 - INFO - Epoch 330/1000 | Train njNLL: -3.203796 | Train mNLL: -3.174983| Val njNLL: -3.512039 | Val mNLL: -2.884699| Time: 0.60s
2025-11-17 12:01:23,206 - INFO - New best model saved with val_loss: -3.512039
2025-11-17 12:01:23,834 - INFO - Epoch 331/1000 | Train njNLL: -3.264357 | Train mNLL: -3.238813| Val njNLL: -3.460618 | Val mNLL: -2.837102| Time: 0.63s
2025-11-17 12:01:24,438 - INFO - Epoch 332/1000 | Train njNLL: -3.228776 | Train mNLL: -3.196654| Val njNLL: -3.390042 | Val mNLL: -2.781424| Time: 0.60s
2025-11-17 12:01:25,039 - INFO - Epoch 333/1000 | Train njNLL: -3.237176 | Train mNLL: -3.215420| Val njNLL: -3.484520 | Val mNLL: -2.853735| Time: 0.60s
2025-11-17 12:01:25,612 - INFO - Epoch 334/1000 | Train njNLL: -3.240853 | Train mNLL: -3.210400| Val njNLL: -3.458152 | Val mNLL: -2.841255| Time: 0.57s
2025-11-17 12:01:26,226 - INFO - Epoch 335/1000 | Train njNLL: -3.230638 | Train mNLL: -3.204910| Val njNLL: -3.525683 | Val mNLL: -2.883985| Time: 0.61s
2025-11-17 12:01:26,356 - INFO - New best model saved with val_loss: -3.525683
2025-11-17 12:01:27,002 - INFO - Epoch 336/1000 | Train njNLL: -3.239088 | Train mNLL: -3.211367| Val njNLL: -3.391013 | Val mNLL: -2.786752| Time: 0.65s
2025-11-17 12:01:27,588 - INFO - Epoch 337/1000 | Train njNLL: -3.105342 | Train mNLL: -3.075352| Val njNLL: -3.156262 | Val mNLL: -2.552070| Time: 0.59s
2025-11-17 12:01:28,202 - INFO - Epoch 338/1000 | Train njNLL: -3.143676 | Train mNLL: -3.115909| Val njNLL: -3.520532 | Val mNLL: -2.895696| Time: 0.61s
2025-11-17 12:01:28,819 - INFO - Epoch 339/1000 | Train njNLL: -3.230473 | Train mNLL: -3.198362| Val njNLL: -3.492707 | Val mNLL: -2.861697| Time: 0.62s
2025-11-17 12:01:29,430 - INFO - Epoch 340/1000 | Train njNLL: -3.188542 | Train mNLL: -3.158078| Val njNLL: -3.502102 | Val mNLL: -2.867146| Time: 0.61s
2025-11-17 12:01:30,040 - INFO - Epoch 341/1000 | Train njNLL: -3.156099 | Train mNLL: -3.129905| Val njNLL: -3.381082 | Val mNLL: -2.761364| Time: 0.61s
2025-11-17 12:01:30,653 - INFO - Epoch 342/1000 | Train njNLL: -3.223996 | Train mNLL: -3.190045| Val njNLL: -3.483606 | Val mNLL: -2.867661| Time: 0.61s
2025-11-17 12:01:31,255 - INFO - Epoch 343/1000 | Train njNLL: -3.156738 | Train mNLL: -3.126101| Val njNLL: -3.445715 | Val mNLL: -2.825211| Time: 0.60s
2025-11-17 12:01:31,828 - INFO - Epoch 344/1000 | Train njNLL: -3.135259 | Train mNLL: -3.108126| Val njNLL: -3.462017 | Val mNLL: -2.847466| Time: 0.57s
2025-11-17 12:01:32,428 - INFO - Epoch 345/1000 | Train njNLL: -3.191685 | Train mNLL: -3.155356| Val njNLL: -3.195095 | Val mNLL: -2.615296| Time: 0.60s
2025-11-17 12:01:32,998 - INFO - Epoch 346/1000 | Train njNLL: -3.055329 | Train mNLL: -3.022156| Val njNLL: -3.402256 | Val mNLL: -2.785203| Time: 0.57s
2025-11-17 12:01:33,574 - INFO - Epoch 347/1000 | Train njNLL: -3.111574 | Train mNLL: -3.079573| Val njNLL: -3.522179 | Val mNLL: -2.902343| Time: 0.58s
2025-11-17 12:01:34,143 - INFO - Epoch 348/1000 | Train njNLL: -3.034337 | Train mNLL: -3.007715| Val njNLL: -3.195402 | Val mNLL: -2.613389| Time: 0.57s
2025-11-17 12:01:34,741 - INFO - Epoch 349/1000 | Train njNLL: -3.206557 | Train mNLL: -3.176594| Val njNLL: -3.441355 | Val mNLL: -2.835868| Time: 0.60s
2025-11-17 12:01:35,351 - INFO - Epoch 350/1000 | Train njNLL: -3.241830 | Train mNLL: -3.213145| Val njNLL: -3.514085 | Val mNLL: -2.870412| Time: 0.61s
2025-11-17 12:01:35,954 - INFO - Epoch 351/1000 | Train njNLL: -3.274660 | Train mNLL: -3.243662| Val njNLL: -3.464955 | Val mNLL: -2.821094| Time: 0.60s
2025-11-17 12:01:36,545 - INFO - Epoch 352/1000 | Train njNLL: -3.278240 | Train mNLL: -3.247178| Val njNLL: -3.516337 | Val mNLL: -2.874159| Time: 0.59s
2025-11-17 12:01:37,194 - INFO - Epoch 353/1000 | Train njNLL: -3.306924 | Train mNLL: -3.278907| Val njNLL: -3.525797 | Val mNLL: -2.890948| Time: 0.65s
2025-11-17 12:01:37,323 - INFO - New best model saved with val_loss: -3.525797
2025-11-17 12:01:37,931 - INFO - Epoch 354/1000 | Train njNLL: -3.204322 | Train mNLL: -3.173245| Val njNLL: -3.366293 | Val mNLL: -2.744023| Time: 0.61s
2025-11-17 12:01:38,534 - INFO - Epoch 355/1000 | Train njNLL: -3.231983 | Train mNLL: -3.203210| Val njNLL: -3.490512 | Val mNLL: -2.868716| Time: 0.60s
2025-11-17 12:01:39,161 - INFO - Epoch 356/1000 | Train njNLL: -3.316335 | Train mNLL: -3.282873| Val njNLL: -3.562834 | Val mNLL: -2.925952| Time: 0.63s
2025-11-17 12:01:39,290 - INFO - New best model saved with val_loss: -3.562834
2025-11-17 12:01:39,923 - INFO - Epoch 357/1000 | Train njNLL: -3.263165 | Train mNLL: -3.231583| Val njNLL: -3.536298 | Val mNLL: -2.907821| Time: 0.63s
2025-11-17 12:01:40,533 - INFO - Epoch 358/1000 | Train njNLL: -3.233644 | Train mNLL: -3.205972| Val njNLL: -3.489377 | Val mNLL: -2.873445| Time: 0.61s
2025-11-17 12:01:41,108 - INFO - Epoch 359/1000 | Train njNLL: -3.200678 | Train mNLL: -3.171654| Val njNLL: -3.512635 | Val mNLL: -2.888666| Time: 0.57s
2025-11-17 12:01:41,703 - INFO - Epoch 360/1000 | Train njNLL: -3.241110 | Train mNLL: -3.212170| Val njNLL: -3.553768 | Val mNLL: -2.922925| Time: 0.60s
2025-11-17 12:01:42,304 - INFO - Epoch 361/1000 | Train njNLL: -3.257687 | Train mNLL: -3.223749| Val njNLL: -3.445374 | Val mNLL: -2.806044| Time: 0.60s
2025-11-17 12:01:42,860 - INFO - Epoch 362/1000 | Train njNLL: -3.244554 | Train mNLL: -3.222851| Val njNLL: -3.542061 | Val mNLL: -2.913663| Time: 0.56s
2025-11-17 12:01:43,464 - INFO - Epoch 363/1000 | Train njNLL: -3.204599 | Train mNLL: -3.182817| Val njNLL: -3.459205 | Val mNLL: -2.848456| Time: 0.60s
2025-11-17 12:01:44,063 - INFO - Epoch 364/1000 | Train njNLL: -3.240825 | Train mNLL: -3.211435| Val njNLL: -3.460157 | Val mNLL: -2.836175| Time: 0.60s
2025-11-17 12:01:44,664 - INFO - Epoch 365/1000 | Train njNLL: -3.249651 | Train mNLL: -3.223471| Val njNLL: -3.530543 | Val mNLL: -2.908861| Time: 0.60s
2025-11-17 12:01:45,221 - INFO - Epoch 366/1000 | Train njNLL: -3.250045 | Train mNLL: -3.220801| Val njNLL: -3.485977 | Val mNLL: -2.863511| Time: 0.56s
2025-11-17 12:01:45,820 - INFO - Epoch 367/1000 | Train njNLL: -3.245912 | Train mNLL: -3.218596| Val njNLL: -3.439896 | Val mNLL: -2.835681| Time: 0.60s
2025-11-17 12:01:46,421 - INFO - Epoch 368/1000 | Train njNLL: -3.122877 | Train mNLL: -3.094624| Val njNLL: -3.337406 | Val mNLL: -2.721774| Time: 0.60s
2025-11-17 12:01:47,021 - INFO - Epoch 369/1000 | Train njNLL: -3.212257 | Train mNLL: -3.184727| Val njNLL: -3.429840 | Val mNLL: -2.831027| Time: 0.60s
2025-11-17 12:01:47,646 - INFO - Epoch 370/1000 | Train njNLL: -3.189898 | Train mNLL: -3.157662| Val njNLL: -3.365201 | Val mNLL: -2.752554| Time: 0.62s
2025-11-17 12:01:48,204 - INFO - Epoch 371/1000 | Train njNLL: -3.178203 | Train mNLL: -3.148883| Val njNLL: -3.305330 | Val mNLL: -2.711312| Time: 0.56s
2025-11-17 12:01:48,767 - INFO - Epoch 372/1000 | Train njNLL: -2.966361 | Train mNLL: -2.937961| Val njNLL: -3.163372 | Val mNLL: -2.568331| Time: 0.56s
2025-11-17 12:01:49,375 - INFO - Epoch 373/1000 | Train njNLL: -3.017574 | Train mNLL: -2.984390| Val njNLL: -3.410906 | Val mNLL: -2.800298| Time: 0.61s
2025-11-17 12:01:49,963 - INFO - Epoch 374/1000 | Train njNLL: -3.236332 | Train mNLL: -3.202166| Val njNLL: -3.543491 | Val mNLL: -2.905178| Time: 0.59s
2025-11-17 12:01:50,579 - INFO - Epoch 375/1000 | Train njNLL: -3.274753 | Train mNLL: -3.246230| Val njNLL: -3.481966 | Val mNLL: -2.852436| Time: 0.62s
2025-11-17 12:01:51,214 - INFO - Epoch 376/1000 | Train njNLL: -3.266476 | Train mNLL: -3.240410| Val njNLL: -3.530150 | Val mNLL: -2.885191| Time: 0.63s
2025-11-17 12:01:51,839 - INFO - Epoch 377/1000 | Train njNLL: -3.241485 | Train mNLL: -3.211542| Val njNLL: -3.348569 | Val mNLL: -2.734293| Time: 0.62s
2025-11-17 12:01:52,453 - INFO - Epoch 378/1000 | Train njNLL: -3.210167 | Train mNLL: -3.181807| Val njNLL: -3.467865 | Val mNLL: -2.842448| Time: 0.61s
2025-11-17 12:01:53,066 - INFO - Epoch 379/1000 | Train njNLL: -3.263647 | Train mNLL: -3.237283| Val njNLL: -3.503505 | Val mNLL: -2.880671| Time: 0.61s
2025-11-17 12:01:53,681 - INFO - Epoch 380/1000 | Train njNLL: -3.268439 | Train mNLL: -3.239947| Val njNLL: -3.568598 | Val mNLL: -2.920788| Time: 0.61s
2025-11-17 12:01:54,052 - INFO - New best model saved with val_loss: -3.568598
2025-11-17 12:01:54,644 - INFO - Epoch 381/1000 | Train njNLL: -3.161334 | Train mNLL: -3.123688| Val njNLL: -3.475206 | Val mNLL: -2.848375| Time: 0.59s
2025-11-17 12:01:55,247 - INFO - Epoch 382/1000 | Train njNLL: -3.070270 | Train mNLL: -3.037647| Val njNLL: -3.535756 | Val mNLL: -2.875788| Time: 0.60s
2025-11-17 12:01:55,846 - INFO - Epoch 383/1000 | Train njNLL: -3.110711 | Train mNLL: -3.081594| Val njNLL: -3.160191 | Val mNLL: -2.590457| Time: 0.60s
2025-11-17 12:01:56,462 - INFO - Epoch 384/1000 | Train njNLL: -3.155822 | Train mNLL: -3.125769| Val njNLL: -3.496948 | Val mNLL: -2.852192| Time: 0.62s
2025-11-17 12:01:57,063 - INFO - Epoch 385/1000 | Train njNLL: -3.227790 | Train mNLL: -3.198100| Val njNLL: -3.454687 | Val mNLL: -2.820469| Time: 0.60s
2025-11-17 12:01:57,669 - INFO - Epoch 386/1000 | Train njNLL: -3.189903 | Train mNLL: -3.169713| Val njNLL: -3.184432 | Val mNLL: -2.598954| Time: 0.61s
2025-11-17 12:01:58,273 - INFO - Epoch 387/1000 | Train njNLL: -3.198730 | Train mNLL: -3.167197| Val njNLL: -3.305652 | Val mNLL: -2.692099| Time: 0.60s
2025-11-17 12:01:58,886 - INFO - Epoch 388/1000 | Train njNLL: -3.105676 | Train mNLL: -3.074253| Val njNLL: -3.516767 | Val mNLL: -2.877015| Time: 0.61s
2025-11-17 12:01:59,496 - INFO - Epoch 389/1000 | Train njNLL: -3.184493 | Train mNLL: -3.150558| Val njNLL: -3.091258 | Val mNLL: -2.522346| Time: 0.61s
2025-11-17 12:02:00,086 - INFO - Epoch 390/1000 | Train njNLL: -3.031693 | Train mNLL: -2.999313| Val njNLL: -3.248481 | Val mNLL: -2.649567| Time: 0.59s
2025-11-17 12:02:00,685 - INFO - Epoch 391/1000 | Train njNLL: -3.126600 | Train mNLL: -3.093649| Val njNLL: -3.294564 | Val mNLL: -2.701765| Time: 0.60s
2025-11-17 12:02:01,260 - INFO - Epoch 392/1000 | Train njNLL: -3.113269 | Train mNLL: -3.077128| Val njNLL: -3.518377 | Val mNLL: -2.873711| Time: 0.57s
2025-11-17 12:02:01,863 - INFO - Epoch 393/1000 | Train njNLL: -3.263616 | Train mNLL: -3.229637| Val njNLL: -3.497038 | Val mNLL: -2.873236| Time: 0.60s
2025-11-17 12:02:02,474 - INFO - Epoch 394/1000 | Train njNLL: -3.303916 | Train mNLL: -3.269935| Val njNLL: -3.504263 | Val mNLL: -2.859083| Time: 0.61s
2025-11-17 12:02:03,034 - INFO - Epoch 395/1000 | Train njNLL: -3.242464 | Train mNLL: -3.224901| Val njNLL: -3.528347 | Val mNLL: -2.893920| Time: 0.56s
2025-11-17 12:02:03,590 - INFO - Epoch 396/1000 | Train njNLL: -3.273402 | Train mNLL: -3.242923| Val njNLL: -3.511962 | Val mNLL: -2.872099| Time: 0.56s
2025-11-17 12:02:04,179 - INFO - Epoch 397/1000 | Train njNLL: -3.264166 | Train mNLL: -3.234743| Val njNLL: -3.450993 | Val mNLL: -2.825809| Time: 0.59s
2025-11-17 12:02:04,741 - INFO - Epoch 398/1000 | Train njNLL: -3.262949 | Train mNLL: -3.235955| Val njNLL: -3.329532 | Val mNLL: -2.732718| Time: 0.56s
2025-11-17 12:02:05,324 - INFO - Epoch 399/1000 | Train njNLL: -3.089333 | Train mNLL: -3.052782| Val njNLL: -3.539762 | Val mNLL: -2.919994| Time: 0.58s
2025-11-17 12:02:05,930 - INFO - Epoch 400/1000 | Train njNLL: -3.238244 | Train mNLL: -3.210043| Val njNLL: -3.575567 | Val mNLL: -2.927033| Time: 0.61s
2025-11-17 12:02:06,060 - INFO - New best model saved with val_loss: -3.575567
2025-11-17 12:02:06,669 - INFO - Epoch 401/1000 | Train njNLL: -3.240448 | Train mNLL: -3.210816| Val njNLL: -3.583858 | Val mNLL: -2.941656| Time: 0.61s
2025-11-17 12:02:06,798 - INFO - New best model saved with val_loss: -3.583858
2025-11-17 12:02:07,408 - INFO - Epoch 402/1000 | Train njNLL: -3.286127 | Train mNLL: -3.255971| Val njNLL: -3.518058 | Val mNLL: -2.908858| Time: 0.61s
2025-11-17 12:02:07,980 - INFO - Epoch 403/1000 | Train njNLL: -3.289999 | Train mNLL: -3.261190| Val njNLL: -3.453235 | Val mNLL: -2.816269| Time: 0.57s
2025-11-17 12:02:08,567 - INFO - Epoch 404/1000 | Train njNLL: -3.248463 | Train mNLL: -3.221786| Val njNLL: -3.460676 | Val mNLL: -2.835737| Time: 0.59s
2025-11-17 12:02:09,126 - INFO - Epoch 405/1000 | Train njNLL: -3.122150 | Train mNLL: -3.093143| Val njNLL: -3.525382 | Val mNLL: -2.892102| Time: 0.56s
2025-11-17 12:02:09,724 - INFO - Epoch 406/1000 | Train njNLL: -2.925543 | Train mNLL: -2.892934| Val njNLL: -2.777331 | Val mNLL: -2.250804| Time: 0.60s
2025-11-17 12:02:10,336 - INFO - Epoch 407/1000 | Train njNLL: -2.903112 | Train mNLL: -2.863268| Val njNLL: -3.342547 | Val mNLL: -2.726489| Time: 0.61s
2025-11-17 12:02:10,905 - INFO - Epoch 408/1000 | Train njNLL: -2.914200 | Train mNLL: -2.877712| Val njNLL: -3.230894 | Val mNLL: -2.655748| Time: 0.57s
2025-11-17 12:02:11,506 - INFO - Epoch 409/1000 | Train njNLL: -3.187534 | Train mNLL: -3.156544| Val njNLL: -3.586913 | Val mNLL: -2.952766| Time: 0.60s
2025-11-17 12:02:11,635 - INFO - New best model saved with val_loss: -3.586913
2025-11-17 12:02:12,212 - INFO - Epoch 410/1000 | Train njNLL: -3.312156 | Train mNLL: -3.282949| Val njNLL: -3.575991 | Val mNLL: -2.936844| Time: 0.58s
2025-11-17 12:02:12,844 - INFO - Epoch 411/1000 | Train njNLL: -3.314172 | Train mNLL: -3.292864| Val njNLL: -3.556666 | Val mNLL: -2.927273| Time: 0.63s
2025-11-17 12:02:13,439 - INFO - Epoch 412/1000 | Train njNLL: -3.296231 | Train mNLL: -3.266367| Val njNLL: -3.596238 | Val mNLL: -2.958427| Time: 0.60s
2025-11-17 12:02:13,597 - INFO - New best model saved with val_loss: -3.596238
2025-11-17 12:02:14,197 - INFO - Epoch 413/1000 | Train njNLL: -3.326195 | Train mNLL: -3.295451| Val njNLL: -3.419501 | Val mNLL: -2.810536| Time: 0.60s
2025-11-17 12:02:14,795 - INFO - Epoch 414/1000 | Train njNLL: -3.238760 | Train mNLL: -3.208650| Val njNLL: -3.346105 | Val mNLL: -2.741694| Time: 0.60s
2025-11-17 12:02:15,401 - INFO - Epoch 415/1000 | Train njNLL: -3.092855 | Train mNLL: -3.062630| Val njNLL: -3.383005 | Val mNLL: -2.769443| Time: 0.61s
2025-11-17 12:02:16,006 - INFO - Epoch 416/1000 | Train njNLL: -3.281596 | Train mNLL: -3.251568| Val njNLL: -3.501061 | Val mNLL: -2.883366| Time: 0.60s
2025-11-17 12:02:16,617 - INFO - Epoch 417/1000 | Train njNLL: -3.285961 | Train mNLL: -3.254626| Val njNLL: -3.607503 | Val mNLL: -2.964397| Time: 0.61s
2025-11-17 12:02:16,746 - INFO - New best model saved with val_loss: -3.607503
2025-11-17 12:02:17,364 - INFO - Epoch 418/1000 | Train njNLL: -3.322242 | Train mNLL: -3.295710| Val njNLL: -3.501976 | Val mNLL: -2.878266| Time: 0.62s
2025-11-17 12:02:17,974 - INFO - Epoch 419/1000 | Train njNLL: -3.300771 | Train mNLL: -3.268462| Val njNLL: -3.539200 | Val mNLL: -2.895182| Time: 0.61s
2025-11-17 12:02:18,581 - INFO - Epoch 420/1000 | Train njNLL: -3.153594 | Train mNLL: -3.120409| Val njNLL: -3.316205 | Val mNLL: -2.677831| Time: 0.61s
2025-11-17 12:02:19,194 - INFO - Epoch 421/1000 | Train njNLL: -3.120296 | Train mNLL: -3.088931| Val njNLL: -3.212063 | Val mNLL: -2.624477| Time: 0.61s
2025-11-17 12:02:19,796 - INFO - Epoch 422/1000 | Train njNLL: -3.125835 | Train mNLL: -3.094719| Val njNLL: -3.428706 | Val mNLL: -2.828950| Time: 0.60s
2025-11-17 12:02:20,444 - INFO - Epoch 423/1000 | Train njNLL: -3.253795 | Train mNLL: -3.224115| Val njNLL: -3.394809 | Val mNLL: -2.800781| Time: 0.65s
2025-11-17 12:02:21,028 - INFO - Epoch 424/1000 | Train njNLL: -3.148716 | Train mNLL: -3.113579| Val njNLL: -3.490134 | Val mNLL: -2.861377| Time: 0.58s
2025-11-17 12:02:21,600 - INFO - Epoch 425/1000 | Train njNLL: -3.207528 | Train mNLL: -3.177305| Val njNLL: -3.441726 | Val mNLL: -2.817114| Time: 0.57s
2025-11-17 12:02:22,204 - INFO - Epoch 426/1000 | Train njNLL: -3.287350 | Train mNLL: -3.254413| Val njNLL: -3.551065 | Val mNLL: -2.920485| Time: 0.60s
2025-11-17 12:02:22,796 - INFO - Epoch 427/1000 | Train njNLL: -3.322596 | Train mNLL: -3.291637| Val njNLL: -3.617496 | Val mNLL: -2.977614| Time: 0.59s
2025-11-17 12:02:22,925 - INFO - New best model saved with val_loss: -3.617496
2025-11-17 12:02:23,509 - INFO - Epoch 428/1000 | Train njNLL: -3.282958 | Train mNLL: -3.250098| Val njNLL: -3.611375 | Val mNLL: -2.956105| Time: 0.58s
2025-11-17 12:02:24,118 - INFO - Epoch 429/1000 | Train njNLL: -3.074015 | Train mNLL: -3.042826| Val njNLL: -3.353032 | Val mNLL: -2.730491| Time: 0.61s
2025-11-17 12:02:24,728 - INFO - Epoch 430/1000 | Train njNLL: -3.280590 | Train mNLL: -3.251249| Val njNLL: -3.583927 | Val mNLL: -2.934667| Time: 0.61s
2025-11-17 12:02:25,362 - INFO - Epoch 431/1000 | Train njNLL: -3.354386 | Train mNLL: -3.328580| Val njNLL: -3.532270 | Val mNLL: -2.909722| Time: 0.63s
2025-11-17 12:02:25,952 - INFO - Epoch 432/1000 | Train njNLL: -3.301478 | Train mNLL: -3.271020| Val njNLL: -3.593696 | Val mNLL: -2.949435| Time: 0.59s
2025-11-17 12:02:26,549 - INFO - Epoch 433/1000 | Train njNLL: -3.325020 | Train mNLL: -3.293951| Val njNLL: -3.516763 | Val mNLL: -2.870269| Time: 0.60s
2025-11-17 12:02:27,142 - INFO - Epoch 434/1000 | Train njNLL: -3.344906 | Train mNLL: -3.316039| Val njNLL: -3.579041 | Val mNLL: -2.939540| Time: 0.59s
2025-11-17 12:02:27,755 - INFO - Epoch 435/1000 | Train njNLL: -3.353261 | Train mNLL: -3.320893| Val njNLL: -3.635653 | Val mNLL: -2.981317| Time: 0.61s
2025-11-17 12:02:27,886 - INFO - New best model saved with val_loss: -3.635653
2025-11-17 12:02:28,493 - INFO - Epoch 436/1000 | Train njNLL: -3.388674 | Train mNLL: -3.356051| Val njNLL: -3.617211 | Val mNLL: -2.960838| Time: 0.61s
2025-11-17 12:02:29,092 - INFO - Epoch 437/1000 | Train njNLL: -3.325172 | Train mNLL: -3.297165| Val njNLL: -3.589582 | Val mNLL: -2.951791| Time: 0.60s
2025-11-17 12:02:29,695 - INFO - Epoch 438/1000 | Train njNLL: -3.347317 | Train mNLL: -3.319252| Val njNLL: -3.626965 | Val mNLL: -2.965280| Time: 0.60s
2025-11-17 12:02:30,252 - INFO - Epoch 439/1000 | Train njNLL: -3.333746 | Train mNLL: -3.303390| Val njNLL: -3.574346 | Val mNLL: -2.938984| Time: 0.56s
2025-11-17 12:02:30,851 - INFO - Epoch 440/1000 | Train njNLL: -3.368278 | Train mNLL: -3.338147| Val njNLL: -3.649197 | Val mNLL: -2.988474| Time: 0.60s
2025-11-17 12:02:31,154 - INFO - New best model saved with val_loss: -3.649197
2025-11-17 12:02:31,752 - INFO - Epoch 441/1000 | Train njNLL: -3.365939 | Train mNLL: -3.340291| Val njNLL: -3.633555 | Val mNLL: -2.968771| Time: 0.60s
2025-11-17 12:02:32,305 - INFO - Epoch 442/1000 | Train njNLL: -3.345245 | Train mNLL: -3.314018| Val njNLL: -3.564546 | Val mNLL: -2.918554| Time: 0.55s
2025-11-17 12:02:32,888 - INFO - Epoch 443/1000 | Train njNLL: -3.316234 | Train mNLL: -3.286171| Val njNLL: -3.614515 | Val mNLL: -2.970280| Time: 0.58s
2025-11-17 12:02:33,491 - INFO - Epoch 444/1000 | Train njNLL: -3.319148 | Train mNLL: -3.286844| Val njNLL: -3.640788 | Val mNLL: -2.985520| Time: 0.60s
2025-11-17 12:02:34,092 - INFO - Epoch 445/1000 | Train njNLL: -3.348080 | Train mNLL: -3.316961| Val njNLL: -3.628791 | Val mNLL: -2.975071| Time: 0.60s
2025-11-17 12:02:34,687 - INFO - Epoch 446/1000 | Train njNLL: -3.357571 | Train mNLL: -3.326452| Val njNLL: -3.526720 | Val mNLL: -2.901640| Time: 0.59s
2025-11-17 12:02:35,297 - INFO - Epoch 447/1000 | Train njNLL: -3.251786 | Train mNLL: -3.220591| Val njNLL: -3.237453 | Val mNLL: -2.650984| Time: 0.61s
2025-11-17 12:02:35,857 - INFO - Epoch 448/1000 | Train njNLL: -3.026726 | Train mNLL: -2.998604| Val njNLL: -3.195567 | Val mNLL: -2.600325| Time: 0.56s
2025-11-17 12:02:36,464 - INFO - Epoch 449/1000 | Train njNLL: -3.180191 | Train mNLL: -3.154341| Val njNLL: -3.559550 | Val mNLL: -2.924519| Time: 0.61s
2025-11-17 12:02:37,063 - INFO - Epoch 450/1000 | Train njNLL: -3.350535 | Train mNLL: -3.320423| Val njNLL: -3.590742 | Val mNLL: -2.952686| Time: 0.60s
2025-11-17 12:02:37,667 - INFO - Epoch 451/1000 | Train njNLL: -3.395268 | Train mNLL: -3.362691| Val njNLL: -3.622372 | Val mNLL: -2.977151| Time: 0.60s
2025-11-17 12:02:38,273 - INFO - Epoch 452/1000 | Train njNLL: -3.318756 | Train mNLL: -3.288634| Val njNLL: -3.603348 | Val mNLL: -2.939778| Time: 0.61s
2025-11-17 12:02:38,869 - INFO - Epoch 453/1000 | Train njNLL: -3.306474 | Train mNLL: -3.274314| Val njNLL: -3.487158 | Val mNLL: -2.845192| Time: 0.60s
2025-11-17 12:02:39,462 - INFO - Epoch 454/1000 | Train njNLL: -3.287434 | Train mNLL: -3.253051| Val njNLL: -3.600955 | Val mNLL: -2.957197| Time: 0.59s
2025-11-17 12:02:40,021 - INFO - Epoch 455/1000 | Train njNLL: -3.379563 | Train mNLL: -3.351223| Val njNLL: -3.537066 | Val mNLL: -2.905130| Time: 0.56s
2025-11-17 12:02:40,637 - INFO - Epoch 456/1000 | Train njNLL: -3.360539 | Train mNLL: -3.329335| Val njNLL: -3.579743 | Val mNLL: -2.921539| Time: 0.62s
2025-11-17 12:02:41,229 - INFO - Epoch 457/1000 | Train njNLL: -3.293344 | Train mNLL: -3.256517| Val njNLL: -3.446647 | Val mNLL: -2.811490| Time: 0.59s
2025-11-17 12:02:41,787 - INFO - Epoch 458/1000 | Train njNLL: -3.261263 | Train mNLL: -3.232917| Val njNLL: -3.505870 | Val mNLL: -2.845285| Time: 0.56s
2025-11-17 12:02:42,395 - INFO - Epoch 459/1000 | Train njNLL: -3.170058 | Train mNLL: -3.143085| Val njNLL: -3.488725 | Val mNLL: -2.850352| Time: 0.61s
2025-11-17 12:02:42,986 - INFO - Epoch 460/1000 | Train njNLL: -3.163198 | Train mNLL: -3.130760| Val njNLL: -3.400640 | Val mNLL: -2.802121| Time: 0.59s
2025-11-17 12:02:43,598 - INFO - Epoch 461/1000 | Train njNLL: -3.154165 | Train mNLL: -3.122732| Val njNLL: -3.470562 | Val mNLL: -2.845355| Time: 0.61s
2025-11-17 12:02:44,209 - INFO - Epoch 462/1000 | Train njNLL: -3.276905 | Train mNLL: -3.243657| Val njNLL: -3.629035 | Val mNLL: -2.983586| Time: 0.61s
2025-11-17 12:02:44,819 - INFO - Epoch 463/1000 | Train njNLL: -3.299911 | Train mNLL: -3.269324| Val njNLL: -3.661909 | Val mNLL: -3.009173| Time: 0.61s
2025-11-17 12:02:44,948 - INFO - New best model saved with val_loss: -3.661909
2025-11-17 12:02:45,572 - INFO - Epoch 464/1000 | Train njNLL: -3.282013 | Train mNLL: -3.249518| Val njNLL: -3.060555 | Val mNLL: -2.494187| Time: 0.62s
2025-11-17 12:02:46,179 - INFO - Epoch 465/1000 | Train njNLL: -3.103950 | Train mNLL: -3.070507| Val njNLL: -3.204070 | Val mNLL: -2.585294| Time: 0.61s
2025-11-17 12:02:46,775 - INFO - Epoch 466/1000 | Train njNLL: -3.042994 | Train mNLL: -3.007801| Val njNLL: -3.275868 | Val mNLL: -2.648994| Time: 0.60s
2025-11-17 12:02:47,374 - INFO - Epoch 467/1000 | Train njNLL: -3.056779 | Train mNLL: -3.015327| Val njNLL: -3.441070 | Val mNLL: -2.811657| Time: 0.60s
2025-11-17 12:02:47,985 - INFO - Epoch 468/1000 | Train njNLL: -3.179767 | Train mNLL: -3.144074| Val njNLL: -3.501311 | Val mNLL: -2.861228| Time: 0.61s
2025-11-17 12:02:48,599 - INFO - Epoch 469/1000 | Train njNLL: -3.301567 | Train mNLL: -3.273627| Val njNLL: -3.533338 | Val mNLL: -2.897541| Time: 0.61s
2025-11-17 12:02:49,220 - INFO - Epoch 470/1000 | Train njNLL: -3.343136 | Train mNLL: -3.308889| Val njNLL: -3.637855 | Val mNLL: -2.985142| Time: 0.62s
2025-11-17 12:02:49,849 - INFO - Epoch 471/1000 | Train njNLL: -3.302264 | Train mNLL: -3.273038| Val njNLL: -3.334659 | Val mNLL: -2.737342| Time: 0.63s
2025-11-17 12:02:50,463 - INFO - Epoch 472/1000 | Train njNLL: -3.219450 | Train mNLL: -3.191233| Val njNLL: -3.534204 | Val mNLL: -2.877624| Time: 0.61s
2025-11-17 12:02:51,068 - INFO - Epoch 473/1000 | Train njNLL: -3.343808 | Train mNLL: -3.314691| Val njNLL: -3.606070 | Val mNLL: -2.981908| Time: 0.60s
2025-11-17 12:02:51,670 - INFO - Epoch 474/1000 | Train njNLL: -3.359375 | Train mNLL: -3.331225| Val njNLL: -3.567440 | Val mNLL: -2.931347| Time: 0.60s
2025-11-17 12:02:52,297 - INFO - Epoch 475/1000 | Train njNLL: -3.287394 | Train mNLL: -3.262294| Val njNLL: -3.426783 | Val mNLL: -2.788530| Time: 0.63s
2025-11-17 12:02:52,913 - INFO - Epoch 476/1000 | Train njNLL: -3.254769 | Train mNLL: -3.227480| Val njNLL: -3.441152 | Val mNLL: -2.788384| Time: 0.62s
2025-11-17 12:02:53,516 - INFO - Epoch 477/1000 | Train njNLL: -3.178462 | Train mNLL: -3.152308| Val njNLL: -3.342738 | Val mNLL: -2.749839| Time: 0.60s
2025-11-17 12:02:54,130 - INFO - Epoch 478/1000 | Train njNLL: -3.232734 | Train mNLL: -3.202065| Val njNLL: -3.346619 | Val mNLL: -2.767319| Time: 0.61s
2025-11-17 12:02:54,757 - INFO - Epoch 479/1000 | Train njNLL: -3.250430 | Train mNLL: -3.219386| Val njNLL: -3.620634 | Val mNLL: -2.976102| Time: 0.63s
2025-11-17 12:02:55,367 - INFO - Epoch 480/1000 | Train njNLL: -3.229693 | Train mNLL: -3.201940| Val njNLL: -3.126395 | Val mNLL: -2.515940| Time: 0.61s
2025-11-17 12:02:55,978 - INFO - Epoch 481/1000 | Train njNLL: -3.195153 | Train mNLL: -3.165400| Val njNLL: -3.204367 | Val mNLL: -2.604532| Time: 0.61s
2025-11-17 12:02:56,581 - INFO - Epoch 482/1000 | Train njNLL: -3.185402 | Train mNLL: -3.153733| Val njNLL: -3.407637 | Val mNLL: -2.778073| Time: 0.60s
2025-11-17 12:02:57,145 - INFO - Epoch 483/1000 | Train njNLL: -3.177362 | Train mNLL: -3.140883| Val njNLL: -3.474936 | Val mNLL: -2.855504| Time: 0.56s
2025-11-17 12:02:57,756 - INFO - Epoch 484/1000 | Train njNLL: -3.251706 | Train mNLL: -3.219138| Val njNLL: -3.382467 | Val mNLL: -2.745712| Time: 0.61s
2025-11-17 12:02:58,361 - INFO - Epoch 485/1000 | Train njNLL: -3.168963 | Train mNLL: -3.136836| Val njNLL: -3.543025 | Val mNLL: -2.898477| Time: 0.61s
2025-11-17 12:02:58,966 - INFO - Epoch 486/1000 | Train njNLL: -3.248789 | Train mNLL: -3.215303| Val njNLL: -3.552302 | Val mNLL: -2.891486| Time: 0.60s
2025-11-17 12:02:59,583 - INFO - Epoch 487/1000 | Train njNLL: -3.303456 | Train mNLL: -3.273049| Val njNLL: -3.552070 | Val mNLL: -2.922737| Time: 0.62s
2025-11-17 12:03:00,232 - INFO - Epoch 488/1000 | Train njNLL: -3.171711 | Train mNLL: -3.136106| Val njNLL: -3.127367 | Val mNLL: -2.547518| Time: 0.65s
2025-11-17 12:03:00,838 - INFO - Epoch 489/1000 | Train njNLL: -3.076808 | Train mNLL: -3.043505| Val njNLL: -3.217690 | Val mNLL: -2.637482| Time: 0.61s
2025-11-17 12:03:01,435 - INFO - Epoch 490/1000 | Train njNLL: -3.168279 | Train mNLL: -3.134431| Val njNLL: -3.416876 | Val mNLL: -2.814581| Time: 0.60s
2025-11-17 12:03:02,041 - INFO - Epoch 491/1000 | Train njNLL: -3.179900 | Train mNLL: -3.147358| Val njNLL: -3.416052 | Val mNLL: -2.799712| Time: 0.61s
2025-11-17 12:03:02,647 - INFO - Epoch 492/1000 | Train njNLL: -3.294231 | Train mNLL: -3.264368| Val njNLL: -3.579592 | Val mNLL: -2.913215| Time: 0.60s
2025-11-17 12:03:03,246 - INFO - Epoch 493/1000 | Train njNLL: -3.319406 | Train mNLL: -3.287726| Val njNLL: -3.606623 | Val mNLL: -2.953743| Time: 0.60s
2025-11-17 12:03:03,246 - INFO - Early stopping after 30 epochs without improvement
2025-11-17 12:03:03,246 - INFO - Loading best model for final evaluation...
2025-11-17 12:03:03,565 - INFO - Final Results:
2025-11-17 12:03:03,565 - INFO - Best Val nJNLL: -3.661909
2025-11-17 12:03:03,565 - INFO - Test njNLL: -3.397460
2025-11-17 12:03:03,565 - INFO - Test mNLL: -3.547971
2025-11-17 12:03:03,566 - INFO - Test mse: 0.272650
2025-11-17 12:03:03,566 - INFO - Test robust mse: 0.280622
2025-11-17 12:03:03,566 - INFO - Test crps: 0.160685
2025-11-17 12:03:03,566 - INFO - Test energy score: 0.483947
2025-11-17 12:03:03,566 - INFO - Evaluation Time: 0.28s
