/home/yalavarthi/miniconda3/envs/linodenet/lib/python3.10/site-packages/tsdm/viz/_config.py:54: UserWarning: matplotlib: no LaTeX rendering
  warnings.warn("matplotlib: no LaTeX rendering")
/home/yalavarthi/miniconda3/envs/linodenet/lib/python3.10/site-packages/tsdm/datasets/base.py:285: UserWarning: File 'USHCN_DeBrouwer2019.parquet' failed to validate!File hash '9d6011771a0001d53a8a083b5df7a005ff7808a2c2d1c6396c3fcbf43aa46994' does not match reference 'bbd12ab38b4b7f9c69a07409c26967fe16af3b608daae9816312859199b5ce86'.ğ—œğ—´ğ—»ğ—¼ğ—¿ğ—² ğ˜ğ—µğ—¶ğ˜€ ğ˜„ğ—®ğ—¿ğ—»ğ—¶ğ—»ğ—´ ğ—¶ğ—³ ğ˜ğ—µğ—² ğ—³ğ—¶ğ—¹ğ—² ğ—³ğ—¼ğ—¿ğ—ºğ—®ğ˜ ğ—¶ğ˜€ ğ—½ğ—®ğ—¿ğ—¾ğ˜‚ğ—²ğ˜.
  warnings.warn(
/home/yalavarthi/miniconda3/envs/linodenet/lib/python3.10/site-packages/tsdm/datasets/base.py:285: UserWarning: File 'USHCN_DeBrouwer2019.parquet' failed to validate!File hash '9d6011771a0001d53a8a083b5df7a005ff7808a2c2d1c6396c3fcbf43aa46994' does not match reference 'bbd12ab38b4b7f9c69a07409c26967fe16af3b608daae9816312859199b5ce86'.ğ—œğ—´ğ—»ğ—¼ğ—¿ğ—² ğ˜ğ—µğ—¶ğ˜€ ğ˜„ğ—®ğ—¿ğ—»ğ—¶ğ—»ğ—´ ğ—¶ğ—³ ğ˜ğ—µğ—² ğ—³ğ—¶ğ—¹ğ—² ğ—³ğ—¼ğ—¿ğ—ºğ—®ğ˜ ğ—¶ğ˜€ ğ—½ğ—®ğ—¿ğ—¾ğ˜‚ğ—²ğ˜.
  warnings.warn(
Fatal error condition occurred in /opt/vcpkg/buildtrees/aws-c-io/src/9e6648842a-364b708815.clean/source/event_loop.c:72: aws_thread_launch(&cleanup_thread, s_event_loop_destroy_async_thread_fn, el_group, &thread_options) == AWS_OP_SUCCESS
Exiting Application
################################################################################
Stack trace:
################################################################################
/home/yalavarthi/miniconda3/envs/linodenet/lib/python3.10/site-packages/pyarrow/libarrow.so.900(+0x200af06) [0x7f5a54decf06]
/home/yalavarthi/miniconda3/envs/linodenet/lib/python3.10/site-packages/pyarrow/libarrow.so.900(+0x20028e5) [0x7f5a54de48e5]
/home/yalavarthi/miniconda3/envs/linodenet/lib/python3.10/site-packages/pyarrow/libarrow.so.900(+0x1f27e09) [0x7f5a54d09e09]
/home/yalavarthi/miniconda3/envs/linodenet/lib/python3.10/site-packages/pyarrow/libarrow.so.900(+0x200ba3d) [0x7f5a54deda3d]
/home/yalavarthi/miniconda3/envs/linodenet/lib/python3.10/site-packages/pyarrow/libarrow.so.900(+0x1f25948) [0x7f5a54d07948]
/home/yalavarthi/miniconda3/envs/linodenet/lib/python3.10/site-packages/pyarrow/libarrow.so.900(+0x200ba3d) [0x7f5a54deda3d]
/home/yalavarthi/miniconda3/envs/linodenet/lib/python3.10/site-packages/pyarrow/libarrow.so.900(+0x1ee0b46) [0x7f5a54cc2b46]
/home/yalavarthi/miniconda3/envs/linodenet/lib/python3.10/site-packages/pyarrow/libarrow.so.900(+0x194546a) [0x7f5a5472746a]
/lib/x86_64-linux-gnu/libc.so.6(+0x468d7) [0x7f5b30dce8d7]
/lib/x86_64-linux-gnu/libc.so.6(on_exit+0) [0x7f5b30dcea90]
/home/yalavarthi/miniconda3/envs/linodenet/bin/python(+0x28db18) [0x55bfdab66b18]
/home/yalavarthi/miniconda3/envs/linodenet/bin/python(+0x28db4b) [0x55bfdab66b4b]
/home/yalavarthi/miniconda3/envs/linodenet/bin/python(+0x28db90) [0x55bfdab66b90]
/home/yalavarthi/miniconda3/envs/linodenet/bin/python(_PyRun_SimpleFileObject+0x1e6) [0x55bfdab6a3e6]
/home/yalavarthi/miniconda3/envs/linodenet/bin/python(_PyRun_AnyFileObject+0x44) [0x55bfdab6a4c4]
/home/yalavarthi/miniconda3/envs/linodenet/bin/python(Py_RunMain+0x35d) [0x55bfdab6b5bd]
/home/yalavarthi/miniconda3/envs/linodenet/bin/python(Py_BytesMain+0x39) [0x55bfdab6b7d9]
/lib/x86_64-linux-gnu/libc.so.6(__libc_start_main+0xf3) [0x7f5b30dac0b3]
/home/yalavarthi/miniconda3/envs/linodenet/bin/python(+0x2125d4) [0x55bfdaaeb5d4]
srun: error: gpu-103: task 0: Aborted
